2025-11-12T14:46:51.9532050Z Current runner version: '2.329.0'
2025-11-12T14:46:51.9801073Z ##[group]Runner Image Provisioner
2025-11-12T14:46:51.9801867Z Hosted Compute Agent
2025-11-12T14:46:51.9802419Z Version: 20251016.436
2025-11-12T14:46:51.9803000Z Commit: 8ab8ac8bfd662a3739dab9fe09456aba92132568
2025-11-12T14:46:51.9803652Z Build Date: 2025-10-15T20:44:12Z
2025-11-12T14:46:51.9804225Z ##[endgroup]
2025-11-12T14:46:51.9804707Z ##[group]Operating System
2025-11-12T14:46:51.9805353Z Microsoft Windows Server 2025
2025-11-12T14:46:51.9805903Z 10.0.26100
2025-11-12T14:46:51.9806300Z Datacenter
2025-11-12T14:46:51.9806735Z ##[endgroup]
2025-11-12T14:46:51.9807546Z ##[group]Runner Image
2025-11-12T14:46:51.9808060Z Image: windows-2025
2025-11-12T14:46:51.9808522Z Version: 20251102.77.1
2025-11-12T14:46:51.9809531Z Included Software: https://github.com/actions/runner-images/blob/win25/20251102.77/images/windows/Windows2025-Readme.md
2025-11-12T14:46:51.9811179Z Image Release: https://github.com/actions/runner-images/releases/tag/win25%2F20251102.77
2025-11-12T14:46:51.9812125Z ##[endgroup]
2025-11-12T14:46:51.9813160Z ##[group]GITHUB_TOKEN Permissions
2025-11-12T14:46:51.9815298Z Contents: read
2025-11-12T14:46:51.9815810Z Metadata: read
2025-11-12T14:46:51.9816233Z Packages: read
2025-11-12T14:46:51.9816679Z ##[endgroup]
2025-11-12T14:46:51.9819656Z Secret source: Actions
2025-11-12T14:46:51.9820424Z Prepare workflow directory
2025-11-12T14:46:52.0703094Z Prepare all required actions
2025-11-12T14:46:52.0746000Z Getting action download info
2025-11-12T14:46:52.4372024Z Download action repository 'actions/checkout@v4' (SHA:08eba0b27e820071cde6df949e0beb9ba4906955)
2025-11-12T14:46:52.6064527Z Download action repository 'maxim-lobanov/setup-xcode@v1' (SHA:60606e260d2fc5762a71e64e74b2174e8ea3c8bd)
2025-11-12T14:46:52.9280726Z Download action repository 'microsoft/setup-msbuild@v2' (SHA:6fb02220983dee41ce7ae257b6f4d8f9bf5ed4ce)
2025-11-12T14:46:53.1655856Z Download action repository 'ilammy/msvc-dev-cmd@v1' (SHA:0b201ec74fa43914dc39ae48a89fd1d8cb592756)
2025-11-12T14:46:53.4645007Z Download action repository 'actions/upload-artifact@v4' (SHA:ea165f8d65b6e75b540449e92b4886f43607fa02)
2025-11-12T14:46:53.9419609Z Complete job name: Build win
2025-11-12T14:46:54.0989447Z ##[group]Run actions/checkout@v4
2025-11-12T14:46:54.0990783Z with:
2025-11-12T14:46:54.0991439Z   fetch-depth: 0
2025-11-12T14:46:54.0992189Z   repository: rebuildup/Ae_sep_color
2025-11-12T14:46:54.0993392Z   token: ***
2025-11-12T14:46:54.0994069Z   ssh-strict: true
2025-11-12T14:46:54.0994756Z   ssh-user: git
2025-11-12T14:46:54.0995469Z   persist-credentials: true
2025-11-12T14:46:54.0996263Z   clean: true
2025-11-12T14:46:54.0997376Z   sparse-checkout-cone-mode: true
2025-11-12T14:46:54.0998251Z   fetch-tags: false
2025-11-12T14:46:54.0998958Z   show-progress: true
2025-11-12T14:46:54.0999677Z   lfs: false
2025-11-12T14:46:54.1000351Z   submodules: false
2025-11-12T14:46:54.1001073Z   set-safe-directory: true
2025-11-12T14:46:54.1002165Z ##[endgroup]
2025-11-12T14:46:54.2767710Z Syncing repository: rebuildup/Ae_sep_color
2025-11-12T14:46:54.2770172Z ##[group]Getting Git version info
2025-11-12T14:46:54.2771341Z Working directory is 'D:\a\Ae_sep_color\Ae_sep_color'
2025-11-12T14:46:54.3827922Z [command]"C:\Program Files\Git\bin\git.exe" version
2025-11-12T14:46:54.7567381Z git version 2.51.2.windows.1
2025-11-12T14:46:54.7627671Z ##[endgroup]
2025-11-12T14:46:54.7648397Z Temporarily overriding HOME='D:\a\_temp\7f1b1af1-c664-4201-9086-03a93277e5e7' before making global git config changes
2025-11-12T14:46:54.7649435Z Adding repository directory to the temporary git global config as a safe directory
2025-11-12T14:46:54.7659796Z [command]"C:\Program Files\Git\bin\git.exe" config --global --add safe.directory D:\a\Ae_sep_color\Ae_sep_color
2025-11-12T14:46:54.8208174Z Deleting the contents of 'D:\a\Ae_sep_color\Ae_sep_color'
2025-11-12T14:46:54.8215034Z ##[group]Initializing the repository
2025-11-12T14:46:54.8225429Z [command]"C:\Program Files\Git\bin\git.exe" init D:\a\Ae_sep_color\Ae_sep_color
2025-11-12T14:46:54.9026036Z Initialized empty Git repository in D:/a/Ae_sep_color/Ae_sep_color/.git/
2025-11-12T14:46:54.9233814Z [command]"C:\Program Files\Git\bin\git.exe" remote add origin https://github.com/rebuildup/Ae_sep_color
2025-11-12T14:46:54.9895343Z ##[endgroup]
2025-11-12T14:46:54.9906166Z ##[group]Disabling automatic garbage collection
2025-11-12T14:46:54.9906830Z [command]"C:\Program Files\Git\bin\git.exe" config --local gc.auto 0
2025-11-12T14:46:55.0229811Z ##[endgroup]
2025-11-12T14:46:55.0231232Z ##[group]Setting up auth
2025-11-12T14:46:55.0245965Z [command]"C:\Program Files\Git\bin\git.exe" config --local --name-only --get-regexp core\.sshCommand
2025-11-12T14:46:55.0559810Z [command]"C:\Program Files\Git\bin\git.exe" submodule foreach --recursive "sh -c \"git config --local --name-only --get-regexp 'core\.sshCommand' && git config --local --unset-all 'core.sshCommand' || :\""
2025-11-12T14:46:56.5868723Z [command]"C:\Program Files\Git\bin\git.exe" config --local --name-only --get-regexp http\.https\:\/\/github\.com\/\.extraheader
2025-11-12T14:46:56.6202732Z [command]"C:\Program Files\Git\bin\git.exe" submodule foreach --recursive "sh -c \"git config --local --name-only --get-regexp 'http\.https\:\/\/github\.com\/\.extraheader' && git config --local --unset-all 'http.https://github.com/.extraheader' || :\""
2025-11-12T14:46:57.1641706Z [command]"C:\Program Files\Git\bin\git.exe" config --local http.https://github.com/.extraheader "AUTHORIZATION: basic ***"
2025-11-12T14:46:57.1973718Z ##[endgroup]
2025-11-12T14:46:57.1974553Z ##[group]Fetching the repository
2025-11-12T14:46:57.1988863Z [command]"C:\Program Files\Git\bin\git.exe" -c protocol.version=2 fetch --prune --no-recurse-submodules origin +refs/heads/*:refs/remotes/origin/* +refs/tags/*:refs/tags/*
2025-11-12T14:46:58.3497487Z From https://github.com/rebuildup/Ae_sep_color
2025-11-12T14:46:58.3498110Z  * [new branch]      main       -> origin/main
2025-11-12T14:46:58.3845816Z [command]"C:\Program Files\Git\bin\git.exe" branch --list --remote origin/main
2025-11-12T14:46:58.4172040Z   origin/main
2025-11-12T14:46:58.4222665Z [command]"C:\Program Files\Git\bin\git.exe" rev-parse refs/remotes/origin/main
2025-11-12T14:46:58.4564390Z 82714b779b2950ea3d2ce56d80d346efcf845693
2025-11-12T14:46:58.4605405Z ##[endgroup]
2025-11-12T14:46:58.4605750Z ##[group]Determining the checkout info
2025-11-12T14:46:58.4607200Z ##[endgroup]
2025-11-12T14:46:58.4618528Z [command]"C:\Program Files\Git\bin\git.exe" sparse-checkout disable
2025-11-12T14:46:58.5000013Z [command]"C:\Program Files\Git\bin\git.exe" config --local --unset-all extensions.worktreeConfig
2025-11-12T14:46:58.5300705Z ##[group]Checking out the ref
2025-11-12T14:46:58.5311574Z [command]"C:\Program Files\Git\bin\git.exe" checkout --progress --force -B main refs/remotes/origin/main
2025-11-12T14:46:58.6732183Z branch 'main' set up to track 'origin/main'.
2025-11-12T14:46:58.6744625Z Switched to a new branch 'main'
2025-11-12T14:46:58.6795855Z ##[endgroup]
2025-11-12T14:46:58.7250478Z [command]"C:\Program Files\Git\bin\git.exe" log -1 --format=%H
2025-11-12T14:46:58.7563365Z 82714b779b2950ea3d2ce56d80d346efcf845693
2025-11-12T14:46:58.7978782Z ##[group]Run Write-Host "Downloading Halide for Windows..."
2025-11-12T14:46:58.7979697Z [36;1mWrite-Host "Downloading Halide for Windows..."[0m
2025-11-12T14:46:58.7979999Z [36;1m[0m
2025-11-12T14:46:58.7980214Z [36;1m# GitHub APIを使用してHalideのリリース情報を取得[0m
2025-11-12T14:46:58.7980462Z [36;1m$halideVersion = "v21.0.0"[0m
2025-11-12T14:46:58.7980894Z [36;1m$releaseUrl = "https://api.github.com/repos/halide/Halide/releases/tags/$halideVersion"[0m
2025-11-12T14:46:58.7981314Z [36;1m[0m
2025-11-12T14:46:58.7981557Z [36;1mWrite-Host "Fetching release information from: $releaseUrl"[0m
2025-11-12T14:46:58.7981846Z [36;1mtry {[0m
2025-11-12T14:46:58.7982128Z [36;1m  $releaseInfo = Invoke-RestMethod -Uri $releaseUrl -UseBasicParsing[0m
2025-11-12T14:46:58.7983268Z [36;1m} catch {[0m
2025-11-12T14:46:58.7983498Z [36;1m  Write-Host "Failed to fetch release info: $_"[0m
2025-11-12T14:46:58.7983787Z [36;1m  Write-Host "Trying latest release instead..."[0m
2025-11-12T14:46:58.7984224Z [36;1m  $releaseUrl = "https://api.github.com/repos/halide/Halide/releases/latest"[0m
2025-11-12T14:46:58.7984676Z [36;1m  $releaseInfo = Invoke-RestMethod -Uri $releaseUrl -UseBasicParsing[0m
2025-11-12T14:46:58.7985065Z [36;1m  Write-Host "Using release: $($releaseInfo.tag_name)"[0m
2025-11-12T14:46:58.7985331Z [36;1m}[0m
2025-11-12T14:46:58.7985462Z [36;1m[0m
2025-11-12T14:46:58.7985618Z [36;1mWrite-Host "Available assets:"[0m
2025-11-12T14:46:58.7985948Z [36;1m$releaseInfo.assets | ForEach-Object { Write-Host "  - $($_.name)" }[0m
2025-11-12T14:46:58.7986261Z [36;1m[0m
2025-11-12T14:46:58.7986518Z [36;1m# Windows用のアセットを検索（zipファイルで、windowsまたはwinまたはx64を含む）[0m
2025-11-12T14:46:58.7986854Z [36;1m$windowsAsset = $releaseInfo.assets | Where-Object {[0m
2025-11-12T14:46:58.7987378Z [36;1m  $_.name -match '\.zip$' -and ($_.name -match 'windows' -or $_.name -match 'win' -or $_.name -match 'x64' -or $_.name -match 'Windows')[0m
2025-11-12T14:46:58.7987836Z [36;1m} | Select-Object -First 1[0m
2025-11-12T14:46:58.7988034Z [36;1m[0m
2025-11-12T14:46:58.7988185Z [36;1mif (-not $windowsAsset) {[0m
2025-11-12T14:46:58.7988534Z [36;1m  Write-Host "::error::Windows asset not found in release $($releaseInfo.tag_name)"[0m
2025-11-12T14:46:58.7988890Z [36;1m  Write-Host "Available assets:"[0m
2025-11-12T14:46:58.7989221Z [36;1m  $releaseInfo.assets | ForEach-Object { Write-Host "  - $($_.name)" }[0m
2025-11-12T14:46:58.7989538Z [36;1m  exit 1[0m
2025-11-12T14:46:58.7989740Z [36;1m}[0m
2025-11-12T14:46:58.7989901Z [36;1m[0m
2025-11-12T14:46:58.7990101Z [36;1mWrite-Host "Found asset: $($windowsAsset.name)"[0m
2025-11-12T14:46:58.7990453Z [36;1mWrite-Host "Download URL: $($windowsAsset.browser_download_url)"[0m
2025-11-12T14:46:58.8046164Z [36;1m[0m
2025-11-12T14:46:58.8046405Z [36;1m$halideZip = "$env:TEMP\Halide-windows.zip"[0m
2025-11-12T14:46:58.8046957Z [36;1mInvoke-WebRequest -Uri $windowsAsset.browser_download_url -OutFile $halideZip -UseBasicParsing[0m
2025-11-12T14:46:58.8047613Z [36;1mWrite-Host "Download completed ($(Get-Item $halideZip | Select-Object -ExpandProperty Length) bytes)"[0m
2025-11-12T14:46:58.8048030Z [36;1m[0m
2025-11-12T14:46:58.8048202Z [36;1mWrite-Host "Extracting Halide..."[0m
2025-11-12T14:46:58.8048480Z [36;1m$halideExtractDir = "$env:TEMP\Halide-windows"[0m
2025-11-12T14:46:58.8048883Z [36;1mExpand-Archive -Path $halideZip -DestinationPath $halideExtractDir -Force[0m
2025-11-12T14:46:58.8049229Z [36;1m[0m
2025-11-12T14:46:58.8049420Z [36;1mWrite-Host "Extracted directory structure:"[0m
2025-11-12T14:46:58.8049998Z [36;1mGet-ChildItem -Path $halideExtractDir -Recurse -Directory | Select-Object -First 10 | ForEach-Object { Write-Host "  $($_.FullName)" }[0m
2025-11-12T14:46:58.8050875Z [36;1m[0m
2025-11-12T14:46:58.8051059Z [36;1m# Halideのディレクトリ構造を確認して、適切な場所にコピー[0m
2025-11-12T14:46:58.8054150Z [36;1m$halideRoot = Get-ChildItem -Path $halideExtractDir -Directory | Select-Object -First 1[0m
2025-11-12T14:46:58.8054668Z [36;1mif (-not $halideRoot) {[0m
2025-11-12T14:46:58.8054911Z [36;1m  # ディレクトリがない場合、直接ファイルが展開されている可能性がある[0m
2025-11-12T14:46:58.8055255Z [36;1m  Write-Host "No subdirectory found, using extract directory as root"[0m
2025-11-12T14:46:58.8055730Z [36;1m  $halideRoot = New-Object PSObject -Property @{ FullName = $halideExtractDir }[0m
2025-11-12T14:46:58.8056083Z [36;1m} else {[0m
2025-11-12T14:46:58.8056352Z [36;1m  Write-Host "Found Halide root directory: $($halideRoot.FullName)"[0m
2025-11-12T14:46:58.8056657Z [36;1m}[0m
2025-11-12T14:46:58.8056806Z [36;1m[0m
2025-11-12T14:46:58.8056946Z [36;1m# 複数のパスを試す[0m
2025-11-12T14:46:58.8057123Z [36;1m$possibleLibPaths = @([0m
2025-11-12T14:46:58.8057365Z [36;1m  (Join-Path $halideRoot.FullName "lib"),[0m
2025-11-12T14:46:58.8057851Z [36;1m  (Join-Path $halideRoot.FullName "lib\x64"),[0m
2025-11-12T14:46:58.8058147Z [36;1m  (Join-Path $halideRoot.FullName "lib\Release"),[0m
2025-11-12T14:46:58.8058445Z [36;1m  (Join-Path $halideExtractDir "lib"),[0m
2025-11-12T14:46:58.8058703Z [36;1m  (Join-Path $halideExtractDir "lib\x64")[0m
2025-11-12T14:46:58.8058930Z [36;1m)[0m
2025-11-12T14:46:58.8059072Z [36;1m[0m
2025-11-12T14:46:58.8059220Z [36;1m$possibleBinPaths = @([0m
2025-11-12T14:46:58.8059458Z [36;1m  (Join-Path $halideRoot.FullName "bin"),[0m
2025-11-12T14:46:58.8059742Z [36;1m  (Join-Path $halideRoot.FullName "bin\x64"),[0m
2025-11-12T14:46:58.8060028Z [36;1m  (Join-Path $halideRoot.FullName "bin\Release"),[0m
2025-11-12T14:46:58.8060307Z [36;1m  (Join-Path $halideExtractDir "bin"),[0m
2025-11-12T14:46:58.8060564Z [36;1m  (Join-Path $halideExtractDir "bin\x64")[0m
2025-11-12T14:46:58.8060785Z [36;1m)[0m
2025-11-12T14:46:58.8060917Z [36;1m[0m
2025-11-12T14:46:58.8061072Z [36;1m$possibleIncludePaths = @([0m
2025-11-12T14:46:58.8061336Z [36;1m  (Join-Path $halideRoot.FullName "include"),[0m
2025-11-12T14:46:58.8061625Z [36;1m  (Join-Path $halideExtractDir "include")[0m
2025-11-12T14:46:58.8061847Z [36;1m)[0m
2025-11-12T14:46:58.8061977Z [36;1m[0m
2025-11-12T14:46:58.8062123Z [36;1m# libディレクトリを探す[0m
2025-11-12T14:46:58.8062310Z [36;1m$halideLibDir = $null[0m
2025-11-12T14:46:58.8062545Z [36;1mforeach ($path in $possibleLibPaths) {[0m
2025-11-12T14:46:58.8062788Z [36;1m  if (Test-Path $path) {[0m
2025-11-12T14:46:58.8063005Z [36;1m    $halideLibDir = $path[0m
2025-11-12T14:46:58.8063260Z [36;1m    Write-Host "Found lib directory: $halideLibDir"[0m
2025-11-12T14:46:58.8063521Z [36;1m    break[0m
2025-11-12T14:46:58.8063675Z [36;1m  }[0m
2025-11-12T14:46:58.8063812Z [36;1m}[0m
2025-11-12T14:46:58.8063952Z [36;1m[0m
2025-11-12T14:46:58.8064096Z [36;1m# binディレクトリを探す[0m
2025-11-12T14:46:58.8064280Z [36;1m$halideBinDir = $null[0m
2025-11-12T14:46:58.8064513Z [36;1mforeach ($path in $possibleBinPaths) {[0m
2025-11-12T14:46:58.8064756Z [36;1m  if (Test-Path $path) {[0m
2025-11-12T14:46:58.8064976Z [36;1m    $halideBinDir = $path[0m
2025-11-12T14:46:58.8065235Z [36;1m    Write-Host "Found bin directory: $halideBinDir"[0m
2025-11-12T14:46:58.8065512Z [36;1m    break[0m
2025-11-12T14:46:58.8065661Z [36;1m  }[0m
2025-11-12T14:46:58.8065802Z [36;1m}[0m
2025-11-12T14:46:58.8065937Z [36;1m[0m
2025-11-12T14:46:58.8066085Z [36;1m# includeディレクトリを探す[0m
2025-11-12T14:46:58.8066285Z [36;1m$halideIncludeDir = $null[0m
2025-11-12T14:46:58.8066533Z [36;1mforeach ($path in $possibleIncludePaths) {[0m
2025-11-12T14:46:58.8066791Z [36;1m  if (Test-Path $path) {[0m
2025-11-12T14:46:58.8067004Z [36;1m    $halideIncludeDir = $path[0m
2025-11-12T14:46:58.8067295Z [36;1m    Write-Host "Found include directory: $halideIncludeDir"[0m
2025-11-12T14:46:58.8067579Z [36;1m    break[0m
2025-11-12T14:46:58.8067732Z [36;1m  }[0m
2025-11-12T14:46:58.8067872Z [36;1m}[0m
2025-11-12T14:46:58.8068006Z [36;1m[0m
2025-11-12T14:46:58.8068141Z [36;1m# 必要なディレクトリを作成[0m
2025-11-12T14:46:58.8068806Z [36;1m$targetLibDir = "third_party\halide\win\lib"[0m
2025-11-12T14:46:58.8069124Z [36;1m$targetBinDir = "third_party\halide\win\bin"[0m
2025-11-12T14:46:58.8069425Z [36;1m$targetIncludeDir = "third_party\halide\include"[0m
2025-11-12T14:46:58.8069680Z [36;1m[0m
2025-11-12T14:46:58.8069939Z [36;1mNew-Item -ItemType Directory -Path $targetLibDir -Force | Out-Null[0m
2025-11-12T14:46:58.8070755Z [36;1mNew-Item -ItemType Directory -Path $targetBinDir -Force | Out-Null[0m
2025-11-12T14:46:58.8071087Z [36;1m[0m
2025-11-12T14:46:58.8071227Z [36;1m# ファイルをコピー[0m
2025-11-12T14:46:58.8071464Z [36;1mif ($halideLibDir -and (Test-Path $halideLibDir)) {[0m
2025-11-12T14:46:58.8071867Z [36;1m  $libFiles = Get-ChildItem -Path $halideLibDir -Filter "Halide.lib" -Recurse[0m
2025-11-12T14:46:58.8072362Z [36;1m  if ($libFiles) {[0m
2025-11-12T14:46:58.8072681Z [36;1m    Copy-Item -Path $libFiles[0].FullName -Destination $targetLibDir -Force[0m
2025-11-12T14:46:58.8073120Z [36;1m    Write-Host "✓ Halide.lib copied from $($libFiles[0].FullName)"[0m
2025-11-12T14:46:58.8073428Z [36;1m  } else {[0m
2025-11-12T14:46:58.8073680Z [36;1m    Write-Host "::error::Halide.lib not found in $halideLibDir"[0m
2025-11-12T14:46:58.8073991Z [36;1m    Write-Host "Files in lib directory:"[0m
2025-11-12T14:46:58.8074489Z [36;1m    Get-ChildItem -Path $halideLibDir -Recurse | Select-Object -First 10 | ForEach-Object { Write-Host "  $($_.FullName)" }[0m
2025-11-12T14:46:58.8074955Z [36;1m    exit 1[0m
2025-11-12T14:46:58.8075107Z [36;1m  }[0m
2025-11-12T14:46:58.8075259Z [36;1m} else {[0m
2025-11-12T14:46:58.8075474Z [36;1m  Write-Host "::error::Halide lib directory not found"[0m
2025-11-12T14:46:58.8075763Z [36;1m  Write-Host "Searched paths:"[0m
2025-11-12T14:46:58.8076069Z [36;1m  $possibleLibPaths | ForEach-Object { Write-Host "  $_" }[0m
2025-11-12T14:46:58.8076359Z [36;1m  exit 1[0m
2025-11-12T14:46:58.8076519Z [36;1m}[0m
2025-11-12T14:46:58.8076650Z [36;1m[0m
2025-11-12T14:46:58.8076864Z [36;1mif ($halideBinDir -and (Test-Path $halideBinDir)) {[0m
2025-11-12T14:46:58.8077262Z [36;1m  $dllFiles = Get-ChildItem -Path $halideBinDir -Filter "Halide.dll" -Recurse[0m
2025-11-12T14:46:58.8077612Z [36;1m  if ($dllFiles) {[0m
2025-11-12T14:46:58.8077921Z [36;1m    Copy-Item -Path $dllFiles[0].FullName -Destination $targetBinDir -Force[0m
2025-11-12T14:46:58.8078339Z [36;1m    Write-Host "✓ Halide.dll copied from $($dllFiles[0].FullName)"[0m
2025-11-12T14:46:58.8078632Z [36;1m  } else {[0m
2025-11-12T14:46:58.8078873Z [36;1m    Write-Host "::error::Halide.dll not found in $halideBinDir"[0m
2025-11-12T14:46:58.8079177Z [36;1m    Write-Host "Files in bin directory:"[0m
2025-11-12T14:46:58.8079672Z [36;1m    Get-ChildItem -Path $halideBinDir -Recurse | Select-Object -First 10 | ForEach-Object { Write-Host "  $($_.FullName)" }[0m
2025-11-12T14:46:58.8080140Z [36;1m    exit 1[0m
2025-11-12T14:46:58.8080289Z [36;1m  }[0m
2025-11-12T14:46:58.8080433Z [36;1m} else {[0m
2025-11-12T14:46:58.8080647Z [36;1m  Write-Host "::error::Halide bin directory not found"[0m
2025-11-12T14:46:58.8080930Z [36;1m  Write-Host "Searched paths:"[0m
2025-11-12T14:46:58.8081230Z [36;1m  $possibleBinPaths | ForEach-Object { Write-Host "  $_" }[0m
2025-11-12T14:46:58.8081506Z [36;1m  exit 1[0m
2025-11-12T14:46:58.8081652Z [36;1m}[0m
2025-11-12T14:46:58.8081786Z [36;1m[0m
2025-11-12T14:46:58.8081951Z [36;1m# ヘッダーファイルは既にリポジトリに含まれている可能性があるため、存在する場合のみコピー[0m
2025-11-12T14:46:58.8082273Z [36;1mif ($halideIncludeDir -and (Test-Path $halideIncludeDir)) {[0m
2025-11-12T14:46:58.8082604Z [36;1m  if (-not (Test-Path $targetIncludeDir)) {[0m
2025-11-12T14:46:58.8082974Z [36;1m    New-Item -ItemType Directory -Path $targetIncludeDir -Force | Out-Null[0m
2025-11-12T14:46:58.8083308Z [36;1m  }[0m
2025-11-12T14:46:58.8083613Z [36;1m  Copy-Item -Path "$halideIncludeDir\*" -Destination $targetIncludeDir -Recurse -Force[0m
2025-11-12T14:46:58.8084110Z [36;1m  Write-Host "✓ Halide headers copied"[0m
2025-11-12T14:46:58.8084343Z [36;1m} else {[0m
2025-11-12T14:46:58.8084665Z [36;1m  Write-Host "⚠ Halide include directory not found, using existing headers from repository"[0m
2025-11-12T14:46:58.8085035Z [36;1m}[0m
2025-11-12T14:46:58.8085171Z [36;1m[0m
2025-11-12T14:46:58.8085350Z [36;1mWrite-Host "Halide installation completed"[0m
2025-11-12T14:46:58.8741610Z shell: C:\Program Files\PowerShell\7\pwsh.EXE -command ". '{0}'"
2025-11-12T14:46:58.8742052Z ##[endgroup]
2025-11-12T14:47:04.4876930Z Downloading Halide for Windows...
2025-11-12T14:47:04.4896341Z Fetching release information from: https://api.github.com/repos/halide/Halide/releases/tags/v21.0.0
2025-11-12T14:47:05.2269297Z Available assets:
2025-11-12T14:47:05.2507214Z   - Halide-21.0.0-arm-32-linux-b629c80de18f1534ec71fddd8b567aa7027a0876.tar.gz
2025-11-12T14:47:05.2513739Z   - Halide-21.0.0-arm-64-linux-b629c80de18f1534ec71fddd8b567aa7027a0876.tar.gz
2025-11-12T14:47:05.2520977Z   - Halide-21.0.0-arm-64-osx-b629c80de18f1534ec71fddd8b567aa7027a0876.tar.gz
2025-11-12T14:47:05.2527066Z   - Halide-21.0.0-x86-32-linux-b629c80de18f1534ec71fddd8b567aa7027a0876.tar.gz
2025-11-12T14:47:05.2533448Z   - Halide-21.0.0-x86-32-windows-b629c80de18f1534ec71fddd8b567aa7027a0876.zip
2025-11-12T14:47:05.2540124Z   - Halide-21.0.0-x86-64-linux-b629c80de18f1534ec71fddd8b567aa7027a0876.tar.gz
2025-11-12T14:47:05.2547075Z   - Halide-21.0.0-x86-64-osx-b629c80de18f1534ec71fddd8b567aa7027a0876.tar.gz
2025-11-12T14:47:05.2553239Z   - Halide-21.0.0-x86-64-windows-b629c80de18f1534ec71fddd8b567aa7027a0876.zip
2025-11-12T14:47:05.2893207Z Found asset: Halide-21.0.0-x86-32-windows-b629c80de18f1534ec71fddd8b567aa7027a0876.zip
2025-11-12T14:47:05.2906324Z Download URL: https://github.com/halide/Halide/releases/download/v21.0.0/Halide-21.0.0-x86-32-windows-b629c80de18f1534ec71fddd8b567aa7027a0876.zip
2025-11-12T14:47:05.9719585Z Download completed (65341217 bytes)
2025-11-12T14:47:05.9725070Z Extracting Halide...
2025-11-12T14:47:23.1973597Z Extracted directory structure:
2025-11-12T14:47:23.2107372Z   C:\Users\runneradmin\AppData\Local\Temp\Halide-windows\Halide-21.0.0-x86-32-windows
2025-11-12T14:47:23.2117832Z   C:\Users\runneradmin\AppData\Local\Temp\Halide-windows\Halide-21.0.0-x86-32-windows\bin
2025-11-12T14:47:23.2123346Z   C:\Users\runneradmin\AppData\Local\Temp\Halide-windows\Halide-21.0.0-x86-32-windows\include
2025-11-12T14:47:23.2129594Z   C:\Users\runneradmin\AppData\Local\Temp\Halide-windows\Halide-21.0.0-x86-32-windows\lib
2025-11-12T14:47:23.2135692Z   C:\Users\runneradmin\AppData\Local\Temp\Halide-windows\Halide-21.0.0-x86-32-windows\share
2025-11-12T14:47:23.2143237Z   C:\Users\runneradmin\AppData\Local\Temp\Halide-windows\Halide-21.0.0-x86-32-windows\bin\Release
2025-11-12T14:47:23.2156034Z   C:\Users\runneradmin\AppData\Local\Temp\Halide-windows\Halide-21.0.0-x86-32-windows\lib\cmake
2025-11-12T14:47:23.2161529Z   C:\Users\runneradmin\AppData\Local\Temp\Halide-windows\Halide-21.0.0-x86-32-windows\lib\Release
2025-11-12T14:47:23.2169366Z   C:\Users\runneradmin\AppData\Local\Temp\Halide-windows\Halide-21.0.0-x86-32-windows\lib\cmake\Halide
2025-11-12T14:47:23.2175266Z   C:\Users\runneradmin\AppData\Local\Temp\Halide-windows\Halide-21.0.0-x86-32-windows\lib\cmake\HalideHelpers
2025-11-12T14:47:23.2236239Z Found Halide root directory: C:\Users\runneradmin\AppData\Local\Temp\Halide-windows\Halide-21.0.0-x86-32-windows
2025-11-12T14:47:23.2251829Z Found lib directory: C:\Users\runneradmin\AppData\Local\Temp\Halide-windows\Halide-21.0.0-x86-32-windows\lib
2025-11-12T14:47:23.2263185Z Found bin directory: C:\Users\runneradmin\AppData\Local\Temp\Halide-windows\Halide-21.0.0-x86-32-windows\bin
2025-11-12T14:47:23.2276383Z Found include directory: C:\Users\runneradmin\AppData\Local\Temp\Halide-windows\Halide-21.0.0-x86-32-windows\include
2025-11-12T14:47:23.2687091Z ✓ Halide.lib copied from C:\Users\runneradmin\AppData\Local\Temp\Halide-windows\Halide-21.0.0-x86-32-windows\lib\Release\Halide.lib
2025-11-12T14:47:23.3106231Z ✓ Halide.dll copied from C:\Users\runneradmin\AppData\Local\Temp\Halide-windows\Halide-21.0.0-x86-32-windows\bin\Release\Halide.dll
2025-11-12T14:47:23.3346943Z ✓ Halide headers copied
2025-11-12T14:47:23.3351809Z Halide installation completed
2025-11-12T14:47:23.5781880Z ##[group]Run echo "Verifying Halide installation..."
2025-11-12T14:47:23.5782444Z [36;1mecho "Verifying Halide installation..."[0m
2025-11-12T14:47:23.5782798Z [36;1mif [ "win" == "win" ]; then[0m
2025-11-12T14:47:23.5783168Z [36;1m  if [ -f "third_party/halide/win/lib/Halide.lib" ]; then[0m
2025-11-12T14:47:23.5783562Z [36;1m    echo "✓ Halide.lib found"[0m
2025-11-12T14:47:23.5783845Z [36;1m  else[0m
2025-11-12T14:47:23.5784148Z [36;1m    echo "::error::Halide.lib not found"[0m
2025-11-12T14:47:23.5784776Z [36;1m    exit 1[0m
2025-11-12T14:47:23.5784974Z [36;1m  fi[0m
2025-11-12T14:47:23.5785235Z [36;1m  if [ -f "third_party/halide/win/bin/Halide.dll" ]; then[0m
2025-11-12T14:47:23.5785609Z [36;1m    echo "✓ Halide.dll found"[0m
2025-11-12T14:47:23.5785874Z [36;1m  else[0m
2025-11-12T14:47:23.5786092Z [36;1m    echo "::error::Halide.dll not found"[0m
2025-11-12T14:47:23.5786380Z [36;1m    exit 1[0m
2025-11-12T14:47:23.5786609Z [36;1m  fi[0m
2025-11-12T14:47:23.5786802Z [36;1melif [ "win" == "mac" ]; then[0m
2025-11-12T14:47:23.5787229Z [36;1m  if ls third_party/halide/mac/lib/libHalide*.dylib 1> /dev/null 2>&1; then[0m
2025-11-12T14:47:23.5787680Z [36;1m    echo "✓ Halide dylib found"[0m
2025-11-12T14:47:23.5787945Z [36;1m  else[0m
2025-11-12T14:47:23.5788173Z [36;1m    echo "::error::Halide dylib not found"[0m
2025-11-12T14:47:23.5788471Z [36;1m    exit 1[0m
2025-11-12T14:47:23.5788661Z [36;1m  fi[0m
2025-11-12T14:47:23.5788835Z [36;1mfi[0m
2025-11-12T14:47:23.5789068Z [36;1mif [ -d "third_party/halide/include" ]; then[0m
2025-11-12T14:47:23.5789398Z [36;1m  echo "✓ Halide headers found"[0m
2025-11-12T14:47:23.5789662Z [36;1melse[0m
2025-11-12T14:47:23.5789879Z [36;1m  echo "::error::Halide headers not found"[0m
2025-11-12T14:47:23.5790173Z [36;1m  exit 1[0m
2025-11-12T14:47:23.5790352Z [36;1mfi[0m
2025-11-12T14:47:23.5790614Z [36;1mecho "All required Halide files are available."[0m
2025-11-12T14:47:23.5805487Z shell: C:\Program Files\Git\bin\bash.EXE --noprofile --norc -e -o pipefail {0}
2025-11-12T14:47:23.5805834Z ##[endgroup]
2025-11-12T14:47:23.7358580Z Verifying Halide installation...
2025-11-12T14:47:23.7362827Z ✓ Halide.lib found
2025-11-12T14:47:23.7364276Z ✓ Halide.dll found
2025-11-12T14:47:23.7365544Z ✓ Halide headers found
2025-11-12T14:47:23.7366291Z All required Halide files are available.
2025-11-12T14:47:23.7645966Z ##[group]Run microsoft/setup-msbuild@v2
2025-11-12T14:47:23.7646336Z with:
2025-11-12T14:47:23.7646560Z   msbuild-architecture: x86
2025-11-12T14:47:23.7646807Z ##[endgroup]
2025-11-12T14:47:23.9056833Z [command]C:\ProgramData\Chocolatey\bin\vswhere.exe -products * -requires Microsoft.Component.MSBuild -property installationPath -latest
2025-11-12T14:47:24.3616429Z C:\Program Files\Microsoft Visual Studio\2022\Enterprise
2025-11-12T14:47:24.3895584Z ##[group]Run ilammy/msvc-dev-cmd@v1
2025-11-12T14:47:24.3895880Z with:
2025-11-12T14:47:24.3896032Z   arch: x64
2025-11-12T14:47:24.3896184Z ##[endgroup]
2025-11-12T14:47:24.5564811Z Found with vswhere: C:\Program Files\Microsoft Visual Studio\2022\Enterprise\VC\Auxiliary\Build\vcvarsall.bat
2025-11-12T14:47:27.4407407Z ##[group]Environment variables
2025-11-12T14:47:27.4407705Z Setting CommandPromptType
2025-11-12T14:47:27.4423200Z Setting DevEnvDir
2025-11-12T14:47:27.4427904Z Setting ExtensionSdkDir
2025-11-12T14:47:27.4431297Z Setting EXTERNAL_INCLUDE
2025-11-12T14:47:27.4437329Z Setting Framework40Version
2025-11-12T14:47:27.4441010Z Setting FrameworkDir
2025-11-12T14:47:27.4444484Z Setting FrameworkDir64
2025-11-12T14:47:27.4448512Z Setting FrameworkVersion
2025-11-12T14:47:27.4452051Z Setting FrameworkVersion64
2025-11-12T14:47:27.4456055Z Setting FSHARPINSTALLDIR
2025-11-12T14:47:27.4459745Z Setting HTMLHelpDir
2025-11-12T14:47:27.4462879Z Setting IFCPATH
2025-11-12T14:47:27.4466921Z Setting INCLUDE
2025-11-12T14:47:27.4471721Z Setting is_x64_arch
2025-11-12T14:47:27.4474888Z Setting LIB
2025-11-12T14:47:27.4477721Z Setting LIBPATH
2025-11-12T14:47:27.4480951Z Setting NETFXSDKDir
2025-11-12T14:47:27.4485283Z Setting Path
2025-11-12T14:47:27.4494930Z Setting Platform
2025-11-12T14:47:27.4497871Z Setting UCRTVersion
2025-11-12T14:47:27.4500374Z Setting UniversalCRTSdkDir
2025-11-12T14:47:27.4503146Z Setting VCIDEInstallDir
2025-11-12T14:47:27.4506763Z Setting VCINSTALLDIR
2025-11-12T14:47:27.4509269Z Setting VCPKG_ROOT
2025-11-12T14:47:27.4512008Z Setting VCToolsInstallDir
2025-11-12T14:47:27.4514504Z Setting VCToolsRedistDir
2025-11-12T14:47:27.4517180Z Setting VCToolsVersion
2025-11-12T14:47:27.4519601Z Setting VisualStudioVersion
2025-11-12T14:47:27.4522005Z Setting VS170COMNTOOLS
2025-11-12T14:47:27.4524813Z Setting VSCMD_ARG_app_plat
2025-11-12T14:47:27.4527278Z Setting VSCMD_ARG_HOST_ARCH
2025-11-12T14:47:27.4529858Z Setting VSCMD_ARG_TGT_ARCH
2025-11-12T14:47:27.4532270Z Setting VSCMD_VER
2025-11-12T14:47:27.4534975Z Setting VSINSTALLDIR
2025-11-12T14:47:27.4537422Z Setting VSSDK150INSTALL
2025-11-12T14:47:27.4539960Z Setting VSSDKINSTALL
2025-11-12T14:47:27.4542320Z Setting WindowsLibPath
2025-11-12T14:47:27.4545418Z Setting WindowsSdkBinPath
2025-11-12T14:47:27.4548047Z Setting WindowsSdkDir
2025-11-12T14:47:27.4550668Z Setting WindowsSDKLibVersion
2025-11-12T14:47:27.4553098Z Setting WindowsSdkVerBinPath
2025-11-12T14:47:27.4555575Z Setting WindowsSDKVersion
2025-11-12T14:47:27.4558040Z Setting WindowsSDK_ExecutablePath_x64
2025-11-12T14:47:27.4560419Z Setting WindowsSDK_ExecutablePath_x86
2025-11-12T14:47:27.4563267Z Setting __DOTNET_ADD_64BIT
2025-11-12T14:47:27.4565993Z Setting __DOTNET_PREFERRED_BITNESS
2025-11-12T14:47:27.4568431Z Setting __VSCMD_PREINIT_PATH
2025-11-12T14:47:27.4572151Z ##[endgroup]
2025-11-12T14:47:27.4572382Z Configured Developer Command Prompt
2025-11-12T14:47:27.4810129Z ##[group]Run $source = "build_tests\check_halide_include.cpp"
2025-11-12T14:47:27.4810584Z [36;1m$source = "build_tests\check_halide_include.cpp"[0m
2025-11-12T14:47:27.4810878Z [36;1mif (-not (Test-Path $source)) {[0m
2025-11-12T14:47:27.4811206Z [36;1m  Write-Error "Missing Halide include check source file: $source"[0m
2025-11-12T14:47:27.4811510Z [36;1m  exit 1[0m
2025-11-12T14:47:27.4811655Z [36;1m}[0m
2025-11-12T14:47:27.4811870Z [36;1m$output = Join-Path $env:TEMP "halide_header_test.obj"[0m
2025-11-12T14:47:27.4812249Z [36;1mcl /nologo /std:c++17 /c $source /I third_party\halide\include /Fo:$output[0m
2025-11-12T14:47:27.4879089Z shell: C:\Program Files\PowerShell\7\pwsh.EXE -command ". '{0}'"
2025-11-12T14:47:27.4879402Z env:
2025-11-12T14:47:27.4879557Z   CommandPromptType: Native
2025-11-12T14:47:27.4879887Z   DevEnvDir: C:\Program Files\Microsoft Visual Studio\2022\Enterprise\Common7\IDE\
2025-11-12T14:47:27.4880402Z   ExtensionSdkDir: C:\Program Files (x86)\Microsoft SDKs\Windows Kits\10\ExtensionSDKs
2025-11-12T14:47:27.4882832Z   EXTERNAL_INCLUDE: C:\Program Files\Microsoft Visual Studio\2022\Enterprise\VC\Tools\MSVC\14.44.35207\include;C:\Program Files\Microsoft Visual Studio\2022\Enterprise\VC\Tools\MSVC\14.44.35207\ATLMFC\include;C:\Program Files\Microsoft Visual Studio\2022\Enterprise\VC\Auxiliary\VS\include;C:\Program Files (x86)\Windows Kits\10\include\10.0.26100.0\ucrt;C:\Program Files (x86)\Windows Kits\10\\include\10.0.26100.0\\um;C:\Program Files (x86)\Windows Kits\10\\include\10.0.26100.0\\shared;C:\Program Files (x86)\Windows Kits\10\\include\10.0.26100.0\\winrt;C:\Program Files (x86)\Windows Kits\10\\include\10.0.26100.0\\cppwinrt;C:\Program Files (x86)\Windows Kits\NETFXSDK\4.8\include\um
2025-11-12T14:47:27.4884717Z   Framework40Version: v4.0
2025-11-12T14:47:27.4884957Z   FrameworkDir: C:\Windows\Microsoft.NET\Framework64\
2025-11-12T14:47:27.4885265Z   FrameworkDir64: C:\Windows\Microsoft.NET\Framework64\
2025-11-12T14:47:27.4885532Z   FrameworkVersion: v4.0.30319
2025-11-12T14:47:27.4885737Z   FrameworkVersion64: v4.0.30319
2025-11-12T14:47:27.4886214Z   FSHARPINSTALLDIR: C:\Program Files\Microsoft Visual Studio\2022\Enterprise\Common7\IDE\CommonExtensions\Microsoft\FSharp\Tools
2025-11-12T14:47:27.4886738Z   HTMLHelpDir: C:\Program Files (x86)\HTML Help Workshop
2025-11-12T14:47:27.4887161Z   IFCPATH: C:\Program Files\Microsoft Visual Studio\2022\Enterprise\VC\Tools\MSVC\14.44.35207\ifc\x64
2025-11-12T14:47:27.4889221Z   INCLUDE: C:\Program Files\Microsoft Visual Studio\2022\Enterprise\VC\Tools\MSVC\14.44.35207\include;C:\Program Files\Microsoft Visual Studio\2022\Enterprise\VC\Tools\MSVC\14.44.35207\ATLMFC\include;C:\Program Files\Microsoft Visual Studio\2022\Enterprise\VC\Auxiliary\VS\include;C:\Program Files (x86)\Windows Kits\10\include\10.0.26100.0\ucrt;C:\Program Files (x86)\Windows Kits\10\\include\10.0.26100.0\\um;C:\Program Files (x86)\Windows Kits\10\\include\10.0.26100.0\\shared;C:\Program Files (x86)\Windows Kits\10\\include\10.0.26100.0\\winrt;C:\Program Files (x86)\Windows Kits\10\\include\10.0.26100.0\\cppwinrt;C:\Program Files (x86)\Windows Kits\NETFXSDK\4.8\include\um
2025-11-12T14:47:27.4891326Z   is_x64_arch: true
2025-11-12T14:47:27.4892387Z   LIB: C:\Program Files\Microsoft Visual Studio\2022\Enterprise\VC\Tools\MSVC\14.44.35207\ATLMFC\lib\x64;C:\Program Files\Microsoft Visual Studio\2022\Enterprise\VC\Tools\MSVC\14.44.35207\lib\x64;C:\Program Files (x86)\Windows Kits\NETFXSDK\4.8\lib\um\x64;C:\Program Files (x86)\Windows Kits\10\lib\10.0.26100.0\ucrt\x64;C:\Program Files (x86)\Windows Kits\10\\lib\10.0.26100.0\\um\x64
2025-11-12T14:47:27.4896353Z   LIBPATH: C:\Program Files\Microsoft Visual Studio\2022\Enterprise\VC\Tools\MSVC\14.44.35207\ATLMFC\lib\x64;C:\Program Files\Microsoft Visual Studio\2022\Enterprise\VC\Tools\MSVC\14.44.35207\lib\x64;C:\Program Files\Microsoft Visual Studio\2022\Enterprise\VC\Tools\MSVC\14.44.35207\lib\x86\store\references;C:\Program Files (x86)\Windows Kits\10\UnionMetadata\10.0.26100.0;C:\Program Files (x86)\Windows Kits\10\References\10.0.26100.0;C:\Windows\Microsoft.NET\Framework64\v4.0.30319
2025-11-12T14:47:27.4897894Z   NETFXSDKDir: C:\Program Files (x86)\Windows Kits\NETFXSDK\4.8\
2025-11-12T14:47:27.4911712Z   Path: C:\Program Files\Microsoft Visual Studio\2022\Enterprise\VC\Tools\MSVC\14.44.35207\bin\HostX64\x64;C:\Program Files\Microsoft Visual Studio\2022\Enterprise\Common7\IDE\VC\VCPackages;C:\Program Files\Microsoft Visual Studio\2022\Enterprise\Common7\IDE\CommonExtensions\Microsoft\TestWindow;C:\Program Files\Microsoft Visual Studio\2022\Enterprise\Common7\IDE\CommonExtensions\Microsoft\TeamFoundation\Team Explorer;C:\Program Files\Microsoft Visual Studio\2022\Enterprise\MSBuild\Current\bin\Roslyn;C:\Program Files (x86)\Microsoft SDKs\Windows\v10.0A\bin\NETFX 4.8 Tools\x64\;C:\Program Files (x86)\HTML Help Workshop;C:\Program Files\Microsoft Visual Studio\2022\Enterprise\Common7\IDE\CommonExtensions\Microsoft\FSharp\Tools;C:\Program Files\Microsoft Visual Studio\2022\Enterprise\Team Tools\DiagnosticsHub\Collector;C:\Program Files\Microsoft Visual Studio\2022\Enterprise\Common7\IDE\Extensions\Microsoft\CodeCoverage.Console;C:\Program Files\Microsoft Visual Studio\2022\Enterprise\VC\Tools\Llvm\x64\bin;C:\Program Files (x86)\Windows Kits\10\bin\10.0.26100.0\\x64;C:\Program Files (x86)\Windows Kits\10\bin\\x64;C:\Program Files\Microsoft Visual Studio\2022\Enterprise\\MSBuild\Current\Bin\amd64;C:\Windows\Microsoft.NET\Framework64\v4.0.30319;C:\Program Files\Microsoft Visual Studio\2022\Enterprise\Common7\IDE\;C:\Program Files\Microsoft Visual Studio\2022\Enterprise\Common7\Tools\;C:\Program Files\Microsoft Visual Studio\2022\Enterprise\MSBuild\Current\Bin;C:\Program Files\MongoDB\Server\7.0\bin;C:\vcpkg;C:\tools\zstd;C:\hostedtoolcache\windows\stack\3.7.1\x64;C:\cabal\bin;C:\\ghcup\bin;C:\mingw64\bin;C:\Program Files\dotnet;C:\Program Files\MySQL\MySQL Server 8.0\bin;C:\Program Files\R\R-4.5.2\bin\x64;C:\SeleniumWebDrivers\GeckoDriver;C:\SeleniumWebDrivers\EdgeDriver\;C:\SeleniumWebDrivers\ChromeDriver;C:\Program Files (x86)\sbt\bin;C:\Program Files (x86)\GitHub CLI;C:\Program Files\Git\bin;C:\Program Files (x86)\pipx_bin;C:\npm\prefix;C:\hostedtoolcache\windows\go\1.24.9\x64\bin;C:\hostedtoolcache\windows\Python\3.9.13\x64\Scripts;C:\hostedtoolcache\windows\Python\3.9.13\x64;C:\hostedtoolcache\windows\Ruby\3.3.10\x64\bin;C:\Program Files\OpenSSL\bin;C:\tools\kotlinc\bin;C:\hostedtoolcache\windows\Java_Temurin-Hotspot_jdk\17.0.17-10\x64\bin;C:\Program Files\ImageMagick-7.1.2-Q16-HDRI;C:\Program Files\Microsoft SDKs\Azure\CLI2\wbin;C:\ProgramData\kind;C:\ProgramData\Chocolatey\bin;C:\Windows\system32;C:\Windows;C:\Windows\System32\Wbem;C:\Windows\System32\WindowsPowerShell\v1.0\;C:\Windows\System32\OpenSSH\;C:\Program Files\PowerShell\7\;C:\Program Files\Microsoft\Web Platform Installer\;C:\Program Files\Microsoft SQL Server\Client SDK\ODBC\170\Tools\Binn\;C:\Program Files\Microsoft SQL Server\150\Tools\Binn\;C:\Program Files\dotnet\;C:\Program Files (x86)\Windows Kits\10\Windows Performance Toolkit\;C:\Program Files (x86)\WiX Toolset v3.14\bin;C:\Program Files\Microsoft SQL Server\130\DTS\Binn\;C:\Program Files\Microsoft SQL Server\140\DTS\Binn\;C:\Program Files\Microsoft SQL Server\150\DTS\Binn\;C:\Program Files\Microsoft SQL Server\160\DTS\Binn\;C:\Program Files\Microsoft SQL Server\170\DTS\Binn\;C:\ProgramData\chocolatey\lib\pulumi\tools\Pulumi\bin;C:\Program Files\CMake\bin;C:\Strawberry\c\bin;C:\Strawberry\perl\site\bin;C:\Strawberry\perl\bin;C:\ProgramData\chocolatey\lib\maven\apache-maven-3.9.11\bin;C:\Program Files\Microsoft Service Fabric\bin\Fabric\Fabric.Code;C:\Program Files\Microsoft SDKs\Service Fabric\Tools\ServiceFabricLocalClusterManager;C:\Program Files\nodejs\;C:\Program Files\Git\cmd;C:\Program Files\Git\mingw64\bin;C:\Program Files\Git\usr\bin;C:\Program Files\GitHub CLI\;c:\tools\php;C:\Program Files\Amazon\AWSCLIV2\;C:\Program Files\Amazon\SessionManagerPlugin\bin\;C:\Program Files\Amazon\AWSSAMCLI\bin\;C:\Program Files\Microsoft SQL Server\130\Tools\Binn\;C:\Program Files\mongosh\;C:\Program Files\LLVM\bin;C:\Program Files (x86)\LLVM\bin;C:\Users\runneradmin\.dotnet\tools;C:\Users\runneradmin\.cargo\bin;C:\Users\runneradmin\AppData\Local\Microsoft\WindowsApps;C:\Program Files (x86)\Microsoft Visual Studio\Installer;C:\Program Files\Microsoft Visual Studio\2022\Enterprise\Common7\IDE\CommonExtensions\Microsoft\CMake\CMake\bin;C:\Program Files\Microsoft Visual Studio\2022\Enterprise\Common7\IDE\CommonExtensions\Microsoft\CMake\Ninja;C:\Program Files\Microsoft Visual Studio\2022\Enterprise\Common7\IDE\VC\Linux\bin\ConnectionManagerExe;C:\Program Files\Microsoft Visual Studio\2022\Enterprise\VC\vcpkg
2025-11-12T14:47:27.4925336Z   Platform: x64
2025-11-12T14:47:27.4925517Z   UCRTVersion: 10.0.26100.0
2025-11-12T14:47:27.4925783Z   UniversalCRTSdkDir: C:\Program Files (x86)\Windows Kits\10\
2025-11-12T14:47:27.4926214Z   VCIDEInstallDir: C:\Program Files\Microsoft Visual Studio\2022\Enterprise\Common7\IDE\VC\
2025-11-12T14:47:27.4926687Z   VCINSTALLDIR: C:\Program Files\Microsoft Visual Studio\2022\Enterprise\VC\
2025-11-12T14:47:27.4927107Z   VCPKG_ROOT: C:\Program Files\Microsoft Visual Studio\2022\Enterprise\VC\vcpkg
2025-11-12T14:47:27.4927605Z   VCToolsInstallDir: C:\Program Files\Microsoft Visual Studio\2022\Enterprise\VC\Tools\MSVC\14.44.35207\
2025-11-12T14:47:27.4928186Z   VCToolsRedistDir: C:\Program Files\Microsoft Visual Studio\2022\Enterprise\VC\Redist\MSVC\14.44.35112\
2025-11-12T14:47:27.4928582Z   VCToolsVersion: 14.44.35207
2025-11-12T14:47:27.4928778Z   VisualStudioVersion: 17.0
2025-11-12T14:47:27.4929109Z   VS170COMNTOOLS: C:\Program Files\Microsoft Visual Studio\2022\Enterprise\Common7\Tools\
2025-11-12T14:47:27.4929462Z   VSCMD_ARG_app_plat: Desktop
2025-11-12T14:47:27.4929650Z   VSCMD_ARG_HOST_ARCH: x64
2025-11-12T14:47:27.4929833Z   VSCMD_ARG_TGT_ARCH: x64
2025-11-12T14:47:27.4930001Z   VSCMD_VER: 17.14.19
2025-11-12T14:47:27.4930266Z   VSINSTALLDIR: C:\Program Files\Microsoft Visual Studio\2022\Enterprise\
2025-11-12T14:47:27.4930694Z   VSSDK150INSTALL: C:\Program Files\Microsoft Visual Studio\2022\Enterprise\VSSDK
2025-11-12T14:47:27.4931124Z   VSSDKINSTALL: C:\Program Files\Microsoft Visual Studio\2022\Enterprise\VSSDK
2025-11-12T14:47:27.4931721Z   WindowsLibPath: C:\Program Files (x86)\Windows Kits\10\UnionMetadata\10.0.26100.0;C:\Program Files (x86)\Windows Kits\10\References\10.0.26100.0
2025-11-12T14:47:27.4932287Z   WindowsSdkBinPath: C:\Program Files (x86)\Windows Kits\10\bin\
2025-11-12T14:47:27.4932616Z   WindowsSdkDir: C:\Program Files (x86)\Windows Kits\10\
2025-11-12T14:47:27.4932881Z   WindowsSDKLibVersion: 10.0.26100.0\
2025-11-12T14:47:27.4933210Z   WindowsSdkVerBinPath: C:\Program Files (x86)\Windows Kits\10\bin\10.0.26100.0\
2025-11-12T14:47:27.4933663Z   WindowsSDKVersion: 10.0.26100.0\
2025-11-12T14:47:27.4934060Z   WindowsSDK_ExecutablePath_x64: C:\Program Files (x86)\Microsoft SDKs\Windows\v10.0A\bin\NETFX 4.8 Tools\x64\
2025-11-12T14:47:27.4934647Z   WindowsSDK_ExecutablePath_x86: C:\Program Files (x86)\Microsoft SDKs\Windows\v10.0A\bin\NETFX 4.8 Tools\
2025-11-12T14:47:27.4935030Z   __DOTNET_ADD_64BIT: 1
2025-11-12T14:47:27.4935208Z   __DOTNET_PREFERRED_BITNESS: 64
2025-11-12T14:47:27.4943258Z   __VSCMD_PREINIT_PATH: C:\Program Files\Microsoft Visual Studio\2022\Enterprise\MSBuild\Current\Bin;C:\Program Files\MongoDB\Server\7.0\bin;C:\vcpkg;C:\tools\zstd;C:\hostedtoolcache\windows\stack\3.7.1\x64;C:\cabal\bin;C:\\ghcup\bin;C:\mingw64\bin;C:\Program Files\dotnet;C:\Program Files\MySQL\MySQL Server 8.0\bin;C:\Program Files\R\R-4.5.2\bin\x64;C:\SeleniumWebDrivers\GeckoDriver;C:\SeleniumWebDrivers\EdgeDriver\;C:\SeleniumWebDrivers\ChromeDriver;C:\Program Files (x86)\sbt\bin;C:\Program Files (x86)\GitHub CLI;C:\Program Files\Git\bin;C:\Program Files (x86)\pipx_bin;C:\npm\prefix;C:\hostedtoolcache\windows\go\1.24.9\x64\bin;C:\hostedtoolcache\windows\Python\3.9.13\x64\Scripts;C:\hostedtoolcache\windows\Python\3.9.13\x64;C:\hostedtoolcache\windows\Ruby\3.3.10\x64\bin;C:\Program Files\OpenSSL\bin;C:\tools\kotlinc\bin;C:\hostedtoolcache\windows\Java_Temurin-Hotspot_jdk\17.0.17-10\x64\bin;C:\Program Files\ImageMagick-7.1.2-Q16-HDRI;C:\Program Files\Microsoft SDKs\Azure\CLI2\wbin;C:\ProgramData\kind;C:\ProgramData\Chocolatey\bin;C:\Windows\system32;C:\Windows;C:\Windows\System32\Wbem;C:\Windows\System32\WindowsPowerShell\v1.0\;C:\Windows\System32\OpenSSH\;C:\Program Files\PowerShell\7\;C:\Program Files\Microsoft\Web Platform Installer\;C:\Program Files\Microsoft SQL Server\Client SDK\ODBC\170\Tools\Binn\;C:\Program Files\Microsoft SQL Server\150\Tools\Binn\;C:\Program Files\dotnet\;C:\Program Files (x86)\Windows Kits\10\Windows Performance Toolkit\;C:\Program Files (x86)\WiX Toolset v3.14\bin;C:\Program Files\Microsoft SQL Server\130\DTS\Binn\;C:\Program Files\Microsoft SQL Server\140\DTS\Binn\;C:\Program Files\Microsoft SQL Server\150\DTS\Binn\;C:\Program Files\Microsoft SQL Server\160\DTS\Binn\;C:\Program Files\Microsoft SQL Server\170\DTS\Binn\;C:\ProgramData\chocolatey\lib\pulumi\tools\Pulumi\bin;C:\Program Files\CMake\bin;C:\Strawberry\c\bin;C:\Strawberry\perl\site\bin;C:\Strawberry\perl\bin;C:\ProgramData\chocolatey\lib\maven\apache-maven-3.9.11\bin;C:\Program Files\Microsoft Service Fabric\bin\Fabric\Fabric.Code;C:\Program Files\Microsoft SDKs\Service Fabric\Tools\ServiceFabricLocalClusterManager;C:\Program Files\nodejs\;C:\Program Files\Git\cmd;C:\Program Files\Git\mingw64\bin;C:\Program Files\Git\usr\bin;C:\Program Files\GitHub CLI\;c:\tools\php;C:\Program Files (x86)\sbt\bin;C:\Program Files\Amazon\AWSCLIV2\;C:\Program Files\Amazon\SessionManagerPlugin\bin\;C:\Program Files\Amazon\AWSSAMCLI\bin\;C:\Program Files\Microsoft SQL Server\130\Tools\Binn\;C:\Program Files\mongosh\;C:\Program Files\LLVM\bin;C:\Program Files (x86)\LLVM\bin;C:\Users\runneradmin\.dotnet\tools;C:\Users\runneradmin\.cargo\bin;C:\Users\runneradmin\AppData\Local\Microsoft\WindowsApps;C:\Program Files (x86)\Microsoft Visual Studio\Installer
2025-11-12T14:47:27.4951085Z ##[endgroup]
2025-11-12T14:47:27.9972187Z check_halide_include.cpp
2025-11-12T14:47:31.3705656Z C:\Program Files\Microsoft Visual Studio\2022\Enterprise\VC\Tools\MSVC\14.44.35207\include\__msvc_ostream.hpp(781): warning C4530: C++ exception handler used, but unwind semantics are not enabled. Specify /EHsc
2025-11-12T14:47:31.3748703Z C:\Program Files\Microsoft Visual Studio\2022\Enterprise\VC\Tools\MSVC\14.44.35207\include\__msvc_ostream.hpp(781): note: the template instantiation context (the oldest one first) is
2025-11-12T14:47:31.3794134Z third_party\halide\include\Halide.h(8129): note: see reference to function template instantiation 'std::basic_ostream<char,std::char_traits<char>> &std::operator <<<std::char_traits<char>>(std::basic_ostream<char,std::char_traits<char>> &,const char *)' being compiled
2025-11-12T14:47:33.4697348Z ##[group]Run $repo = "rebuildup/my-ae-sdk-storage"
2025-11-12T14:47:33.4697815Z [36;1m$repo = "rebuildup/my-ae-sdk-storage"[0m
2025-11-12T14:47:33.4698180Z [36;1m$releaseTags = @("sdk", "ae-sdk_25.6_61", "v25.6.61", "25.6.61")[0m
2025-11-12T14:47:33.4698502Z [36;1m[0m
2025-11-12T14:47:33.4698810Z [36;1mWrite-Host "Downloading After Effects SDK from private repository..."[0m
2025-11-12T14:47:33.4699173Z [36;1m[0m
2025-11-12T14:47:33.4699354Z [36;1mif (-not $env:GITHUB_TOKEN) {[0m
2025-11-12T14:47:33.4699656Z [36;1m  Write-Host "Error: GITHUB_TOKEN not configured"[0m
2025-11-12T14:47:33.4699955Z [36;1m  exit 1[0m
2025-11-12T14:47:33.4700133Z [36;1m}[0m
2025-11-12T14:47:33.4700290Z [36;1m[0m
2025-11-12T14:47:33.4700464Z [36;1m$releaseJson = $null[0m
2025-11-12T14:47:33.4700712Z [36;1mforeach ($tag in $releaseTags) {[0m
2025-11-12T14:47:33.4700965Z [36;1m  try {[0m
2025-11-12T14:47:33.4701153Z [36;1m    $headers = @{[0m
2025-11-12T14:47:33.4701459Z [36;1m      "Authorization" = "token $env:GITHUB_TOKEN"[0m
2025-11-12T14:47:33.4701804Z [36;1m      "Accept" = "application/vnd.github.v3+json"[0m
2025-11-12T14:47:33.4702300Z [36;1m    }[0m
2025-11-12T14:47:33.4702480Z [36;1m    [0m
2025-11-12T14:47:33.4703041Z [36;1m    $releaseJson = Invoke-RestMethod -Uri "https://api.github.com/repos/$repo/releases/tags/$tag" -Headers $headers -ErrorAction Stop[0m
2025-11-12T14:47:33.4703842Z [36;1m    Write-Host "Found release: $tag"[0m
2025-11-12T14:47:33.4704113Z [36;1m    break[0m
2025-11-12T14:47:33.4704297Z [36;1m  } catch {[0m
2025-11-12T14:47:33.4704496Z [36;1m    continue[0m
2025-11-12T14:47:33.4704689Z [36;1m  }[0m
2025-11-12T14:47:33.4704852Z [36;1m}[0m
2025-11-12T14:47:33.4705017Z [36;1m[0m
2025-11-12T14:47:33.4705189Z [36;1mif (-not $releaseJson) {[0m
2025-11-12T14:47:33.4705525Z [36;1m  Write-Host "Error: Failed to fetch release information"[0m
2025-11-12T14:47:33.4705864Z [36;1m    exit 1[0m
2025-11-12T14:47:33.4706058Z [36;1m}[0m
2025-11-12T14:47:33.4706219Z [36;1m[0m
2025-11-12T14:47:33.4706433Z [36;1m$assetName = "AfterEffectsSDK_25.6_61_win.zip"[0m
2025-11-12T14:47:33.4706946Z [36;1m$asset = $releaseJson.assets | Where-Object { $_.name -eq $assetName } | Select-Object -First 1[0m
2025-11-12T14:47:33.4707402Z [36;1m[0m
2025-11-12T14:47:33.4707571Z [36;1mif (-not $asset) {[0m
2025-11-12T14:47:33.4707854Z [36;1m  Write-Host "Exact asset not found: $assetName"[0m
2025-11-12T14:47:33.4708180Z [36;1m  Write-Host "Available assets:"[0m
2025-11-12T14:47:33.4708565Z [36;1m  $releaseJson.assets | ForEach-Object { Write-Host " - " $_.name }[0m
2025-11-12T14:47:33.4708942Z [36;1m[0m
2025-11-12T14:47:33.4709164Z [36;1m  # Fallback: pick first Windows-looking ZIP asset[0m
2025-11-12T14:47:33.4709530Z [36;1m  $asset = $releaseJson.assets | Where-Object {[0m
2025-11-12T14:47:33.4709861Z [36;1m    $_.name -match '(?i)win.*\\.zip$'[0m
2025-11-12T14:47:33.4710162Z [36;1m  } | Select-Object -First 1[0m
2025-11-12T14:47:33.4710428Z [36;1m[0m
2025-11-12T14:47:33.4710605Z [36;1m  if ($asset) {[0m
2025-11-12T14:47:33.4710860Z [36;1m    Write-Host "Fallback asset selected: $($asset.name)"[0m
2025-11-12T14:47:33.4711135Z [36;1m  }[0m
2025-11-12T14:47:33.4711273Z [36;1m}[0m
2025-11-12T14:47:33.4711416Z [36;1m[0m
2025-11-12T14:47:33.4711562Z [36;1mif (-not $asset) {[0m
2025-11-12T14:47:33.4711812Z [36;1m  Write-Host "Error: SDK file not found: $assetName"[0m
2025-11-12T14:47:33.4712059Z [36;1m  exit 1[0m
2025-11-12T14:47:33.4712208Z [36;1m}[0m
2025-11-12T14:47:33.4712343Z [36;1m[0m
2025-11-12T14:47:33.4712498Z [36;1mWrite-Host "Downloading SDK..."[0m
2025-11-12T14:47:33.4712733Z [36;1m$headers = @{[0m
2025-11-12T14:47:33.4712946Z [36;1m  "Authorization" = "token $env:GITHUB_TOKEN"[0m
2025-11-12T14:47:33.4713220Z [36;1m  "Accept" = "application/octet-stream"[0m
2025-11-12T14:47:33.4713446Z [36;1m}[0m
2025-11-12T14:47:33.4713799Z [36;1m[0m
2025-11-12T14:47:33.4715889Z [36;1mInvoke-WebRequest -Uri $asset.url -Headers $headers -OutFile "AE_SDK.zip" -MaximumRedirection 5[0m
2025-11-12T14:47:33.4716366Z [36;1m[0m
2025-11-12T14:47:33.4716544Z [36;1mif (-not (Test-Path "AE_SDK.zip")) {[0m
2025-11-12T14:47:33.4716808Z [36;1m  Write-Host "Error: Download failed"[0m
2025-11-12T14:47:33.4717031Z [36;1m  exit 1[0m
2025-11-12T14:47:33.4717180Z [36;1m}[0m
2025-11-12T14:47:33.4717319Z [36;1m[0m
2025-11-12T14:47:33.4717485Z [36;1mWrite-Host "SDK downloaded successfully"[0m
2025-11-12T14:47:33.4788000Z shell: C:\Program Files\PowerShell\7\pwsh.EXE -command ". '{0}'"
2025-11-12T14:47:33.4788303Z env:
2025-11-12T14:47:33.4788460Z   CommandPromptType: Native
2025-11-12T14:47:33.4788791Z   DevEnvDir: C:\Program Files\Microsoft Visual Studio\2022\Enterprise\Common7\IDE\
2025-11-12T14:47:33.4789284Z   ExtensionSdkDir: C:\Program Files (x86)\Microsoft SDKs\Windows Kits\10\ExtensionSDKs
2025-11-12T14:47:33.4791317Z   EXTERNAL_INCLUDE: C:\Program Files\Microsoft Visual Studio\2022\Enterprise\VC\Tools\MSVC\14.44.35207\include;C:\Program Files\Microsoft Visual Studio\2022\Enterprise\VC\Tools\MSVC\14.44.35207\ATLMFC\include;C:\Program Files\Microsoft Visual Studio\2022\Enterprise\VC\Auxiliary\VS\include;C:\Program Files (x86)\Windows Kits\10\include\10.0.26100.0\ucrt;C:\Program Files (x86)\Windows Kits\10\\include\10.0.26100.0\\um;C:\Program Files (x86)\Windows Kits\10\\include\10.0.26100.0\\shared;C:\Program Files (x86)\Windows Kits\10\\include\10.0.26100.0\\winrt;C:\Program Files (x86)\Windows Kits\10\\include\10.0.26100.0\\cppwinrt;C:\Program Files (x86)\Windows Kits\NETFXSDK\4.8\include\um
2025-11-12T14:47:33.4793239Z   Framework40Version: v4.0
2025-11-12T14:47:33.4793474Z   FrameworkDir: C:\Windows\Microsoft.NET\Framework64\
2025-11-12T14:47:33.4793786Z   FrameworkDir64: C:\Windows\Microsoft.NET\Framework64\
2025-11-12T14:47:33.4794056Z   FrameworkVersion: v4.0.30319
2025-11-12T14:47:33.4794265Z   FrameworkVersion64: v4.0.30319
2025-11-12T14:47:33.4794758Z   FSHARPINSTALLDIR: C:\Program Files\Microsoft Visual Studio\2022\Enterprise\Common7\IDE\CommonExtensions\Microsoft\FSharp\Tools
2025-11-12T14:47:33.4795297Z   HTMLHelpDir: C:\Program Files (x86)\HTML Help Workshop
2025-11-12T14:47:33.4795738Z   IFCPATH: C:\Program Files\Microsoft Visual Studio\2022\Enterprise\VC\Tools\MSVC\14.44.35207\ifc\x64
2025-11-12T14:47:33.4797782Z   INCLUDE: C:\Program Files\Microsoft Visual Studio\2022\Enterprise\VC\Tools\MSVC\14.44.35207\include;C:\Program Files\Microsoft Visual Studio\2022\Enterprise\VC\Tools\MSVC\14.44.35207\ATLMFC\include;C:\Program Files\Microsoft Visual Studio\2022\Enterprise\VC\Auxiliary\VS\include;C:\Program Files (x86)\Windows Kits\10\include\10.0.26100.0\ucrt;C:\Program Files (x86)\Windows Kits\10\\include\10.0.26100.0\\um;C:\Program Files (x86)\Windows Kits\10\\include\10.0.26100.0\\shared;C:\Program Files (x86)\Windows Kits\10\\include\10.0.26100.0\\winrt;C:\Program Files (x86)\Windows Kits\10\\include\10.0.26100.0\\cppwinrt;C:\Program Files (x86)\Windows Kits\NETFXSDK\4.8\include\um
2025-11-12T14:47:33.4799877Z   is_x64_arch: true
2025-11-12T14:47:33.4801116Z   LIB: C:\Program Files\Microsoft Visual Studio\2022\Enterprise\VC\Tools\MSVC\14.44.35207\ATLMFC\lib\x64;C:\Program Files\Microsoft Visual Studio\2022\Enterprise\VC\Tools\MSVC\14.44.35207\lib\x64;C:\Program Files (x86)\Windows Kits\NETFXSDK\4.8\lib\um\x64;C:\Program Files (x86)\Windows Kits\10\lib\10.0.26100.0\ucrt\x64;C:\Program Files (x86)\Windows Kits\10\\lib\10.0.26100.0\\um\x64
2025-11-12T14:47:33.4803998Z   LIBPATH: C:\Program Files\Microsoft Visual Studio\2022\Enterprise\VC\Tools\MSVC\14.44.35207\ATLMFC\lib\x64;C:\Program Files\Microsoft Visual Studio\2022\Enterprise\VC\Tools\MSVC\14.44.35207\lib\x64;C:\Program Files\Microsoft Visual Studio\2022\Enterprise\VC\Tools\MSVC\14.44.35207\lib\x86\store\references;C:\Program Files (x86)\Windows Kits\10\UnionMetadata\10.0.26100.0;C:\Program Files (x86)\Windows Kits\10\References\10.0.26100.0;C:\Windows\Microsoft.NET\Framework64\v4.0.30319
2025-11-12T14:47:33.4805640Z   NETFXSDKDir: C:\Program Files (x86)\Windows Kits\NETFXSDK\4.8\
2025-11-12T14:47:33.4818422Z   Path: C:\Program Files\Microsoft Visual Studio\2022\Enterprise\VC\Tools\MSVC\14.44.35207\bin\HostX64\x64;C:\Program Files\Microsoft Visual Studio\2022\Enterprise\Common7\IDE\VC\VCPackages;C:\Program Files\Microsoft Visual Studio\2022\Enterprise\Common7\IDE\CommonExtensions\Microsoft\TestWindow;C:\Program Files\Microsoft Visual Studio\2022\Enterprise\Common7\IDE\CommonExtensions\Microsoft\TeamFoundation\Team Explorer;C:\Program Files\Microsoft Visual Studio\2022\Enterprise\MSBuild\Current\bin\Roslyn;C:\Program Files (x86)\Microsoft SDKs\Windows\v10.0A\bin\NETFX 4.8 Tools\x64\;C:\Program Files (x86)\HTML Help Workshop;C:\Program Files\Microsoft Visual Studio\2022\Enterprise\Common7\IDE\CommonExtensions\Microsoft\FSharp\Tools;C:\Program Files\Microsoft Visual Studio\2022\Enterprise\Team Tools\DiagnosticsHub\Collector;C:\Program Files\Microsoft Visual Studio\2022\Enterprise\Common7\IDE\Extensions\Microsoft\CodeCoverage.Console;C:\Program Files\Microsoft Visual Studio\2022\Enterprise\VC\Tools\Llvm\x64\bin;C:\Program Files (x86)\Windows Kits\10\bin\10.0.26100.0\\x64;C:\Program Files (x86)\Windows Kits\10\bin\\x64;C:\Program Files\Microsoft Visual Studio\2022\Enterprise\\MSBuild\Current\Bin\amd64;C:\Windows\Microsoft.NET\Framework64\v4.0.30319;C:\Program Files\Microsoft Visual Studio\2022\Enterprise\Common7\IDE\;C:\Program Files\Microsoft Visual Studio\2022\Enterprise\Common7\Tools\;C:\Program Files\Microsoft Visual Studio\2022\Enterprise\MSBuild\Current\Bin;C:\Program Files\MongoDB\Server\7.0\bin;C:\vcpkg;C:\tools\zstd;C:\hostedtoolcache\windows\stack\3.7.1\x64;C:\cabal\bin;C:\\ghcup\bin;C:\mingw64\bin;C:\Program Files\dotnet;C:\Program Files\MySQL\MySQL Server 8.0\bin;C:\Program Files\R\R-4.5.2\bin\x64;C:\SeleniumWebDrivers\GeckoDriver;C:\SeleniumWebDrivers\EdgeDriver\;C:\SeleniumWebDrivers\ChromeDriver;C:\Program Files (x86)\sbt\bin;C:\Program Files (x86)\GitHub CLI;C:\Program Files\Git\bin;C:\Program Files (x86)\pipx_bin;C:\npm\prefix;C:\hostedtoolcache\windows\go\1.24.9\x64\bin;C:\hostedtoolcache\windows\Python\3.9.13\x64\Scripts;C:\hostedtoolcache\windows\Python\3.9.13\x64;C:\hostedtoolcache\windows\Ruby\3.3.10\x64\bin;C:\Program Files\OpenSSL\bin;C:\tools\kotlinc\bin;C:\hostedtoolcache\windows\Java_Temurin-Hotspot_jdk\17.0.17-10\x64\bin;C:\Program Files\ImageMagick-7.1.2-Q16-HDRI;C:\Program Files\Microsoft SDKs\Azure\CLI2\wbin;C:\ProgramData\kind;C:\ProgramData\Chocolatey\bin;C:\Windows\system32;C:\Windows;C:\Windows\System32\Wbem;C:\Windows\System32\WindowsPowerShell\v1.0\;C:\Windows\System32\OpenSSH\;C:\Program Files\PowerShell\7\;C:\Program Files\Microsoft\Web Platform Installer\;C:\Program Files\Microsoft SQL Server\Client SDK\ODBC\170\Tools\Binn\;C:\Program Files\Microsoft SQL Server\150\Tools\Binn\;C:\Program Files\dotnet\;C:\Program Files (x86)\Windows Kits\10\Windows Performance Toolkit\;C:\Program Files (x86)\WiX Toolset v3.14\bin;C:\Program Files\Microsoft SQL Server\130\DTS\Binn\;C:\Program Files\Microsoft SQL Server\140\DTS\Binn\;C:\Program Files\Microsoft SQL Server\150\DTS\Binn\;C:\Program Files\Microsoft SQL Server\160\DTS\Binn\;C:\Program Files\Microsoft SQL Server\170\DTS\Binn\;C:\ProgramData\chocolatey\lib\pulumi\tools\Pulumi\bin;C:\Program Files\CMake\bin;C:\Strawberry\c\bin;C:\Strawberry\perl\site\bin;C:\Strawberry\perl\bin;C:\ProgramData\chocolatey\lib\maven\apache-maven-3.9.11\bin;C:\Program Files\Microsoft Service Fabric\bin\Fabric\Fabric.Code;C:\Program Files\Microsoft SDKs\Service Fabric\Tools\ServiceFabricLocalClusterManager;C:\Program Files\nodejs\;C:\Program Files\Git\cmd;C:\Program Files\Git\mingw64\bin;C:\Program Files\Git\usr\bin;C:\Program Files\GitHub CLI\;c:\tools\php;C:\Program Files\Amazon\AWSCLIV2\;C:\Program Files\Amazon\SessionManagerPlugin\bin\;C:\Program Files\Amazon\AWSSAMCLI\bin\;C:\Program Files\Microsoft SQL Server\130\Tools\Binn\;C:\Program Files\mongosh\;C:\Program Files\LLVM\bin;C:\Program Files (x86)\LLVM\bin;C:\Users\runneradmin\.dotnet\tools;C:\Users\runneradmin\.cargo\bin;C:\Users\runneradmin\AppData\Local\Microsoft\WindowsApps;C:\Program Files (x86)\Microsoft Visual Studio\Installer;C:\Program Files\Microsoft Visual Studio\2022\Enterprise\Common7\IDE\CommonExtensions\Microsoft\CMake\CMake\bin;C:\Program Files\Microsoft Visual Studio\2022\Enterprise\Common7\IDE\CommonExtensions\Microsoft\CMake\Ninja;C:\Program Files\Microsoft Visual Studio\2022\Enterprise\Common7\IDE\VC\Linux\bin\ConnectionManagerExe;C:\Program Files\Microsoft Visual Studio\2022\Enterprise\VC\vcpkg
2025-11-12T14:47:33.4831641Z   Platform: x64
2025-11-12T14:47:33.4831799Z   UCRTVersion: 10.0.26100.0
2025-11-12T14:47:33.4832055Z   UniversalCRTSdkDir: C:\Program Files (x86)\Windows Kits\10\
2025-11-12T14:47:33.4832490Z   VCIDEInstallDir: C:\Program Files\Microsoft Visual Studio\2022\Enterprise\Common7\IDE\VC\
2025-11-12T14:47:33.4832949Z   VCINSTALLDIR: C:\Program Files\Microsoft Visual Studio\2022\Enterprise\VC\
2025-11-12T14:47:33.4833371Z   VCPKG_ROOT: C:\Program Files\Microsoft Visual Studio\2022\Enterprise\VC\vcpkg
2025-11-12T14:47:33.4833878Z   VCToolsInstallDir: C:\Program Files\Microsoft Visual Studio\2022\Enterprise\VC\Tools\MSVC\14.44.35207\
2025-11-12T14:47:33.4834452Z   VCToolsRedistDir: C:\Program Files\Microsoft Visual Studio\2022\Enterprise\VC\Redist\MSVC\14.44.35112\
2025-11-12T14:47:33.4834845Z   VCToolsVersion: 14.44.35207
2025-11-12T14:47:33.4835040Z   VisualStudioVersion: 17.0
2025-11-12T14:47:33.4835361Z   VS170COMNTOOLS: C:\Program Files\Microsoft Visual Studio\2022\Enterprise\Common7\Tools\
2025-11-12T14:47:33.4835713Z   VSCMD_ARG_app_plat: Desktop
2025-11-12T14:47:33.4835898Z   VSCMD_ARG_HOST_ARCH: x64
2025-11-12T14:47:33.4836074Z   VSCMD_ARG_TGT_ARCH: x64
2025-11-12T14:47:33.4836241Z   VSCMD_VER: 17.14.19
2025-11-12T14:47:33.4836498Z   VSINSTALLDIR: C:\Program Files\Microsoft Visual Studio\2022\Enterprise\
2025-11-12T14:47:33.4836918Z   VSSDK150INSTALL: C:\Program Files\Microsoft Visual Studio\2022\Enterprise\VSSDK
2025-11-12T14:47:33.4837385Z   VSSDKINSTALL: C:\Program Files\Microsoft Visual Studio\2022\Enterprise\VSSDK
2025-11-12T14:47:33.4837986Z   WindowsLibPath: C:\Program Files (x86)\Windows Kits\10\UnionMetadata\10.0.26100.0;C:\Program Files (x86)\Windows Kits\10\References\10.0.26100.0
2025-11-12T14:47:33.4838547Z   WindowsSdkBinPath: C:\Program Files (x86)\Windows Kits\10\bin\
2025-11-12T14:47:33.4838886Z   WindowsSdkDir: C:\Program Files (x86)\Windows Kits\10\
2025-11-12T14:47:33.4839148Z   WindowsSDKLibVersion: 10.0.26100.0\
2025-11-12T14:47:33.4839625Z   WindowsSdkVerBinPath: C:\Program Files (x86)\Windows Kits\10\bin\10.0.26100.0\
2025-11-12T14:47:33.4839963Z   WindowsSDKVersion: 10.0.26100.0\
2025-11-12T14:47:33.4840363Z   WindowsSDK_ExecutablePath_x64: C:\Program Files (x86)\Microsoft SDKs\Windows\v10.0A\bin\NETFX 4.8 Tools\x64\
2025-11-12T14:47:33.4841108Z   WindowsSDK_ExecutablePath_x86: C:\Program Files (x86)\Microsoft SDKs\Windows\v10.0A\bin\NETFX 4.8 Tools\
2025-11-12T14:47:33.4841515Z   __DOTNET_ADD_64BIT: 1
2025-11-12T14:47:33.4841697Z   __DOTNET_PREFERRED_BITNESS: 64
2025-11-12T14:47:33.4849403Z   __VSCMD_PREINIT_PATH: C:\Program Files\Microsoft Visual Studio\2022\Enterprise\MSBuild\Current\Bin;C:\Program Files\MongoDB\Server\7.0\bin;C:\vcpkg;C:\tools\zstd;C:\hostedtoolcache\windows\stack\3.7.1\x64;C:\cabal\bin;C:\\ghcup\bin;C:\mingw64\bin;C:\Program Files\dotnet;C:\Program Files\MySQL\MySQL Server 8.0\bin;C:\Program Files\R\R-4.5.2\bin\x64;C:\SeleniumWebDrivers\GeckoDriver;C:\SeleniumWebDrivers\EdgeDriver\;C:\SeleniumWebDrivers\ChromeDriver;C:\Program Files (x86)\sbt\bin;C:\Program Files (x86)\GitHub CLI;C:\Program Files\Git\bin;C:\Program Files (x86)\pipx_bin;C:\npm\prefix;C:\hostedtoolcache\windows\go\1.24.9\x64\bin;C:\hostedtoolcache\windows\Python\3.9.13\x64\Scripts;C:\hostedtoolcache\windows\Python\3.9.13\x64;C:\hostedtoolcache\windows\Ruby\3.3.10\x64\bin;C:\Program Files\OpenSSL\bin;C:\tools\kotlinc\bin;C:\hostedtoolcache\windows\Java_Temurin-Hotspot_jdk\17.0.17-10\x64\bin;C:\Program Files\ImageMagick-7.1.2-Q16-HDRI;C:\Program Files\Microsoft SDKs\Azure\CLI2\wbin;C:\ProgramData\kind;C:\ProgramData\Chocolatey\bin;C:\Windows\system32;C:\Windows;C:\Windows\System32\Wbem;C:\Windows\System32\WindowsPowerShell\v1.0\;C:\Windows\System32\OpenSSH\;C:\Program Files\PowerShell\7\;C:\Program Files\Microsoft\Web Platform Installer\;C:\Program Files\Microsoft SQL Server\Client SDK\ODBC\170\Tools\Binn\;C:\Program Files\Microsoft SQL Server\150\Tools\Binn\;C:\Program Files\dotnet\;C:\Program Files (x86)\Windows Kits\10\Windows Performance Toolkit\;C:\Program Files (x86)\WiX Toolset v3.14\bin;C:\Program Files\Microsoft SQL Server\130\DTS\Binn\;C:\Program Files\Microsoft SQL Server\140\DTS\Binn\;C:\Program Files\Microsoft SQL Server\150\DTS\Binn\;C:\Program Files\Microsoft SQL Server\160\DTS\Binn\;C:\Program Files\Microsoft SQL Server\170\DTS\Binn\;C:\ProgramData\chocolatey\lib\pulumi\tools\Pulumi\bin;C:\Program Files\CMake\bin;C:\Strawberry\c\bin;C:\Strawberry\perl\site\bin;C:\Strawberry\perl\bin;C:\ProgramData\chocolatey\lib\maven\apache-maven-3.9.11\bin;C:\Program Files\Microsoft Service Fabric\bin\Fabric\Fabric.Code;C:\Program Files\Microsoft SDKs\Service Fabric\Tools\ServiceFabricLocalClusterManager;C:\Program Files\nodejs\;C:\Program Files\Git\cmd;C:\Program Files\Git\mingw64\bin;C:\Program Files\Git\usr\bin;C:\Program Files\GitHub CLI\;c:\tools\php;C:\Program Files (x86)\sbt\bin;C:\Program Files\Amazon\AWSCLIV2\;C:\Program Files\Amazon\SessionManagerPlugin\bin\;C:\Program Files\Amazon\AWSSAMCLI\bin\;C:\Program Files\Microsoft SQL Server\130\Tools\Binn\;C:\Program Files\mongosh\;C:\Program Files\LLVM\bin;C:\Program Files (x86)\LLVM\bin;C:\Users\runneradmin\.dotnet\tools;C:\Users\runneradmin\.cargo\bin;C:\Users\runneradmin\AppData\Local\Microsoft\WindowsApps;C:\Program Files (x86)\Microsoft Visual Studio\Installer
2025-11-12T14:47:33.4857660Z   GITHUB_TOKEN: ***
2025-11-12T14:47:33.4857837Z ##[endgroup]
2025-11-12T14:47:33.8299969Z Downloading After Effects SDK from private repository...
2025-11-12T14:47:34.0347273Z Found release: sdk
2025-11-12T14:47:34.0438558Z Downloading SDK...
2025-11-12T14:47:34.2331269Z SDK downloaded successfully
2025-11-12T14:47:34.3129561Z ##[group]Run Write-Host "Extracting SDK..."
2025-11-12T14:47:34.3130261Z [36;1mWrite-Host "Extracting SDK..."[0m
2025-11-12T14:47:34.3130502Z [36;1m[0m
2025-11-12T14:47:34.3130773Z [36;1mNew-Item -ItemType Directory -Path "ae_sdk_work" -Force | Out-Null[0m
2025-11-12T14:47:34.3131135Z [36;1mSet-Location "ae_sdk_work"[0m
2025-11-12T14:47:34.3131449Z [36;1mExpand-Archive -Path "..\AE_SDK.zip" -DestinationPath "." -Force[0m
2025-11-12T14:47:34.3131761Z [36;1m[0m
2025-11-12T14:47:34.3132102Z [36;1m$extractScript = Get-ChildItem -Recurse -Filter "extractzstd.bat" | Select-Object -First 1[0m
2025-11-12T14:47:34.3132477Z [36;1m[0m
2025-11-12T14:47:34.3132634Z [36;1mif (-not $extractScript) {[0m
2025-11-12T14:47:34.3132897Z [36;1m  Write-Host "Error: extractzstd.bat not found"[0m
2025-11-12T14:47:34.3133183Z [36;1m  Get-ChildItem -Recurse -Filter "*.bat"[0m
2025-11-12T14:47:34.3133432Z [36;1m  exit 1[0m
2025-11-12T14:47:34.3133574Z [36;1m}[0m
2025-11-12T14:47:34.3133740Z [36;1m[0m
2025-11-12T14:47:34.3133925Z [36;1mSet-Location $extractScript.DirectoryName[0m
2025-11-12T14:47:34.3134169Z [36;1m[0m
2025-11-12T14:47:34.3134355Z [36;1mWrite-Host "Running SDK extraction script..."[0m
2025-11-12T14:47:34.3134611Z [36;1mcmd /c extractzstd.bat[0m
2025-11-12T14:47:34.3134797Z [36;1m[0m
2025-11-12T14:47:34.3134943Z [36;1mif ($LASTEXITCODE -ne 0) {[0m
2025-11-12T14:47:34.3135318Z [36;1m  Write-Host "Warning: extractzstd.bat exited with code $LASTEXITCODE (continuing...)"[0m
2025-11-12T14:47:34.3135675Z [36;1m}[0m
2025-11-12T14:47:34.3135803Z [36;1m[0m
2025-11-12T14:47:34.3135997Z [36;1m# Find SDK root (Headers/Util/Resources location)[0m
2025-11-12T14:47:34.3136253Z [36;1m$sdkRoot = $null[0m
2025-11-12T14:47:34.3136420Z [36;1m[0m
2025-11-12T14:47:34.3136749Z [36;1m$sdkDirs = Get-ChildItem -Directory -Filter "ae*.AfterEffectsSDK" -ErrorAction SilentlyContinue[0m
2025-11-12T14:47:34.3137356Z [36;1mforeach ($dir in $sdkDirs) {[0m
2025-11-12T14:47:34.3137635Z [36;1m  $examplesPath = Join-Path $dir.FullName "Examples"[0m
2025-11-12T14:47:34.3137972Z [36;1m  if ((Test-Path "$examplesPath\Headers") -and [0m
2025-11-12T14:47:34.3138252Z [36;1m      (Test-Path "$examplesPath\Util") -and [0m
2025-11-12T14:47:34.3138528Z [36;1m      (Test-Path "$examplesPath\Resources")) {[0m
2025-11-12T14:47:34.3138781Z [36;1m    $sdkRoot = $examplesPath[0m
2025-11-12T14:47:34.3139037Z [36;1m    Write-Host "SDK root found (Examples): $sdkRoot"[0m
2025-11-12T14:47:34.3139291Z [36;1m    break[0m
2025-11-12T14:47:34.3139448Z [36;1m  }[0m
2025-11-12T14:47:34.3139658Z [36;1m  elseif ((Test-Path "$($dir.FullName)\Headers") -and [0m
2025-11-12T14:47:34.3139966Z [36;1m          (Test-Path "$($dir.FullName)\Util") -and [0m
2025-11-12T14:47:34.3140245Z [36;1m          (Test-Path "$($dir.FullName)\Resources")) {[0m
2025-11-12T14:47:34.3140506Z [36;1m    $sdkRoot = $dir.FullName[0m
2025-11-12T14:47:34.3140761Z [36;1m    Write-Host "SDK root found (direct): $sdkRoot"[0m
2025-11-12T14:47:34.3141000Z [36;1m    break[0m
2025-11-12T14:47:34.3141152Z [36;1m  }[0m
2025-11-12T14:47:34.3141284Z [36;1m}[0m
2025-11-12T14:47:34.3141408Z [36;1m[0m
2025-11-12T14:47:34.3141552Z [36;1mif (-not $sdkRoot) {[0m
2025-11-12T14:47:34.3141776Z [36;1m  Write-Host "Searching for Headers directory..."[0m
2025-11-12T14:47:34.3142258Z [36;1m  $headersDirs = Get-ChildItem -Directory -Recurse -Depth 3 -Filter "Headers" -ErrorAction SilentlyContinue[0m
2025-11-12T14:47:34.3142716Z [36;1m  foreach ($dir in $headersDirs) {[0m
2025-11-12T14:47:34.3142962Z [36;1m    $parent = $dir.Parent.FullName[0m
2025-11-12T14:47:34.3143288Z [36;1m    if ((Test-Path "$parent\Util") -and (Test-Path "$parent\Resources")) {[0m
2025-11-12T14:47:34.3143604Z [36;1m      $sdkRoot = $parent[0m
2025-11-12T14:47:34.3143834Z [36;1m      Write-Host "SDK root found: $sdkRoot"[0m
2025-11-12T14:47:34.3144065Z [36;1m      break[0m
2025-11-12T14:47:34.3146009Z [36;1m    }[0m
2025-11-12T14:47:34.3146230Z [36;1m  }[0m
2025-11-12T14:47:34.3146378Z [36;1m}[0m
2025-11-12T14:47:34.3146519Z [36;1m[0m
2025-11-12T14:47:34.3146670Z [36;1mif (-not $sdkRoot) {[0m
2025-11-12T14:47:34.3146903Z [36;1m  Write-Host "Error: SDK root not found"[0m
2025-11-12T14:47:34.3147305Z [36;1m  Get-ChildItem -Directory -Depth 2 | Select-Object FullName | Format-Table -AutoSize[0m
2025-11-12T14:47:34.3147666Z [36;1m  exit 1[0m
2025-11-12T14:47:34.3147804Z [36;1m}[0m
2025-11-12T14:47:34.3147940Z [36;1m[0m
2025-11-12T14:47:34.3148093Z [36;1mWrite-Host "SDK root: $sdkRoot"[0m
2025-11-12T14:47:34.3148301Z [36;1m[0m
2025-11-12T14:47:34.3148574Z [36;1mNew-Item -ItemType Directory -Path "$sdkRoot\Template" -Force | Out-Null[0m
2025-11-12T14:47:34.3149012Z [36;1mAdd-Content -Path $env:GITHUB_ENV -Value "SDK_ROOT=$sdkRoot"[0m
2025-11-12T14:47:34.3149419Z [36;1mRemove-Item "..\AE_SDK.zip" -Force -ErrorAction SilentlyContinue[0m
2025-11-12T14:47:34.3218877Z shell: C:\Program Files\PowerShell\7\pwsh.EXE -command ". '{0}'"
2025-11-12T14:47:34.3219174Z env:
2025-11-12T14:47:34.3219335Z   CommandPromptType: Native
2025-11-12T14:47:34.3219674Z   DevEnvDir: C:\Program Files\Microsoft Visual Studio\2022\Enterprise\Common7\IDE\
2025-11-12T14:47:34.3220163Z   ExtensionSdkDir: C:\Program Files (x86)\Microsoft SDKs\Windows Kits\10\ExtensionSDKs
2025-11-12T14:47:34.3222209Z   EXTERNAL_INCLUDE: C:\Program Files\Microsoft Visual Studio\2022\Enterprise\VC\Tools\MSVC\14.44.35207\include;C:\Program Files\Microsoft Visual Studio\2022\Enterprise\VC\Tools\MSVC\14.44.35207\ATLMFC\include;C:\Program Files\Microsoft Visual Studio\2022\Enterprise\VC\Auxiliary\VS\include;C:\Program Files (x86)\Windows Kits\10\include\10.0.26100.0\ucrt;C:\Program Files (x86)\Windows Kits\10\\include\10.0.26100.0\\um;C:\Program Files (x86)\Windows Kits\10\\include\10.0.26100.0\\shared;C:\Program Files (x86)\Windows Kits\10\\include\10.0.26100.0\\winrt;C:\Program Files (x86)\Windows Kits\10\\include\10.0.26100.0\\cppwinrt;C:\Program Files (x86)\Windows Kits\NETFXSDK\4.8\include\um
2025-11-12T14:47:34.3224815Z   Framework40Version: v4.0
2025-11-12T14:47:34.3225063Z   FrameworkDir: C:\Windows\Microsoft.NET\Framework64\
2025-11-12T14:47:34.3225383Z   FrameworkDir64: C:\Windows\Microsoft.NET\Framework64\
2025-11-12T14:47:34.3225647Z   FrameworkVersion: v4.0.30319
2025-11-12T14:47:34.3225853Z   FrameworkVersion64: v4.0.30319
2025-11-12T14:47:34.3226323Z   FSHARPINSTALLDIR: C:\Program Files\Microsoft Visual Studio\2022\Enterprise\Common7\IDE\CommonExtensions\Microsoft\FSharp\Tools
2025-11-12T14:47:34.3226861Z   HTMLHelpDir: C:\Program Files (x86)\HTML Help Workshop
2025-11-12T14:47:34.3227309Z   IFCPATH: C:\Program Files\Microsoft Visual Studio\2022\Enterprise\VC\Tools\MSVC\14.44.35207\ifc\x64
2025-11-12T14:47:34.3229710Z   INCLUDE: C:\Program Files\Microsoft Visual Studio\2022\Enterprise\VC\Tools\MSVC\14.44.35207\include;C:\Program Files\Microsoft Visual Studio\2022\Enterprise\VC\Tools\MSVC\14.44.35207\ATLMFC\include;C:\Program Files\Microsoft Visual Studio\2022\Enterprise\VC\Auxiliary\VS\include;C:\Program Files (x86)\Windows Kits\10\include\10.0.26100.0\ucrt;C:\Program Files (x86)\Windows Kits\10\\include\10.0.26100.0\\um;C:\Program Files (x86)\Windows Kits\10\\include\10.0.26100.0\\shared;C:\Program Files (x86)\Windows Kits\10\\include\10.0.26100.0\\winrt;C:\Program Files (x86)\Windows Kits\10\\include\10.0.26100.0\\cppwinrt;C:\Program Files (x86)\Windows Kits\NETFXSDK\4.8\include\um
2025-11-12T14:47:34.3231826Z   is_x64_arch: true
2025-11-12T14:47:34.3232879Z   LIB: C:\Program Files\Microsoft Visual Studio\2022\Enterprise\VC\Tools\MSVC\14.44.35207\ATLMFC\lib\x64;C:\Program Files\Microsoft Visual Studio\2022\Enterprise\VC\Tools\MSVC\14.44.35207\lib\x64;C:\Program Files (x86)\Windows Kits\NETFXSDK\4.8\lib\um\x64;C:\Program Files (x86)\Windows Kits\10\lib\10.0.26100.0\ucrt\x64;C:\Program Files (x86)\Windows Kits\10\\lib\10.0.26100.0\\um\x64
2025-11-12T14:47:34.3235736Z   LIBPATH: C:\Program Files\Microsoft Visual Studio\2022\Enterprise\VC\Tools\MSVC\14.44.35207\ATLMFC\lib\x64;C:\Program Files\Microsoft Visual Studio\2022\Enterprise\VC\Tools\MSVC\14.44.35207\lib\x64;C:\Program Files\Microsoft Visual Studio\2022\Enterprise\VC\Tools\MSVC\14.44.35207\lib\x86\store\references;C:\Program Files (x86)\Windows Kits\10\UnionMetadata\10.0.26100.0;C:\Program Files (x86)\Windows Kits\10\References\10.0.26100.0;C:\Windows\Microsoft.NET\Framework64\v4.0.30319
2025-11-12T14:47:34.3237241Z   NETFXSDKDir: C:\Program Files (x86)\Windows Kits\NETFXSDK\4.8\
2025-11-12T14:47:34.3250392Z   Path: C:\Program Files\Microsoft Visual Studio\2022\Enterprise\VC\Tools\MSVC\14.44.35207\bin\HostX64\x64;C:\Program Files\Microsoft Visual Studio\2022\Enterprise\Common7\IDE\VC\VCPackages;C:\Program Files\Microsoft Visual Studio\2022\Enterprise\Common7\IDE\CommonExtensions\Microsoft\TestWindow;C:\Program Files\Microsoft Visual Studio\2022\Enterprise\Common7\IDE\CommonExtensions\Microsoft\TeamFoundation\Team Explorer;C:\Program Files\Microsoft Visual Studio\2022\Enterprise\MSBuild\Current\bin\Roslyn;C:\Program Files (x86)\Microsoft SDKs\Windows\v10.0A\bin\NETFX 4.8 Tools\x64\;C:\Program Files (x86)\HTML Help Workshop;C:\Program Files\Microsoft Visual Studio\2022\Enterprise\Common7\IDE\CommonExtensions\Microsoft\FSharp\Tools;C:\Program Files\Microsoft Visual Studio\2022\Enterprise\Team Tools\DiagnosticsHub\Collector;C:\Program Files\Microsoft Visual Studio\2022\Enterprise\Common7\IDE\Extensions\Microsoft\CodeCoverage.Console;C:\Program Files\Microsoft Visual Studio\2022\Enterprise\VC\Tools\Llvm\x64\bin;C:\Program Files (x86)\Windows Kits\10\bin\10.0.26100.0\\x64;C:\Program Files (x86)\Windows Kits\10\bin\\x64;C:\Program Files\Microsoft Visual Studio\2022\Enterprise\\MSBuild\Current\Bin\amd64;C:\Windows\Microsoft.NET\Framework64\v4.0.30319;C:\Program Files\Microsoft Visual Studio\2022\Enterprise\Common7\IDE\;C:\Program Files\Microsoft Visual Studio\2022\Enterprise\Common7\Tools\;C:\Program Files\Microsoft Visual Studio\2022\Enterprise\MSBuild\Current\Bin;C:\Program Files\MongoDB\Server\7.0\bin;C:\vcpkg;C:\tools\zstd;C:\hostedtoolcache\windows\stack\3.7.1\x64;C:\cabal\bin;C:\\ghcup\bin;C:\mingw64\bin;C:\Program Files\dotnet;C:\Program Files\MySQL\MySQL Server 8.0\bin;C:\Program Files\R\R-4.5.2\bin\x64;C:\SeleniumWebDrivers\GeckoDriver;C:\SeleniumWebDrivers\EdgeDriver\;C:\SeleniumWebDrivers\ChromeDriver;C:\Program Files (x86)\sbt\bin;C:\Program Files (x86)\GitHub CLI;C:\Program Files\Git\bin;C:\Program Files (x86)\pipx_bin;C:\npm\prefix;C:\hostedtoolcache\windows\go\1.24.9\x64\bin;C:\hostedtoolcache\windows\Python\3.9.13\x64\Scripts;C:\hostedtoolcache\windows\Python\3.9.13\x64;C:\hostedtoolcache\windows\Ruby\3.3.10\x64\bin;C:\Program Files\OpenSSL\bin;C:\tools\kotlinc\bin;C:\hostedtoolcache\windows\Java_Temurin-Hotspot_jdk\17.0.17-10\x64\bin;C:\Program Files\ImageMagick-7.1.2-Q16-HDRI;C:\Program Files\Microsoft SDKs\Azure\CLI2\wbin;C:\ProgramData\kind;C:\ProgramData\Chocolatey\bin;C:\Windows\system32;C:\Windows;C:\Windows\System32\Wbem;C:\Windows\System32\WindowsPowerShell\v1.0\;C:\Windows\System32\OpenSSH\;C:\Program Files\PowerShell\7\;C:\Program Files\Microsoft\Web Platform Installer\;C:\Program Files\Microsoft SQL Server\Client SDK\ODBC\170\Tools\Binn\;C:\Program Files\Microsoft SQL Server\150\Tools\Binn\;C:\Program Files\dotnet\;C:\Program Files (x86)\Windows Kits\10\Windows Performance Toolkit\;C:\Program Files (x86)\WiX Toolset v3.14\bin;C:\Program Files\Microsoft SQL Server\130\DTS\Binn\;C:\Program Files\Microsoft SQL Server\140\DTS\Binn\;C:\Program Files\Microsoft SQL Server\150\DTS\Binn\;C:\Program Files\Microsoft SQL Server\160\DTS\Binn\;C:\Program Files\Microsoft SQL Server\170\DTS\Binn\;C:\ProgramData\chocolatey\lib\pulumi\tools\Pulumi\bin;C:\Program Files\CMake\bin;C:\Strawberry\c\bin;C:\Strawberry\perl\site\bin;C:\Strawberry\perl\bin;C:\ProgramData\chocolatey\lib\maven\apache-maven-3.9.11\bin;C:\Program Files\Microsoft Service Fabric\bin\Fabric\Fabric.Code;C:\Program Files\Microsoft SDKs\Service Fabric\Tools\ServiceFabricLocalClusterManager;C:\Program Files\nodejs\;C:\Program Files\Git\cmd;C:\Program Files\Git\mingw64\bin;C:\Program Files\Git\usr\bin;C:\Program Files\GitHub CLI\;c:\tools\php;C:\Program Files\Amazon\AWSCLIV2\;C:\Program Files\Amazon\SessionManagerPlugin\bin\;C:\Program Files\Amazon\AWSSAMCLI\bin\;C:\Program Files\Microsoft SQL Server\130\Tools\Binn\;C:\Program Files\mongosh\;C:\Program Files\LLVM\bin;C:\Program Files (x86)\LLVM\bin;C:\Users\runneradmin\.dotnet\tools;C:\Users\runneradmin\.cargo\bin;C:\Users\runneradmin\AppData\Local\Microsoft\WindowsApps;C:\Program Files (x86)\Microsoft Visual Studio\Installer;C:\Program Files\Microsoft Visual Studio\2022\Enterprise\Common7\IDE\CommonExtensions\Microsoft\CMake\CMake\bin;C:\Program Files\Microsoft Visual Studio\2022\Enterprise\Common7\IDE\CommonExtensions\Microsoft\CMake\Ninja;C:\Program Files\Microsoft Visual Studio\2022\Enterprise\Common7\IDE\VC\Linux\bin\ConnectionManagerExe;C:\Program Files\Microsoft Visual Studio\2022\Enterprise\VC\vcpkg
2025-11-12T14:47:34.3263299Z   Platform: x64
2025-11-12T14:47:34.3263457Z   UCRTVersion: 10.0.26100.0
2025-11-12T14:47:34.3263715Z   UniversalCRTSdkDir: C:\Program Files (x86)\Windows Kits\10\
2025-11-12T14:47:34.3264145Z   VCIDEInstallDir: C:\Program Files\Microsoft Visual Studio\2022\Enterprise\Common7\IDE\VC\
2025-11-12T14:47:34.3264604Z   VCINSTALLDIR: C:\Program Files\Microsoft Visual Studio\2022\Enterprise\VC\
2025-11-12T14:47:34.3265022Z   VCPKG_ROOT: C:\Program Files\Microsoft Visual Studio\2022\Enterprise\VC\vcpkg
2025-11-12T14:47:34.3265525Z   VCToolsInstallDir: C:\Program Files\Microsoft Visual Studio\2022\Enterprise\VC\Tools\MSVC\14.44.35207\
2025-11-12T14:47:34.3266097Z   VCToolsRedistDir: C:\Program Files\Microsoft Visual Studio\2022\Enterprise\VC\Redist\MSVC\14.44.35112\
2025-11-12T14:47:34.3266498Z   VCToolsVersion: 14.44.35207
2025-11-12T14:47:34.3266692Z   VisualStudioVersion: 17.0
2025-11-12T14:47:34.3267098Z   VS170COMNTOOLS: C:\Program Files\Microsoft Visual Studio\2022\Enterprise\Common7\Tools\
2025-11-12T14:47:34.3267458Z   VSCMD_ARG_app_plat: Desktop
2025-11-12T14:47:34.3267647Z   VSCMD_ARG_HOST_ARCH: x64
2025-11-12T14:47:34.3267820Z   VSCMD_ARG_TGT_ARCH: x64
2025-11-12T14:47:34.3267989Z   VSCMD_VER: 17.14.19
2025-11-12T14:47:34.3268244Z   VSINSTALLDIR: C:\Program Files\Microsoft Visual Studio\2022\Enterprise\
2025-11-12T14:47:34.3268957Z   VSSDK150INSTALL: C:\Program Files\Microsoft Visual Studio\2022\Enterprise\VSSDK
2025-11-12T14:47:34.3269407Z   VSSDKINSTALL: C:\Program Files\Microsoft Visual Studio\2022\Enterprise\VSSDK
2025-11-12T14:47:34.3270003Z   WindowsLibPath: C:\Program Files (x86)\Windows Kits\10\UnionMetadata\10.0.26100.0;C:\Program Files (x86)\Windows Kits\10\References\10.0.26100.0
2025-11-12T14:47:34.3270569Z   WindowsSdkBinPath: C:\Program Files (x86)\Windows Kits\10\bin\
2025-11-12T14:47:34.3270911Z   WindowsSdkDir: C:\Program Files (x86)\Windows Kits\10\
2025-11-12T14:47:34.3271179Z   WindowsSDKLibVersion: 10.0.26100.0\
2025-11-12T14:47:34.3271512Z   WindowsSdkVerBinPath: C:\Program Files (x86)\Windows Kits\10\bin\10.0.26100.0\
2025-11-12T14:47:34.3271845Z   WindowsSDKVersion: 10.0.26100.0\
2025-11-12T14:47:34.3272243Z   WindowsSDK_ExecutablePath_x64: C:\Program Files (x86)\Microsoft SDKs\Windows\v10.0A\bin\NETFX 4.8 Tools\x64\
2025-11-12T14:47:34.3272834Z   WindowsSDK_ExecutablePath_x86: C:\Program Files (x86)\Microsoft SDKs\Windows\v10.0A\bin\NETFX 4.8 Tools\
2025-11-12T14:47:34.3273225Z   __DOTNET_ADD_64BIT: 1
2025-11-12T14:47:34.3273400Z   __DOTNET_PREFERRED_BITNESS: 64
2025-11-12T14:47:34.3281190Z   __VSCMD_PREINIT_PATH: C:\Program Files\Microsoft Visual Studio\2022\Enterprise\MSBuild\Current\Bin;C:\Program Files\MongoDB\Server\7.0\bin;C:\vcpkg;C:\tools\zstd;C:\hostedtoolcache\windows\stack\3.7.1\x64;C:\cabal\bin;C:\\ghcup\bin;C:\mingw64\bin;C:\Program Files\dotnet;C:\Program Files\MySQL\MySQL Server 8.0\bin;C:\Program Files\R\R-4.5.2\bin\x64;C:\SeleniumWebDrivers\GeckoDriver;C:\SeleniumWebDrivers\EdgeDriver\;C:\SeleniumWebDrivers\ChromeDriver;C:\Program Files (x86)\sbt\bin;C:\Program Files (x86)\GitHub CLI;C:\Program Files\Git\bin;C:\Program Files (x86)\pipx_bin;C:\npm\prefix;C:\hostedtoolcache\windows\go\1.24.9\x64\bin;C:\hostedtoolcache\windows\Python\3.9.13\x64\Scripts;C:\hostedtoolcache\windows\Python\3.9.13\x64;C:\hostedtoolcache\windows\Ruby\3.3.10\x64\bin;C:\Program Files\OpenSSL\bin;C:\tools\kotlinc\bin;C:\hostedtoolcache\windows\Java_Temurin-Hotspot_jdk\17.0.17-10\x64\bin;C:\Program Files\ImageMagick-7.1.2-Q16-HDRI;C:\Program Files\Microsoft SDKs\Azure\CLI2\wbin;C:\ProgramData\kind;C:\ProgramData\Chocolatey\bin;C:\Windows\system32;C:\Windows;C:\Windows\System32\Wbem;C:\Windows\System32\WindowsPowerShell\v1.0\;C:\Windows\System32\OpenSSH\;C:\Program Files\PowerShell\7\;C:\Program Files\Microsoft\Web Platform Installer\;C:\Program Files\Microsoft SQL Server\Client SDK\ODBC\170\Tools\Binn\;C:\Program Files\Microsoft SQL Server\150\Tools\Binn\;C:\Program Files\dotnet\;C:\Program Files (x86)\Windows Kits\10\Windows Performance Toolkit\;C:\Program Files (x86)\WiX Toolset v3.14\bin;C:\Program Files\Microsoft SQL Server\130\DTS\Binn\;C:\Program Files\Microsoft SQL Server\140\DTS\Binn\;C:\Program Files\Microsoft SQL Server\150\DTS\Binn\;C:\Program Files\Microsoft SQL Server\160\DTS\Binn\;C:\Program Files\Microsoft SQL Server\170\DTS\Binn\;C:\ProgramData\chocolatey\lib\pulumi\tools\Pulumi\bin;C:\Program Files\CMake\bin;C:\Strawberry\c\bin;C:\Strawberry\perl\site\bin;C:\Strawberry\perl\bin;C:\ProgramData\chocolatey\lib\maven\apache-maven-3.9.11\bin;C:\Program Files\Microsoft Service Fabric\bin\Fabric\Fabric.Code;C:\Program Files\Microsoft SDKs\Service Fabric\Tools\ServiceFabricLocalClusterManager;C:\Program Files\nodejs\;C:\Program Files\Git\cmd;C:\Program Files\Git\mingw64\bin;C:\Program Files\Git\usr\bin;C:\Program Files\GitHub CLI\;c:\tools\php;C:\Program Files (x86)\sbt\bin;C:\Program Files\Amazon\AWSCLIV2\;C:\Program Files\Amazon\SessionManagerPlugin\bin\;C:\Program Files\Amazon\AWSSAMCLI\bin\;C:\Program Files\Microsoft SQL Server\130\Tools\Binn\;C:\Program Files\mongosh\;C:\Program Files\LLVM\bin;C:\Program Files (x86)\LLVM\bin;C:\Users\runneradmin\.dotnet\tools;C:\Users\runneradmin\.cargo\bin;C:\Users\runneradmin\AppData\Local\Microsoft\WindowsApps;C:\Program Files (x86)\Microsoft Visual Studio\Installer
2025-11-12T14:47:34.3289314Z ##[endgroup]
2025-11-12T14:47:34.6193127Z Extracting SDK...
2025-11-12T14:47:35.1541422Z Running SDK extraction script...
2025-11-12T14:47:35.1770788Z 
2025-11-12T14:47:35.1771584Z D:\a\Ae_sep_color\Ae_sep_color\ae_sdk_work\AfterEffectsSDK_25.6_61_win>.\7-Zip-Zstandard\7z.exe x -m0=zstd -mx1  ae25.6_61.64bit.AfterEffectsSDK.zstd.zip -o. 
2025-11-12T14:47:35.1936099Z 
2025-11-12T14:47:35.1936560Z 7-Zip 19.00 ZS v1.4.8 R1 (x64) : Copyright (c) 1999-2019 Igor Pavlov, 2016-2020 Tino Reichardt : 2020-12-19
2025-11-12T14:47:35.1936969Z 
2025-11-12T14:47:35.1937065Z Scanning the drive for archives:
2025-11-12T14:47:35.1937359Z 1 file, 1941777 bytes (1897 KiB)
2025-11-12T14:47:35.1937524Z 
2025-11-12T14:47:35.1937721Z Extracting archive: ae25.6_61.64bit.AfterEffectsSDK.zstd.zip
2025-11-12T14:47:35.4446343Z --
2025-11-12T14:47:35.4446657Z Path = ae25.6_61.64bit.AfterEffectsSDK.zstd.zip
2025-11-12T14:47:35.4446990Z Type = zip
2025-11-12T14:47:35.4447182Z Physical Size = 1941777
2025-11-12T14:47:35.4447358Z 
2025-11-12T14:47:35.4450817Z Everything is Ok
2025-11-12T14:47:35.4450965Z 
2025-11-12T14:47:35.4451025Z Folders: 165
2025-11-12T14:47:35.4451171Z Files: 433
2025-11-12T14:47:35.4451316Z Size:       5535752
2025-11-12T14:47:35.4451485Z Compressed: 1941777
2025-11-12T14:47:35.4601071Z SDK root found (Examples): D:\a\Ae_sep_color\Ae_sep_color\ae_sdk_work\AfterEffectsSDK_25.6_61_win\ae25.6_61.64bit.AfterEffectsSDK\Examples
2025-11-12T14:47:35.4614141Z SDK root: D:\a\Ae_sep_color\Ae_sep_color\ae_sdk_work\AfterEffectsSDK_25.6_61_win\ae25.6_61.64bit.AfterEffectsSDK\Examples
2025-11-12T14:47:35.5562715Z ##[group]Run $pluginBuildDir = "D:\a\Ae_sep_color\Ae_sep_color\ae_plugin_output"
2025-11-12T14:47:35.5563462Z [36;1m$pluginBuildDir = "D:\a\Ae_sep_color\Ae_sep_color\ae_plugin_output"[0m
2025-11-12T14:47:35.5564008Z [36;1mNew-Item -ItemType Directory -Path $pluginBuildDir -Force | Out-Null[0m
2025-11-12T14:47:35.5564481Z [36;1m$env:AE_PLUGIN_BUILD_DIR = $pluginBuildDir[0m
2025-11-12T14:47:35.5564773Z [36;1m[0m
2025-11-12T14:47:35.5565003Z [36;1m$sdkParent = Split-Path $env:SDK_ROOT -Parent[0m
2025-11-12T14:47:35.5565326Z [36;1mSet-Location $sdkParent[0m
2025-11-12T14:47:35.5565550Z [36;1m[0m
2025-11-12T14:47:35.5565719Z [36;1m$buildSln = $null[0m
2025-11-12T14:47:35.5565927Z [36;1m[0m
2025-11-12T14:47:35.5566111Z [36;1mif (Test-Path "BuildAll.sln") {[0m
2025-11-12T14:47:35.5566393Z [36;1m  $buildSln = "BuildAll.sln"[0m
2025-11-12T14:47:35.5566698Z [36;1m} elseif (Test-Path "Examples\BuildAll.sln") {[0m
2025-11-12T14:47:35.5567473Z [36;1m  Set-Location Examples[0m
2025-11-12T14:47:35.5567733Z [36;1m  $buildSln = "BuildAll.sln"[0m
2025-11-12T14:47:35.5568009Z [36;1m}[0m
2025-11-12T14:47:35.5568232Z [36;1m[0m
2025-11-12T14:47:35.5568458Z [36;1mif ($buildSln) {[0m
2025-11-12T14:47:35.5568877Z [36;1m  Write-Host "Building SDK dependencies ($buildSln)..."[0m
2025-11-12T14:47:35.5569276Z [36;1m  Write-Host "Note: This may fail without admin rights"[0m
2025-11-12T14:47:35.5569877Z [36;1m  [0m
2025-11-12T14:47:35.5570124Z [36;1m  $buildSuccess = $false[0m
2025-11-12T14:47:35.5570395Z [36;1m  try {[0m
2025-11-12T14:47:35.5570651Z [36;1m    msbuild $buildSln `[0m
2025-11-12T14:47:35.5570909Z [36;1m      /p:Configuration=Debug `[0m
2025-11-12T14:47:35.5571237Z [36;1m      /p:Platform=x64 `[0m
2025-11-12T14:47:35.5571534Z [36;1m      /t:Build `[0m
2025-11-12T14:47:35.5571755Z [36;1m      /v:minimal `[0m
2025-11-12T14:47:35.5572137Z [36;1m      /m:1 `[0m
2025-11-12T14:47:35.5572411Z [36;1m      /nologo `[0m
2025-11-12T14:47:35.5572663Z [36;1m      /maxcpucount:1 2>&1 | Out-Null[0m
2025-11-12T14:47:35.5573185Z [36;1m    [0m
2025-11-12T14:47:35.5573399Z [36;1m    if ($LASTEXITCODE -eq 0) {[0m
2025-11-12T14:47:35.5573770Z [36;1m      Write-Host "SDK dependencies built successfully"[0m
2025-11-12T14:47:35.5574124Z [36;1m      $buildSuccess = $true[0m
2025-11-12T14:47:35.5574368Z [36;1m    }[0m
2025-11-12T14:47:35.5574596Z [36;1m  } catch {[0m
2025-11-12T14:47:35.5574866Z [36;1m    # Silently ignore build errors[0m
2025-11-12T14:47:35.5587308Z [36;1m  }[0m
2025-11-12T14:47:35.5587597Z [36;1m  [0m
2025-11-12T14:47:35.5587863Z [36;1m  if (-not $buildSuccess) {[0m
2025-11-12T14:47:35.5588460Z [36;1m    Write-Host "SDK dependencies build skipped (not required for plugin build)"[0m
2025-11-12T14:47:35.5588830Z [36;1m  }[0m
2025-11-12T14:47:35.5588982Z [36;1m} else {[0m
2025-11-12T14:47:35.5589261Z [36;1m  Write-Host "BuildAll.sln not found (not required for plugin build)"[0m
2025-11-12T14:47:35.5589593Z [36;1m}[0m
2025-11-12T14:47:35.5589958Z [36;1m[0m
2025-11-12T14:47:35.5590112Z [36;1m# Always succeed this step[0m
2025-11-12T14:47:35.5590317Z [36;1mexit 0[0m
2025-11-12T14:47:35.5660362Z shell: C:\Program Files\PowerShell\7\pwsh.EXE -command ". '{0}'"
2025-11-12T14:47:35.5660666Z env:
2025-11-12T14:47:35.5660827Z   CommandPromptType: Native
2025-11-12T14:47:35.5661158Z   DevEnvDir: C:\Program Files\Microsoft Visual Studio\2022\Enterprise\Common7\IDE\
2025-11-12T14:47:35.5661631Z   ExtensionSdkDir: C:\Program Files (x86)\Microsoft SDKs\Windows Kits\10\ExtensionSDKs
2025-11-12T14:47:35.5665466Z   EXTERNAL_INCLUDE: C:\Program Files\Microsoft Visual Studio\2022\Enterprise\VC\Tools\MSVC\14.44.35207\include;C:\Program Files\Microsoft Visual Studio\2022\Enterprise\VC\Tools\MSVC\14.44.35207\ATLMFC\include;C:\Program Files\Microsoft Visual Studio\2022\Enterprise\VC\Auxiliary\VS\include;C:\Program Files (x86)\Windows Kits\10\include\10.0.26100.0\ucrt;C:\Program Files (x86)\Windows Kits\10\\include\10.0.26100.0\\um;C:\Program Files (x86)\Windows Kits\10\\include\10.0.26100.0\\shared;C:\Program Files (x86)\Windows Kits\10\\include\10.0.26100.0\\winrt;C:\Program Files (x86)\Windows Kits\10\\include\10.0.26100.0\\cppwinrt;C:\Program Files (x86)\Windows Kits\NETFXSDK\4.8\include\um
2025-11-12T14:47:35.5667458Z   Framework40Version: v4.0
2025-11-12T14:47:35.5667705Z   FrameworkDir: C:\Windows\Microsoft.NET\Framework64\
2025-11-12T14:47:35.5668022Z   FrameworkDir64: C:\Windows\Microsoft.NET\Framework64\
2025-11-12T14:47:35.5668288Z   FrameworkVersion: v4.0.30319
2025-11-12T14:47:35.5668494Z   FrameworkVersion64: v4.0.30319
2025-11-12T14:47:35.5668968Z   FSHARPINSTALLDIR: C:\Program Files\Microsoft Visual Studio\2022\Enterprise\Common7\IDE\CommonExtensions\Microsoft\FSharp\Tools
2025-11-12T14:47:35.5669510Z   HTMLHelpDir: C:\Program Files (x86)\HTML Help Workshop
2025-11-12T14:47:35.5669946Z   IFCPATH: C:\Program Files\Microsoft Visual Studio\2022\Enterprise\VC\Tools\MSVC\14.44.35207\ifc\x64
2025-11-12T14:47:35.5672232Z   INCLUDE: C:\Program Files\Microsoft Visual Studio\2022\Enterprise\VC\Tools\MSVC\14.44.35207\include;C:\Program Files\Microsoft Visual Studio\2022\Enterprise\VC\Tools\MSVC\14.44.35207\ATLMFC\include;C:\Program Files\Microsoft Visual Studio\2022\Enterprise\VC\Auxiliary\VS\include;C:\Program Files (x86)\Windows Kits\10\include\10.0.26100.0\ucrt;C:\Program Files (x86)\Windows Kits\10\\include\10.0.26100.0\\um;C:\Program Files (x86)\Windows Kits\10\\include\10.0.26100.0\\shared;C:\Program Files (x86)\Windows Kits\10\\include\10.0.26100.0\\winrt;C:\Program Files (x86)\Windows Kits\10\\include\10.0.26100.0\\cppwinrt;C:\Program Files (x86)\Windows Kits\NETFXSDK\4.8\include\um
2025-11-12T14:47:35.5674392Z   is_x64_arch: true
2025-11-12T14:47:35.5675430Z   LIB: C:\Program Files\Microsoft Visual Studio\2022\Enterprise\VC\Tools\MSVC\14.44.35207\ATLMFC\lib\x64;C:\Program Files\Microsoft Visual Studio\2022\Enterprise\VC\Tools\MSVC\14.44.35207\lib\x64;C:\Program Files (x86)\Windows Kits\NETFXSDK\4.8\lib\um\x64;C:\Program Files (x86)\Windows Kits\10\lib\10.0.26100.0\ucrt\x64;C:\Program Files (x86)\Windows Kits\10\\lib\10.0.26100.0\\um\x64
2025-11-12T14:47:35.5677847Z   LIBPATH: C:\Program Files\Microsoft Visual Studio\2022\Enterprise\VC\Tools\MSVC\14.44.35207\ATLMFC\lib\x64;C:\Program Files\Microsoft Visual Studio\2022\Enterprise\VC\Tools\MSVC\14.44.35207\lib\x64;C:\Program Files\Microsoft Visual Studio\2022\Enterprise\VC\Tools\MSVC\14.44.35207\lib\x86\store\references;C:\Program Files (x86)\Windows Kits\10\UnionMetadata\10.0.26100.0;C:\Program Files (x86)\Windows Kits\10\References\10.0.26100.0;C:\Windows\Microsoft.NET\Framework64\v4.0.30319
2025-11-12T14:47:35.5679282Z   NETFXSDKDir: C:\Program Files (x86)\Windows Kits\NETFXSDK\4.8\
2025-11-12T14:47:35.5693491Z   Path: C:\Program Files\Microsoft Visual Studio\2022\Enterprise\VC\Tools\MSVC\14.44.35207\bin\HostX64\x64;C:\Program Files\Microsoft Visual Studio\2022\Enterprise\Common7\IDE\VC\VCPackages;C:\Program Files\Microsoft Visual Studio\2022\Enterprise\Common7\IDE\CommonExtensions\Microsoft\TestWindow;C:\Program Files\Microsoft Visual Studio\2022\Enterprise\Common7\IDE\CommonExtensions\Microsoft\TeamFoundation\Team Explorer;C:\Program Files\Microsoft Visual Studio\2022\Enterprise\MSBuild\Current\bin\Roslyn;C:\Program Files (x86)\Microsoft SDKs\Windows\v10.0A\bin\NETFX 4.8 Tools\x64\;C:\Program Files (x86)\HTML Help Workshop;C:\Program Files\Microsoft Visual Studio\2022\Enterprise\Common7\IDE\CommonExtensions\Microsoft\FSharp\Tools;C:\Program Files\Microsoft Visual Studio\2022\Enterprise\Team Tools\DiagnosticsHub\Collector;C:\Program Files\Microsoft Visual Studio\2022\Enterprise\Common7\IDE\Extensions\Microsoft\CodeCoverage.Console;C:\Program Files\Microsoft Visual Studio\2022\Enterprise\VC\Tools\Llvm\x64\bin;C:\Program Files (x86)\Windows Kits\10\bin\10.0.26100.0\\x64;C:\Program Files (x86)\Windows Kits\10\bin\\x64;C:\Program Files\Microsoft Visual Studio\2022\Enterprise\\MSBuild\Current\Bin\amd64;C:\Windows\Microsoft.NET\Framework64\v4.0.30319;C:\Program Files\Microsoft Visual Studio\2022\Enterprise\Common7\IDE\;C:\Program Files\Microsoft Visual Studio\2022\Enterprise\Common7\Tools\;C:\Program Files\Microsoft Visual Studio\2022\Enterprise\MSBuild\Current\Bin;C:\Program Files\MongoDB\Server\7.0\bin;C:\vcpkg;C:\tools\zstd;C:\hostedtoolcache\windows\stack\3.7.1\x64;C:\cabal\bin;C:\\ghcup\bin;C:\mingw64\bin;C:\Program Files\dotnet;C:\Program Files\MySQL\MySQL Server 8.0\bin;C:\Program Files\R\R-4.5.2\bin\x64;C:\SeleniumWebDrivers\GeckoDriver;C:\SeleniumWebDrivers\EdgeDriver\;C:\SeleniumWebDrivers\ChromeDriver;C:\Program Files (x86)\sbt\bin;C:\Program Files (x86)\GitHub CLI;C:\Program Files\Git\bin;C:\Program Files (x86)\pipx_bin;C:\npm\prefix;C:\hostedtoolcache\windows\go\1.24.9\x64\bin;C:\hostedtoolcache\windows\Python\3.9.13\x64\Scripts;C:\hostedtoolcache\windows\Python\3.9.13\x64;C:\hostedtoolcache\windows\Ruby\3.3.10\x64\bin;C:\Program Files\OpenSSL\bin;C:\tools\kotlinc\bin;C:\hostedtoolcache\windows\Java_Temurin-Hotspot_jdk\17.0.17-10\x64\bin;C:\Program Files\ImageMagick-7.1.2-Q16-HDRI;C:\Program Files\Microsoft SDKs\Azure\CLI2\wbin;C:\ProgramData\kind;C:\ProgramData\Chocolatey\bin;C:\Windows\system32;C:\Windows;C:\Windows\System32\Wbem;C:\Windows\System32\WindowsPowerShell\v1.0\;C:\Windows\System32\OpenSSH\;C:\Program Files\PowerShell\7\;C:\Program Files\Microsoft\Web Platform Installer\;C:\Program Files\Microsoft SQL Server\Client SDK\ODBC\170\Tools\Binn\;C:\Program Files\Microsoft SQL Server\150\Tools\Binn\;C:\Program Files\dotnet\;C:\Program Files (x86)\Windows Kits\10\Windows Performance Toolkit\;C:\Program Files (x86)\WiX Toolset v3.14\bin;C:\Program Files\Microsoft SQL Server\130\DTS\Binn\;C:\Program Files\Microsoft SQL Server\140\DTS\Binn\;C:\Program Files\Microsoft SQL Server\150\DTS\Binn\;C:\Program Files\Microsoft SQL Server\160\DTS\Binn\;C:\Program Files\Microsoft SQL Server\170\DTS\Binn\;C:\ProgramData\chocolatey\lib\pulumi\tools\Pulumi\bin;C:\Program Files\CMake\bin;C:\Strawberry\c\bin;C:\Strawberry\perl\site\bin;C:\Strawberry\perl\bin;C:\ProgramData\chocolatey\lib\maven\apache-maven-3.9.11\bin;C:\Program Files\Microsoft Service Fabric\bin\Fabric\Fabric.Code;C:\Program Files\Microsoft SDKs\Service Fabric\Tools\ServiceFabricLocalClusterManager;C:\Program Files\nodejs\;C:\Program Files\Git\cmd;C:\Program Files\Git\mingw64\bin;C:\Program Files\Git\usr\bin;C:\Program Files\GitHub CLI\;c:\tools\php;C:\Program Files\Amazon\AWSCLIV2\;C:\Program Files\Amazon\SessionManagerPlugin\bin\;C:\Program Files\Amazon\AWSSAMCLI\bin\;C:\Program Files\Microsoft SQL Server\130\Tools\Binn\;C:\Program Files\mongosh\;C:\Program Files\LLVM\bin;C:\Program Files (x86)\LLVM\bin;C:\Users\runneradmin\.dotnet\tools;C:\Users\runneradmin\.cargo\bin;C:\Users\runneradmin\AppData\Local\Microsoft\WindowsApps;C:\Program Files (x86)\Microsoft Visual Studio\Installer;C:\Program Files\Microsoft Visual Studio\2022\Enterprise\Common7\IDE\CommonExtensions\Microsoft\CMake\CMake\bin;C:\Program Files\Microsoft Visual Studio\2022\Enterprise\Common7\IDE\CommonExtensions\Microsoft\CMake\Ninja;C:\Program Files\Microsoft Visual Studio\2022\Enterprise\Common7\IDE\VC\Linux\bin\ConnectionManagerExe;C:\Program Files\Microsoft Visual Studio\2022\Enterprise\VC\vcpkg
2025-11-12T14:47:35.5706392Z   Platform: x64
2025-11-12T14:47:35.5706562Z   UCRTVersion: 10.0.26100.0
2025-11-12T14:47:35.5706826Z   UniversalCRTSdkDir: C:\Program Files (x86)\Windows Kits\10\
2025-11-12T14:47:35.5707256Z   VCIDEInstallDir: C:\Program Files\Microsoft Visual Studio\2022\Enterprise\Common7\IDE\VC\
2025-11-12T14:47:35.5707718Z   VCINSTALLDIR: C:\Program Files\Microsoft Visual Studio\2022\Enterprise\VC\
2025-11-12T14:47:35.5708133Z   VCPKG_ROOT: C:\Program Files\Microsoft Visual Studio\2022\Enterprise\VC\vcpkg
2025-11-12T14:47:35.5708862Z   VCToolsInstallDir: C:\Program Files\Microsoft Visual Studio\2022\Enterprise\VC\Tools\MSVC\14.44.35207\
2025-11-12T14:47:35.5709448Z   VCToolsRedistDir: C:\Program Files\Microsoft Visual Studio\2022\Enterprise\VC\Redist\MSVC\14.44.35112\
2025-11-12T14:47:35.5709949Z   VCToolsVersion: 14.44.35207
2025-11-12T14:47:35.5710151Z   VisualStudioVersion: 17.0
2025-11-12T14:47:35.5710484Z   VS170COMNTOOLS: C:\Program Files\Microsoft Visual Studio\2022\Enterprise\Common7\Tools\
2025-11-12T14:47:35.5710977Z   VSCMD_ARG_app_plat: Desktop
2025-11-12T14:47:35.5711220Z   VSCMD_ARG_HOST_ARCH: x64
2025-11-12T14:47:35.5711402Z   VSCMD_ARG_TGT_ARCH: x64
2025-11-12T14:47:35.5711567Z   VSCMD_VER: 17.14.19
2025-11-12T14:47:35.5711834Z   VSINSTALLDIR: C:\Program Files\Microsoft Visual Studio\2022\Enterprise\
2025-11-12T14:47:35.5712263Z   VSSDK150INSTALL: C:\Program Files\Microsoft Visual Studio\2022\Enterprise\VSSDK
2025-11-12T14:47:35.5712693Z   VSSDKINSTALL: C:\Program Files\Microsoft Visual Studio\2022\Enterprise\VSSDK
2025-11-12T14:47:35.5713290Z   WindowsLibPath: C:\Program Files (x86)\Windows Kits\10\UnionMetadata\10.0.26100.0;C:\Program Files (x86)\Windows Kits\10\References\10.0.26100.0
2025-11-12T14:47:35.5713864Z   WindowsSdkBinPath: C:\Program Files (x86)\Windows Kits\10\bin\
2025-11-12T14:47:35.5714195Z   WindowsSdkDir: C:\Program Files (x86)\Windows Kits\10\
2025-11-12T14:47:35.5714473Z   WindowsSDKLibVersion: 10.0.26100.0\
2025-11-12T14:47:35.5714807Z   WindowsSdkVerBinPath: C:\Program Files (x86)\Windows Kits\10\bin\10.0.26100.0\
2025-11-12T14:47:35.5715133Z   WindowsSDKVersion: 10.0.26100.0\
2025-11-12T14:47:35.5715535Z   WindowsSDK_ExecutablePath_x64: C:\Program Files (x86)\Microsoft SDKs\Windows\v10.0A\bin\NETFX 4.8 Tools\x64\
2025-11-12T14:47:35.5716125Z   WindowsSDK_ExecutablePath_x86: C:\Program Files (x86)\Microsoft SDKs\Windows\v10.0A\bin\NETFX 4.8 Tools\
2025-11-12T14:47:35.5716510Z   __DOTNET_ADD_64BIT: 1
2025-11-12T14:47:35.5716694Z   __DOTNET_PREFERRED_BITNESS: 64
2025-11-12T14:47:35.5724409Z   __VSCMD_PREINIT_PATH: C:\Program Files\Microsoft Visual Studio\2022\Enterprise\MSBuild\Current\Bin;C:\Program Files\MongoDB\Server\7.0\bin;C:\vcpkg;C:\tools\zstd;C:\hostedtoolcache\windows\stack\3.7.1\x64;C:\cabal\bin;C:\\ghcup\bin;C:\mingw64\bin;C:\Program Files\dotnet;C:\Program Files\MySQL\MySQL Server 8.0\bin;C:\Program Files\R\R-4.5.2\bin\x64;C:\SeleniumWebDrivers\GeckoDriver;C:\SeleniumWebDrivers\EdgeDriver\;C:\SeleniumWebDrivers\ChromeDriver;C:\Program Files (x86)\sbt\bin;C:\Program Files (x86)\GitHub CLI;C:\Program Files\Git\bin;C:\Program Files (x86)\pipx_bin;C:\npm\prefix;C:\hostedtoolcache\windows\go\1.24.9\x64\bin;C:\hostedtoolcache\windows\Python\3.9.13\x64\Scripts;C:\hostedtoolcache\windows\Python\3.9.13\x64;C:\hostedtoolcache\windows\Ruby\3.3.10\x64\bin;C:\Program Files\OpenSSL\bin;C:\tools\kotlinc\bin;C:\hostedtoolcache\windows\Java_Temurin-Hotspot_jdk\17.0.17-10\x64\bin;C:\Program Files\ImageMagick-7.1.2-Q16-HDRI;C:\Program Files\Microsoft SDKs\Azure\CLI2\wbin;C:\ProgramData\kind;C:\ProgramData\Chocolatey\bin;C:\Windows\system32;C:\Windows;C:\Windows\System32\Wbem;C:\Windows\System32\WindowsPowerShell\v1.0\;C:\Windows\System32\OpenSSH\;C:\Program Files\PowerShell\7\;C:\Program Files\Microsoft\Web Platform Installer\;C:\Program Files\Microsoft SQL Server\Client SDK\ODBC\170\Tools\Binn\;C:\Program Files\Microsoft SQL Server\150\Tools\Binn\;C:\Program Files\dotnet\;C:\Program Files (x86)\Windows Kits\10\Windows Performance Toolkit\;C:\Program Files (x86)\WiX Toolset v3.14\bin;C:\Program Files\Microsoft SQL Server\130\DTS\Binn\;C:\Program Files\Microsoft SQL Server\140\DTS\Binn\;C:\Program Files\Microsoft SQL Server\150\DTS\Binn\;C:\Program Files\Microsoft SQL Server\160\DTS\Binn\;C:\Program Files\Microsoft SQL Server\170\DTS\Binn\;C:\ProgramData\chocolatey\lib\pulumi\tools\Pulumi\bin;C:\Program Files\CMake\bin;C:\Strawberry\c\bin;C:\Strawberry\perl\site\bin;C:\Strawberry\perl\bin;C:\ProgramData\chocolatey\lib\maven\apache-maven-3.9.11\bin;C:\Program Files\Microsoft Service Fabric\bin\Fabric\Fabric.Code;C:\Program Files\Microsoft SDKs\Service Fabric\Tools\ServiceFabricLocalClusterManager;C:\Program Files\nodejs\;C:\Program Files\Git\cmd;C:\Program Files\Git\mingw64\bin;C:\Program Files\Git\usr\bin;C:\Program Files\GitHub CLI\;c:\tools\php;C:\Program Files (x86)\sbt\bin;C:\Program Files\Amazon\AWSCLIV2\;C:\Program Files\Amazon\SessionManagerPlugin\bin\;C:\Program Files\Amazon\AWSSAMCLI\bin\;C:\Program Files\Microsoft SQL Server\130\Tools\Binn\;C:\Program Files\mongosh\;C:\Program Files\LLVM\bin;C:\Program Files (x86)\LLVM\bin;C:\Users\runneradmin\.dotnet\tools;C:\Users\runneradmin\.cargo\bin;C:\Users\runneradmin\AppData\Local\Microsoft\WindowsApps;C:\Program Files (x86)\Microsoft Visual Studio\Installer
2025-11-12T14:47:35.5732826Z   SDK_ROOT: D:\a\Ae_sep_color\Ae_sep_color\ae_sdk_work\AfterEffectsSDK_25.6_61_win\ae25.6_61.64bit.AfterEffectsSDK\Examples
2025-11-12T14:47:35.5733249Z ##[endgroup]
2025-11-12T14:47:35.9193855Z Building SDK dependencies (BuildAll.sln)...
2025-11-12T14:47:35.9199573Z Note: This may fail without admin rights
2025-11-12T14:49:03.6780202Z SDK dependencies build skipped (not required for plugin build)
2025-11-12T14:49:03.7238432Z ##[group]Run Write-Host "Copying plugin to SDK Template directory..."
2025-11-12T14:49:03.7239243Z [36;1mWrite-Host "Copying plugin to SDK Template directory..."[0m
2025-11-12T14:49:03.7239772Z [36;1m[0m
2025-11-12T14:49:03.7240131Z [36;1m$pluginDir = "$env:SDK_ROOT\Template\sep_color"[0m
2025-11-12T14:49:03.7240782Z [36;1mNew-Item -ItemType Directory -Path $pluginDir -Force | Out-Null[0m
2025-11-12T14:49:03.7241336Z [36;1m[0m
2025-11-12T14:49:03.7241736Z [36;1m$excludeDirs = @('.git', 'tmp', 'ae_sdk_work', '.github', 'output')[0m
2025-11-12T14:49:03.7242250Z [36;1m[0m
2025-11-12T14:49:03.7242702Z [36;1mGet-ChildItem "D:\a\Ae_sep_color\Ae_sep_color" -Force | Where-Object {[0m
2025-11-12T14:49:03.7243418Z [36;1m  $_.Name -notin $excludeDirs -and $_.Name -ne 'AE_SDK.zip'[0m
2025-11-12T14:49:03.7244196Z [36;1m} | ForEach-Object {[0m
2025-11-12T14:49:03.7244728Z [36;1m  Copy-Item -Path $_.FullName -Destination $pluginDir -Recurse -Force[0m
2025-11-12T14:49:03.7245302Z [36;1m}[0m
2025-11-12T14:49:03.7245518Z [36;1m[0m
2025-11-12T14:49:03.7245813Z [36;1mWrite-Host "Plugin copied to: $pluginDir"[0m
2025-11-12T14:49:03.7246739Z [36;1mAdd-Content -Path $env:GITHUB_ENV -Value "PLUGIN_DIR=$pluginDir"[0m
2025-11-12T14:49:03.7322797Z shell: C:\Program Files\PowerShell\7\pwsh.EXE -command ". '{0}'"
2025-11-12T14:49:03.7323109Z env:
2025-11-12T14:49:03.7323272Z   CommandPromptType: Native
2025-11-12T14:49:03.7323618Z   DevEnvDir: C:\Program Files\Microsoft Visual Studio\2022\Enterprise\Common7\IDE\
2025-11-12T14:49:03.7324104Z   ExtensionSdkDir: C:\Program Files (x86)\Microsoft SDKs\Windows Kits\10\ExtensionSDKs
2025-11-12T14:49:03.7326575Z   EXTERNAL_INCLUDE: C:\Program Files\Microsoft Visual Studio\2022\Enterprise\VC\Tools\MSVC\14.44.35207\include;C:\Program Files\Microsoft Visual Studio\2022\Enterprise\VC\Tools\MSVC\14.44.35207\ATLMFC\include;C:\Program Files\Microsoft Visual Studio\2022\Enterprise\VC\Auxiliary\VS\include;C:\Program Files (x86)\Windows Kits\10\include\10.0.26100.0\ucrt;C:\Program Files (x86)\Windows Kits\10\\include\10.0.26100.0\\um;C:\Program Files (x86)\Windows Kits\10\\include\10.0.26100.0\\shared;C:\Program Files (x86)\Windows Kits\10\\include\10.0.26100.0\\winrt;C:\Program Files (x86)\Windows Kits\10\\include\10.0.26100.0\\cppwinrt;C:\Program Files (x86)\Windows Kits\NETFXSDK\4.8\include\um
2025-11-12T14:49:03.7328468Z   Framework40Version: v4.0
2025-11-12T14:49:03.7328706Z   FrameworkDir: C:\Windows\Microsoft.NET\Framework64\
2025-11-12T14:49:03.7329020Z   FrameworkDir64: C:\Windows\Microsoft.NET\Framework64\
2025-11-12T14:49:03.7329287Z   FrameworkVersion: v4.0.30319
2025-11-12T14:49:03.7329484Z   FrameworkVersion64: v4.0.30319
2025-11-12T14:49:03.7329960Z   FSHARPINSTALLDIR: C:\Program Files\Microsoft Visual Studio\2022\Enterprise\Common7\IDE\CommonExtensions\Microsoft\FSharp\Tools
2025-11-12T14:49:03.7330495Z   HTMLHelpDir: C:\Program Files (x86)\HTML Help Workshop
2025-11-12T14:49:03.7330938Z   IFCPATH: C:\Program Files\Microsoft Visual Studio\2022\Enterprise\VC\Tools\MSVC\14.44.35207\ifc\x64
2025-11-12T14:49:03.7332986Z   INCLUDE: C:\Program Files\Microsoft Visual Studio\2022\Enterprise\VC\Tools\MSVC\14.44.35207\include;C:\Program Files\Microsoft Visual Studio\2022\Enterprise\VC\Tools\MSVC\14.44.35207\ATLMFC\include;C:\Program Files\Microsoft Visual Studio\2022\Enterprise\VC\Auxiliary\VS\include;C:\Program Files (x86)\Windows Kits\10\include\10.0.26100.0\ucrt;C:\Program Files (x86)\Windows Kits\10\\include\10.0.26100.0\\um;C:\Program Files (x86)\Windows Kits\10\\include\10.0.26100.0\\shared;C:\Program Files (x86)\Windows Kits\10\\include\10.0.26100.0\\winrt;C:\Program Files (x86)\Windows Kits\10\\include\10.0.26100.0\\cppwinrt;C:\Program Files (x86)\Windows Kits\NETFXSDK\4.8\include\um
2025-11-12T14:49:03.7334880Z   is_x64_arch: true
2025-11-12T14:49:03.7337908Z   LIB: C:\Program Files\Microsoft Visual Studio\2022\Enterprise\VC\Tools\MSVC\14.44.35207\ATLMFC\lib\x64;C:\Program Files\Microsoft Visual Studio\2022\Enterprise\VC\Tools\MSVC\14.44.35207\lib\x64;C:\Program Files (x86)\Windows Kits\NETFXSDK\4.8\lib\um\x64;C:\Program Files (x86)\Windows Kits\10\lib\10.0.26100.0\ucrt\x64;C:\Program Files (x86)\Windows Kits\10\\lib\10.0.26100.0\\um\x64
2025-11-12T14:49:03.7340297Z   LIBPATH: C:\Program Files\Microsoft Visual Studio\2022\Enterprise\VC\Tools\MSVC\14.44.35207\ATLMFC\lib\x64;C:\Program Files\Microsoft Visual Studio\2022\Enterprise\VC\Tools\MSVC\14.44.35207\lib\x64;C:\Program Files\Microsoft Visual Studio\2022\Enterprise\VC\Tools\MSVC\14.44.35207\lib\x86\store\references;C:\Program Files (x86)\Windows Kits\10\UnionMetadata\10.0.26100.0;C:\Program Files (x86)\Windows Kits\10\References\10.0.26100.0;C:\Windows\Microsoft.NET\Framework64\v4.0.30319
2025-11-12T14:49:03.7341781Z   NETFXSDKDir: C:\Program Files (x86)\Windows Kits\NETFXSDK\4.8\
2025-11-12T14:49:03.7355646Z   Path: C:\Program Files\Microsoft Visual Studio\2022\Enterprise\VC\Tools\MSVC\14.44.35207\bin\HostX64\x64;C:\Program Files\Microsoft Visual Studio\2022\Enterprise\Common7\IDE\VC\VCPackages;C:\Program Files\Microsoft Visual Studio\2022\Enterprise\Common7\IDE\CommonExtensions\Microsoft\TestWindow;C:\Program Files\Microsoft Visual Studio\2022\Enterprise\Common7\IDE\CommonExtensions\Microsoft\TeamFoundation\Team Explorer;C:\Program Files\Microsoft Visual Studio\2022\Enterprise\MSBuild\Current\bin\Roslyn;C:\Program Files (x86)\Microsoft SDKs\Windows\v10.0A\bin\NETFX 4.8 Tools\x64\;C:\Program Files (x86)\HTML Help Workshop;C:\Program Files\Microsoft Visual Studio\2022\Enterprise\Common7\IDE\CommonExtensions\Microsoft\FSharp\Tools;C:\Program Files\Microsoft Visual Studio\2022\Enterprise\Team Tools\DiagnosticsHub\Collector;C:\Program Files\Microsoft Visual Studio\2022\Enterprise\Common7\IDE\Extensions\Microsoft\CodeCoverage.Console;C:\Program Files\Microsoft Visual Studio\2022\Enterprise\VC\Tools\Llvm\x64\bin;C:\Program Files (x86)\Windows Kits\10\bin\10.0.26100.0\\x64;C:\Program Files (x86)\Windows Kits\10\bin\\x64;C:\Program Files\Microsoft Visual Studio\2022\Enterprise\\MSBuild\Current\Bin\amd64;C:\Windows\Microsoft.NET\Framework64\v4.0.30319;C:\Program Files\Microsoft Visual Studio\2022\Enterprise\Common7\IDE\;C:\Program Files\Microsoft Visual Studio\2022\Enterprise\Common7\Tools\;C:\Program Files\Microsoft Visual Studio\2022\Enterprise\MSBuild\Current\Bin;C:\Program Files\MongoDB\Server\7.0\bin;C:\vcpkg;C:\tools\zstd;C:\hostedtoolcache\windows\stack\3.7.1\x64;C:\cabal\bin;C:\\ghcup\bin;C:\mingw64\bin;C:\Program Files\dotnet;C:\Program Files\MySQL\MySQL Server 8.0\bin;C:\Program Files\R\R-4.5.2\bin\x64;C:\SeleniumWebDrivers\GeckoDriver;C:\SeleniumWebDrivers\EdgeDriver\;C:\SeleniumWebDrivers\ChromeDriver;C:\Program Files (x86)\sbt\bin;C:\Program Files (x86)\GitHub CLI;C:\Program Files\Git\bin;C:\Program Files (x86)\pipx_bin;C:\npm\prefix;C:\hostedtoolcache\windows\go\1.24.9\x64\bin;C:\hostedtoolcache\windows\Python\3.9.13\x64\Scripts;C:\hostedtoolcache\windows\Python\3.9.13\x64;C:\hostedtoolcache\windows\Ruby\3.3.10\x64\bin;C:\Program Files\OpenSSL\bin;C:\tools\kotlinc\bin;C:\hostedtoolcache\windows\Java_Temurin-Hotspot_jdk\17.0.17-10\x64\bin;C:\Program Files\ImageMagick-7.1.2-Q16-HDRI;C:\Program Files\Microsoft SDKs\Azure\CLI2\wbin;C:\ProgramData\kind;C:\ProgramData\Chocolatey\bin;C:\Windows\system32;C:\Windows;C:\Windows\System32\Wbem;C:\Windows\System32\WindowsPowerShell\v1.0\;C:\Windows\System32\OpenSSH\;C:\Program Files\PowerShell\7\;C:\Program Files\Microsoft\Web Platform Installer\;C:\Program Files\Microsoft SQL Server\Client SDK\ODBC\170\Tools\Binn\;C:\Program Files\Microsoft SQL Server\150\Tools\Binn\;C:\Program Files\dotnet\;C:\Program Files (x86)\Windows Kits\10\Windows Performance Toolkit\;C:\Program Files (x86)\WiX Toolset v3.14\bin;C:\Program Files\Microsoft SQL Server\130\DTS\Binn\;C:\Program Files\Microsoft SQL Server\140\DTS\Binn\;C:\Program Files\Microsoft SQL Server\150\DTS\Binn\;C:\Program Files\Microsoft SQL Server\160\DTS\Binn\;C:\Program Files\Microsoft SQL Server\170\DTS\Binn\;C:\ProgramData\chocolatey\lib\pulumi\tools\Pulumi\bin;C:\Program Files\CMake\bin;C:\Strawberry\c\bin;C:\Strawberry\perl\site\bin;C:\Strawberry\perl\bin;C:\ProgramData\chocolatey\lib\maven\apache-maven-3.9.11\bin;C:\Program Files\Microsoft Service Fabric\bin\Fabric\Fabric.Code;C:\Program Files\Microsoft SDKs\Service Fabric\Tools\ServiceFabricLocalClusterManager;C:\Program Files\nodejs\;C:\Program Files\Git\cmd;C:\Program Files\Git\mingw64\bin;C:\Program Files\Git\usr\bin;C:\Program Files\GitHub CLI\;c:\tools\php;C:\Program Files\Amazon\AWSCLIV2\;C:\Program Files\Amazon\SessionManagerPlugin\bin\;C:\Program Files\Amazon\AWSSAMCLI\bin\;C:\Program Files\Microsoft SQL Server\130\Tools\Binn\;C:\Program Files\mongosh\;C:\Program Files\LLVM\bin;C:\Program Files (x86)\LLVM\bin;C:\Users\runneradmin\.dotnet\tools;C:\Users\runneradmin\.cargo\bin;C:\Users\runneradmin\AppData\Local\Microsoft\WindowsApps;C:\Program Files (x86)\Microsoft Visual Studio\Installer;C:\Program Files\Microsoft Visual Studio\2022\Enterprise\Common7\IDE\CommonExtensions\Microsoft\CMake\CMake\bin;C:\Program Files\Microsoft Visual Studio\2022\Enterprise\Common7\IDE\CommonExtensions\Microsoft\CMake\Ninja;C:\Program Files\Microsoft Visual Studio\2022\Enterprise\Common7\IDE\VC\Linux\bin\ConnectionManagerExe;C:\Program Files\Microsoft Visual Studio\2022\Enterprise\VC\vcpkg
2025-11-12T14:49:03.7369038Z   Platform: x64
2025-11-12T14:49:03.7369198Z   UCRTVersion: 10.0.26100.0
2025-11-12T14:49:03.7369461Z   UniversalCRTSdkDir: C:\Program Files (x86)\Windows Kits\10\
2025-11-12T14:49:03.7369921Z   VCIDEInstallDir: C:\Program Files\Microsoft Visual Studio\2022\Enterprise\Common7\IDE\VC\
2025-11-12T14:49:03.7370401Z   VCINSTALLDIR: C:\Program Files\Microsoft Visual Studio\2022\Enterprise\VC\
2025-11-12T14:49:03.7370829Z   VCPKG_ROOT: C:\Program Files\Microsoft Visual Studio\2022\Enterprise\VC\vcpkg
2025-11-12T14:49:03.7371340Z   VCToolsInstallDir: C:\Program Files\Microsoft Visual Studio\2022\Enterprise\VC\Tools\MSVC\14.44.35207\
2025-11-12T14:49:03.7371957Z   VCToolsRedistDir: C:\Program Files\Microsoft Visual Studio\2022\Enterprise\VC\Redist\MSVC\14.44.35112\
2025-11-12T14:49:03.7372374Z   VCToolsVersion: 14.44.35207
2025-11-12T14:49:03.7372578Z   VisualStudioVersion: 17.0
2025-11-12T14:49:03.7372927Z   VS170COMNTOOLS: C:\Program Files\Microsoft Visual Studio\2022\Enterprise\Common7\Tools\
2025-11-12T14:49:03.7373299Z   VSCMD_ARG_app_plat: Desktop
2025-11-12T14:49:03.7373500Z   VSCMD_ARG_HOST_ARCH: x64
2025-11-12T14:49:03.7373692Z   VSCMD_ARG_TGT_ARCH: x64
2025-11-12T14:49:03.7373865Z   VSCMD_VER: 17.14.19
2025-11-12T14:49:03.7374135Z   VSINSTALLDIR: C:\Program Files\Microsoft Visual Studio\2022\Enterprise\
2025-11-12T14:49:03.7374572Z   VSSDK150INSTALL: C:\Program Files\Microsoft Visual Studio\2022\Enterprise\VSSDK
2025-11-12T14:49:03.7375006Z   VSSDKINSTALL: C:\Program Files\Microsoft Visual Studio\2022\Enterprise\VSSDK
2025-11-12T14:49:03.7375616Z   WindowsLibPath: C:\Program Files (x86)\Windows Kits\10\UnionMetadata\10.0.26100.0;C:\Program Files (x86)\Windows Kits\10\References\10.0.26100.0
2025-11-12T14:49:03.7376194Z   WindowsSdkBinPath: C:\Program Files (x86)\Windows Kits\10\bin\
2025-11-12T14:49:03.7376533Z   WindowsSdkDir: C:\Program Files (x86)\Windows Kits\10\
2025-11-12T14:49:03.7376816Z   WindowsSDKLibVersion: 10.0.26100.0\
2025-11-12T14:49:03.7377158Z   WindowsSdkVerBinPath: C:\Program Files (x86)\Windows Kits\10\bin\10.0.26100.0\
2025-11-12T14:49:03.7377491Z   WindowsSDKVersion: 10.0.26100.0\
2025-11-12T14:49:03.7377900Z   WindowsSDK_ExecutablePath_x64: C:\Program Files (x86)\Microsoft SDKs\Windows\v10.0A\bin\NETFX 4.8 Tools\x64\
2025-11-12T14:49:03.7378496Z   WindowsSDK_ExecutablePath_x86: C:\Program Files (x86)\Microsoft SDKs\Windows\v10.0A\bin\NETFX 4.8 Tools\
2025-11-12T14:49:03.7378889Z   __DOTNET_ADD_64BIT: 1
2025-11-12T14:49:03.7379082Z   __DOTNET_PREFERRED_BITNESS: 64
2025-11-12T14:49:03.7389343Z   __VSCMD_PREINIT_PATH: C:\Program Files\Microsoft Visual Studio\2022\Enterprise\MSBuild\Current\Bin;C:\Program Files\MongoDB\Server\7.0\bin;C:\vcpkg;C:\tools\zstd;C:\hostedtoolcache\windows\stack\3.7.1\x64;C:\cabal\bin;C:\\ghcup\bin;C:\mingw64\bin;C:\Program Files\dotnet;C:\Program Files\MySQL\MySQL Server 8.0\bin;C:\Program Files\R\R-4.5.2\bin\x64;C:\SeleniumWebDrivers\GeckoDriver;C:\SeleniumWebDrivers\EdgeDriver\;C:\SeleniumWebDrivers\ChromeDriver;C:\Program Files (x86)\sbt\bin;C:\Program Files (x86)\GitHub CLI;C:\Program Files\Git\bin;C:\Program Files (x86)\pipx_bin;C:\npm\prefix;C:\hostedtoolcache\windows\go\1.24.9\x64\bin;C:\hostedtoolcache\windows\Python\3.9.13\x64\Scripts;C:\hostedtoolcache\windows\Python\3.9.13\x64;C:\hostedtoolcache\windows\Ruby\3.3.10\x64\bin;C:\Program Files\OpenSSL\bin;C:\tools\kotlinc\bin;C:\hostedtoolcache\windows\Java_Temurin-Hotspot_jdk\17.0.17-10\x64\bin;C:\Program Files\ImageMagick-7.1.2-Q16-HDRI;C:\Program Files\Microsoft SDKs\Azure\CLI2\wbin;C:\ProgramData\kind;C:\ProgramData\Chocolatey\bin;C:\Windows\system32;C:\Windows;C:\Windows\System32\Wbem;C:\Windows\System32\WindowsPowerShell\v1.0\;C:\Windows\System32\OpenSSH\;C:\Program Files\PowerShell\7\;C:\Program Files\Microsoft\Web Platform Installer\;C:\Program Files\Microsoft SQL Server\Client SDK\ODBC\170\Tools\Binn\;C:\Program Files\Microsoft SQL Server\150\Tools\Binn\;C:\Program Files\dotnet\;C:\Program Files (x86)\Windows Kits\10\Windows Performance Toolkit\;C:\Program Files (x86)\WiX Toolset v3.14\bin;C:\Program Files\Microsoft SQL Server\130\DTS\Binn\;C:\Program Files\Microsoft SQL Server\140\DTS\Binn\;C:\Program Files\Microsoft SQL Server\150\DTS\Binn\;C:\Program Files\Microsoft SQL Server\160\DTS\Binn\;C:\Program Files\Microsoft SQL Server\170\DTS\Binn\;C:\ProgramData\chocolatey\lib\pulumi\tools\Pulumi\bin;C:\Program Files\CMake\bin;C:\Strawberry\c\bin;C:\Strawberry\perl\site\bin;C:\Strawberry\perl\bin;C:\ProgramData\chocolatey\lib\maven\apache-maven-3.9.11\bin;C:\Program Files\Microsoft Service Fabric\bin\Fabric\Fabric.Code;C:\Program Files\Microsoft SDKs\Service Fabric\Tools\ServiceFabricLocalClusterManager;C:\Program Files\nodejs\;C:\Program Files\Git\cmd;C:\Program Files\Git\mingw64\bin;C:\Program Files\Git\usr\bin;C:\Program Files\GitHub CLI\;c:\tools\php;C:\Program Files (x86)\sbt\bin;C:\Program Files\Amazon\AWSCLIV2\;C:\Program Files\Amazon\SessionManagerPlugin\bin\;C:\Program Files\Amazon\AWSSAMCLI\bin\;C:\Program Files\Microsoft SQL Server\130\Tools\Binn\;C:\Program Files\mongosh\;C:\Program Files\LLVM\bin;C:\Program Files (x86)\LLVM\bin;C:\Users\runneradmin\.dotnet\tools;C:\Users\runneradmin\.cargo\bin;C:\Users\runneradmin\AppData\Local\Microsoft\WindowsApps;C:\Program Files (x86)\Microsoft Visual Studio\Installer
2025-11-12T14:49:03.7397559Z   SDK_ROOT: D:\a\Ae_sep_color\Ae_sep_color\ae_sdk_work\AfterEffectsSDK_25.6_61_win\ae25.6_61.64bit.AfterEffectsSDK\Examples
2025-11-12T14:49:03.7397980Z ##[endgroup]
2025-11-12T14:49:04.0346570Z Copying plugin to SDK Template directory...
2025-11-12T14:49:04.3302532Z Plugin copied to: D:\a\Ae_sep_color\Ae_sep_color\ae_sdk_work\AfterEffectsSDK_25.6_61_win\ae25.6_61.64bit.AfterEffectsSDK\Examples\Template\sep_color
2025-11-12T14:49:04.4026308Z ##[group]Run Write-Host "Building plugin..."
2025-11-12T14:49:04.4026934Z [36;1mWrite-Host "Building plugin..."[0m
2025-11-12T14:49:04.4027319Z [36;1m[0m
2025-11-12T14:49:04.4027770Z [36;1m$pluginBuildDir = "D:\a\Ae_sep_color\Ae_sep_color\ae_plugin_output"[0m
2025-11-12T14:49:04.4028647Z [36;1mNew-Item -ItemType Directory -Path $pluginBuildDir -Force | Out-Null[0m
2025-11-12T14:49:04.4029311Z [36;1m$env:AE_PLUGIN_BUILD_DIR = $pluginBuildDir[0m
2025-11-12T14:49:04.4029734Z [36;1m[0m
2025-11-12T14:49:04.4030027Z [36;1mSet-Location "$env:PLUGIN_DIR\Win"[0m
2025-11-12T14:49:04.4030417Z [36;1m[0m
2025-11-12T14:49:04.4030720Z [36;1mif (-not (Test-Path "sep_color.sln")) {[0m
2025-11-12T14:49:04.4031227Z [36;1m  Write-Host "Error: Solution file not found"[0m
2025-11-12T14:49:04.4031688Z [36;1m  Get-ChildItem[0m
2025-11-12T14:49:04.4032005Z [36;1m  exit 1[0m
2025-11-12T14:49:04.4032266Z [36;1m}[0m
2025-11-12T14:49:04.4032506Z [36;1m[0m
2025-11-12T14:49:04.4033217Z [36;1m$outputDir = Join-Path (Get-Location).Path "..\output"[0m
2025-11-12T14:49:04.4033913Z [36;1mNew-Item -ItemType Directory -Path $outputDir -Force | Out-Null[0m
2025-11-12T14:49:04.4034465Z [36;1m[0m
2025-11-12T14:49:04.4034765Z [36;1mWrite-Host "Build configuration:"[0m
2025-11-12T14:49:04.4035197Z [36;1mWrite-Host "  Configuration: Debug"[0m
2025-11-12T14:49:04.4035624Z [36;1mWrite-Host "  Platform: x64"[0m
2025-11-12T14:49:04.4035977Z [36;1m[0m
2025-11-12T14:49:04.4036227Z [36;1mmsbuild sep_color.sln `[0m
2025-11-12T14:49:04.4036610Z [36;1m  /p:Configuration=Debug `[0m
2025-11-12T14:49:04.4036984Z [36;1m  /p:Platform=x64 `[0m
2025-11-12T14:49:04.4037315Z [36;1m  /t:Build `[0m
2025-11-12T14:49:04.4037603Z [36;1m  /v:normal `[0m
2025-11-12T14:49:04.4037887Z [36;1m  /m `[0m
2025-11-12T14:49:04.4038138Z [36;1m  /nologo[0m
2025-11-12T14:49:04.4038399Z [36;1m[0m
2025-11-12T14:49:04.4038655Z [36;1mif ($LASTEXITCODE -ne 0) {[0m
2025-11-12T14:49:04.4039044Z [36;1m  Write-Host ""[0m
2025-11-12T14:49:04.4039494Z [36;1m  Write-Host "Error: Build failed (exit code: $LASTEXITCODE)"[0m
2025-11-12T14:49:04.4040015Z [36;1m  Write-Host ""[0m
2025-11-12T14:49:04.4040692Z [36;1m  Write-Host "Checking SDK structure:"[0m
2025-11-12T14:49:04.4041154Z [36;1m  Write-Host "  SDK Root: $env:SDK_ROOT"[0m
2025-11-12T14:49:04.4041711Z [36;1m  Write-Host "  Headers: $(Test-Path "$env:SDK_ROOT\Headers")"[0m
2025-11-12T14:49:04.4042330Z [36;1m  Write-Host "  Util: $(Test-Path "$env:SDK_ROOT\Util")"[0m
2025-11-12T14:49:04.4043049Z [36;1m  Write-Host "  PiPLTool: $(Test-Path "$env:SDK_ROOT\Resources\PiPLTool.exe")"[0m
2025-11-12T14:49:04.4043636Z [36;1m  exit 1[0m
2025-11-12T14:49:04.4043893Z [36;1m}[0m
2025-11-12T14:49:04.4044135Z [36;1m[0m
2025-11-12T14:49:04.4044406Z [36;1mWrite-Host "Build successful"[0m
2025-11-12T14:49:04.4044765Z [36;1m[0m
2025-11-12T14:49:04.4045020Z [36;1m# Find build artifact[0m
2025-11-12T14:49:04.4045464Z [36;1mWrite-Host "Searching for build artifact..."[0m
2025-11-12T14:49:04.4045895Z [36;1m[0m
2025-11-12T14:49:04.4046165Z [36;1m$searchPaths = @([0m
2025-11-12T14:49:04.4046401Z [36;1m  "x64\Debug\sep_color.aex",[0m
2025-11-12T14:49:04.4046650Z [36;1m  "..\output\sep_color.aex",[0m
2025-11-12T14:49:04.4046888Z [36;1m  "Debug\sep_color.aex",[0m
2025-11-12T14:49:04.4047098Z [36;1m  ".\sep_color.aex"[0m
2025-11-12T14:49:04.4047282Z [36;1m)[0m
2025-11-12T14:49:04.4047415Z [36;1m[0m
2025-11-12T14:49:04.4047562Z [36;1m$aexPath = $null[0m
2025-11-12T14:49:04.4047778Z [36;1mforeach ($path in $searchPaths) {[0m
2025-11-12T14:49:04.4048012Z [36;1m  if (Test-Path $path) {[0m
2025-11-12T14:49:04.4048234Z [36;1m    $aexPath = Get-Item $path[0m
2025-11-12T14:49:04.4048440Z [36;1m    break[0m
2025-11-12T14:49:04.4048608Z [36;1m  }[0m
2025-11-12T14:49:04.4048756Z [36;1m}[0m
2025-11-12T14:49:04.4048886Z [36;1m[0m
2025-11-12T14:49:04.4049041Z [36;1mif (-not $aexPath) {[0m
2025-11-12T14:49:04.4051607Z [36;1m  $aexPath = Get-ChildItem -Path . -Filter "sep_color.aex" -Recurse -ErrorAction SilentlyContinue | Select-Object -First 1[0m
2025-11-12T14:49:04.4052201Z [36;1m}[0m
2025-11-12T14:49:04.4052465Z [36;1m[0m
2025-11-12T14:49:04.4052660Z [36;1mif ($aexPath) {[0m
2025-11-12T14:49:04.4053147Z [36;1m  $artifactsDir = "D:\a\Ae_sep_color\Ae_sep_color\artifacts"[0m
2025-11-12T14:49:04.4053591Z [36;1m  New-Item -ItemType Directory -Path $artifactsDir -Force | Out-Null[0m
2025-11-12T14:49:04.4054032Z [36;1m  Copy-Item -Path $aexPath.FullName -Destination $artifactsDir -Force[0m
2025-11-12T14:49:04.4054439Z [36;1m  Write-Host "Artifact copied: $artifactsDir\sep_color.aex"[0m
2025-11-12T14:49:04.4054729Z [36;1m} else {[0m
2025-11-12T14:49:04.4054936Z [36;1m  Write-Host "Error: Build artifact not found"[0m
2025-11-12T14:49:04.4055509Z [36;1m  Get-ChildItem -Recurse -Depth 3 | Where-Object { $_.Extension -eq ".aex" -or $_.Name -like "*.obj" } | Select-Object FullName | Format-Table -AutoSize[0m
2025-11-12T14:49:04.4056016Z [36;1m  exit 1[0m
2025-11-12T14:49:04.4056167Z [36;1m}[0m
2025-11-12T14:49:04.4126186Z shell: C:\Program Files\PowerShell\7\pwsh.EXE -command ". '{0}'"
2025-11-12T14:49:04.4126499Z env:
2025-11-12T14:49:04.4126665Z   CommandPromptType: Native
2025-11-12T14:49:04.4127004Z   DevEnvDir: C:\Program Files\Microsoft Visual Studio\2022\Enterprise\Common7\IDE\
2025-11-12T14:49:04.4127477Z   ExtensionSdkDir: C:\Program Files (x86)\Microsoft SDKs\Windows Kits\10\ExtensionSDKs
2025-11-12T14:49:04.4129499Z   EXTERNAL_INCLUDE: C:\Program Files\Microsoft Visual Studio\2022\Enterprise\VC\Tools\MSVC\14.44.35207\include;C:\Program Files\Microsoft Visual Studio\2022\Enterprise\VC\Tools\MSVC\14.44.35207\ATLMFC\include;C:\Program Files\Microsoft Visual Studio\2022\Enterprise\VC\Auxiliary\VS\include;C:\Program Files (x86)\Windows Kits\10\include\10.0.26100.0\ucrt;C:\Program Files (x86)\Windows Kits\10\\include\10.0.26100.0\\um;C:\Program Files (x86)\Windows Kits\10\\include\10.0.26100.0\\shared;C:\Program Files (x86)\Windows Kits\10\\include\10.0.26100.0\\winrt;C:\Program Files (x86)\Windows Kits\10\\include\10.0.26100.0\\cppwinrt;C:\Program Files (x86)\Windows Kits\NETFXSDK\4.8\include\um
2025-11-12T14:49:04.4131511Z   Framework40Version: v4.0
2025-11-12T14:49:04.4131754Z   FrameworkDir: C:\Windows\Microsoft.NET\Framework64\
2025-11-12T14:49:04.4132059Z   FrameworkDir64: C:\Windows\Microsoft.NET\Framework64\
2025-11-12T14:49:04.4132333Z   FrameworkVersion: v4.0.30319
2025-11-12T14:49:04.4132540Z   FrameworkVersion64: v4.0.30319
2025-11-12T14:49:04.4133006Z   FSHARPINSTALLDIR: C:\Program Files\Microsoft Visual Studio\2022\Enterprise\Common7\IDE\CommonExtensions\Microsoft\FSharp\Tools
2025-11-12T14:49:04.4133951Z   HTMLHelpDir: C:\Program Files (x86)\HTML Help Workshop
2025-11-12T14:49:04.4134395Z   IFCPATH: C:\Program Files\Microsoft Visual Studio\2022\Enterprise\VC\Tools\MSVC\14.44.35207\ifc\x64
2025-11-12T14:49:04.4136400Z   INCLUDE: C:\Program Files\Microsoft Visual Studio\2022\Enterprise\VC\Tools\MSVC\14.44.35207\include;C:\Program Files\Microsoft Visual Studio\2022\Enterprise\VC\Tools\MSVC\14.44.35207\ATLMFC\include;C:\Program Files\Microsoft Visual Studio\2022\Enterprise\VC\Auxiliary\VS\include;C:\Program Files (x86)\Windows Kits\10\include\10.0.26100.0\ucrt;C:\Program Files (x86)\Windows Kits\10\\include\10.0.26100.0\\um;C:\Program Files (x86)\Windows Kits\10\\include\10.0.26100.0\\shared;C:\Program Files (x86)\Windows Kits\10\\include\10.0.26100.0\\winrt;C:\Program Files (x86)\Windows Kits\10\\include\10.0.26100.0\\cppwinrt;C:\Program Files (x86)\Windows Kits\NETFXSDK\4.8\include\um
2025-11-12T14:49:04.4138226Z   is_x64_arch: true
2025-11-12T14:49:04.4139814Z   LIB: C:\Program Files\Microsoft Visual Studio\2022\Enterprise\VC\Tools\MSVC\14.44.35207\ATLMFC\lib\x64;C:\Program Files\Microsoft Visual Studio\2022\Enterprise\VC\Tools\MSVC\14.44.35207\lib\x64;C:\Program Files (x86)\Windows Kits\NETFXSDK\4.8\lib\um\x64;C:\Program Files (x86)\Windows Kits\10\lib\10.0.26100.0\ucrt\x64;C:\Program Files (x86)\Windows Kits\10\\lib\10.0.26100.0\\um\x64
2025-11-12T14:49:04.4142083Z   LIBPATH: C:\Program Files\Microsoft Visual Studio\2022\Enterprise\VC\Tools\MSVC\14.44.35207\ATLMFC\lib\x64;C:\Program Files\Microsoft Visual Studio\2022\Enterprise\VC\Tools\MSVC\14.44.35207\lib\x64;C:\Program Files\Microsoft Visual Studio\2022\Enterprise\VC\Tools\MSVC\14.44.35207\lib\x86\store\references;C:\Program Files (x86)\Windows Kits\10\UnionMetadata\10.0.26100.0;C:\Program Files (x86)\Windows Kits\10\References\10.0.26100.0;C:\Windows\Microsoft.NET\Framework64\v4.0.30319
2025-11-12T14:49:04.4143539Z   NETFXSDKDir: C:\Program Files (x86)\Windows Kits\NETFXSDK\4.8\
2025-11-12T14:49:04.4156803Z   Path: C:\Program Files\Microsoft Visual Studio\2022\Enterprise\VC\Tools\MSVC\14.44.35207\bin\HostX64\x64;C:\Program Files\Microsoft Visual Studio\2022\Enterprise\Common7\IDE\VC\VCPackages;C:\Program Files\Microsoft Visual Studio\2022\Enterprise\Common7\IDE\CommonExtensions\Microsoft\TestWindow;C:\Program Files\Microsoft Visual Studio\2022\Enterprise\Common7\IDE\CommonExtensions\Microsoft\TeamFoundation\Team Explorer;C:\Program Files\Microsoft Visual Studio\2022\Enterprise\MSBuild\Current\bin\Roslyn;C:\Program Files (x86)\Microsoft SDKs\Windows\v10.0A\bin\NETFX 4.8 Tools\x64\;C:\Program Files (x86)\HTML Help Workshop;C:\Program Files\Microsoft Visual Studio\2022\Enterprise\Common7\IDE\CommonExtensions\Microsoft\FSharp\Tools;C:\Program Files\Microsoft Visual Studio\2022\Enterprise\Team Tools\DiagnosticsHub\Collector;C:\Program Files\Microsoft Visual Studio\2022\Enterprise\Common7\IDE\Extensions\Microsoft\CodeCoverage.Console;C:\Program Files\Microsoft Visual Studio\2022\Enterprise\VC\Tools\Llvm\x64\bin;C:\Program Files (x86)\Windows Kits\10\bin\10.0.26100.0\\x64;C:\Program Files (x86)\Windows Kits\10\bin\\x64;C:\Program Files\Microsoft Visual Studio\2022\Enterprise\\MSBuild\Current\Bin\amd64;C:\Windows\Microsoft.NET\Framework64\v4.0.30319;C:\Program Files\Microsoft Visual Studio\2022\Enterprise\Common7\IDE\;C:\Program Files\Microsoft Visual Studio\2022\Enterprise\Common7\Tools\;C:\Program Files\Microsoft Visual Studio\2022\Enterprise\MSBuild\Current\Bin;C:\Program Files\MongoDB\Server\7.0\bin;C:\vcpkg;C:\tools\zstd;C:\hostedtoolcache\windows\stack\3.7.1\x64;C:\cabal\bin;C:\\ghcup\bin;C:\mingw64\bin;C:\Program Files\dotnet;C:\Program Files\MySQL\MySQL Server 8.0\bin;C:\Program Files\R\R-4.5.2\bin\x64;C:\SeleniumWebDrivers\GeckoDriver;C:\SeleniumWebDrivers\EdgeDriver\;C:\SeleniumWebDrivers\ChromeDriver;C:\Program Files (x86)\sbt\bin;C:\Program Files (x86)\GitHub CLI;C:\Program Files\Git\bin;C:\Program Files (x86)\pipx_bin;C:\npm\prefix;C:\hostedtoolcache\windows\go\1.24.9\x64\bin;C:\hostedtoolcache\windows\Python\3.9.13\x64\Scripts;C:\hostedtoolcache\windows\Python\3.9.13\x64;C:\hostedtoolcache\windows\Ruby\3.3.10\x64\bin;C:\Program Files\OpenSSL\bin;C:\tools\kotlinc\bin;C:\hostedtoolcache\windows\Java_Temurin-Hotspot_jdk\17.0.17-10\x64\bin;C:\Program Files\ImageMagick-7.1.2-Q16-HDRI;C:\Program Files\Microsoft SDKs\Azure\CLI2\wbin;C:\ProgramData\kind;C:\ProgramData\Chocolatey\bin;C:\Windows\system32;C:\Windows;C:\Windows\System32\Wbem;C:\Windows\System32\WindowsPowerShell\v1.0\;C:\Windows\System32\OpenSSH\;C:\Program Files\PowerShell\7\;C:\Program Files\Microsoft\Web Platform Installer\;C:\Program Files\Microsoft SQL Server\Client SDK\ODBC\170\Tools\Binn\;C:\Program Files\Microsoft SQL Server\150\Tools\Binn\;C:\Program Files\dotnet\;C:\Program Files (x86)\Windows Kits\10\Windows Performance Toolkit\;C:\Program Files (x86)\WiX Toolset v3.14\bin;C:\Program Files\Microsoft SQL Server\130\DTS\Binn\;C:\Program Files\Microsoft SQL Server\140\DTS\Binn\;C:\Program Files\Microsoft SQL Server\150\DTS\Binn\;C:\Program Files\Microsoft SQL Server\160\DTS\Binn\;C:\Program Files\Microsoft SQL Server\170\DTS\Binn\;C:\ProgramData\chocolatey\lib\pulumi\tools\Pulumi\bin;C:\Program Files\CMake\bin;C:\Strawberry\c\bin;C:\Strawberry\perl\site\bin;C:\Strawberry\perl\bin;C:\ProgramData\chocolatey\lib\maven\apache-maven-3.9.11\bin;C:\Program Files\Microsoft Service Fabric\bin\Fabric\Fabric.Code;C:\Program Files\Microsoft SDKs\Service Fabric\Tools\ServiceFabricLocalClusterManager;C:\Program Files\nodejs\;C:\Program Files\Git\cmd;C:\Program Files\Git\mingw64\bin;C:\Program Files\Git\usr\bin;C:\Program Files\GitHub CLI\;c:\tools\php;C:\Program Files\Amazon\AWSCLIV2\;C:\Program Files\Amazon\SessionManagerPlugin\bin\;C:\Program Files\Amazon\AWSSAMCLI\bin\;C:\Program Files\Microsoft SQL Server\130\Tools\Binn\;C:\Program Files\mongosh\;C:\Program Files\LLVM\bin;C:\Program Files (x86)\LLVM\bin;C:\Users\runneradmin\.dotnet\tools;C:\Users\runneradmin\.cargo\bin;C:\Users\runneradmin\AppData\Local\Microsoft\WindowsApps;C:\Program Files (x86)\Microsoft Visual Studio\Installer;C:\Program Files\Microsoft Visual Studio\2022\Enterprise\Common7\IDE\CommonExtensions\Microsoft\CMake\CMake\bin;C:\Program Files\Microsoft Visual Studio\2022\Enterprise\Common7\IDE\CommonExtensions\Microsoft\CMake\Ninja;C:\Program Files\Microsoft Visual Studio\2022\Enterprise\Common7\IDE\VC\Linux\bin\ConnectionManagerExe;C:\Program Files\Microsoft Visual Studio\2022\Enterprise\VC\vcpkg
2025-11-12T14:49:04.4169654Z   Platform: x64
2025-11-12T14:49:04.4169829Z   UCRTVersion: 10.0.26100.0
2025-11-12T14:49:04.4170091Z   UniversalCRTSdkDir: C:\Program Files (x86)\Windows Kits\10\
2025-11-12T14:49:04.4170534Z   VCIDEInstallDir: C:\Program Files\Microsoft Visual Studio\2022\Enterprise\Common7\IDE\VC\
2025-11-12T14:49:04.4171047Z   VCINSTALLDIR: C:\Program Files\Microsoft Visual Studio\2022\Enterprise\VC\
2025-11-12T14:49:04.4172016Z   VCPKG_ROOT: C:\Program Files\Microsoft Visual Studio\2022\Enterprise\VC\vcpkg
2025-11-12T14:49:04.4172863Z   VCToolsInstallDir: C:\Program Files\Microsoft Visual Studio\2022\Enterprise\VC\Tools\MSVC\14.44.35207\
2025-11-12T14:49:04.4173619Z   VCToolsRedistDir: C:\Program Files\Microsoft Visual Studio\2022\Enterprise\VC\Redist\MSVC\14.44.35112\
2025-11-12T14:49:04.4174019Z   VCToolsVersion: 14.44.35207
2025-11-12T14:49:04.4174231Z   VisualStudioVersion: 17.0
2025-11-12T14:49:04.4174574Z   VS170COMNTOOLS: C:\Program Files\Microsoft Visual Studio\2022\Enterprise\Common7\Tools\
2025-11-12T14:49:04.4174930Z   VSCMD_ARG_app_plat: Desktop
2025-11-12T14:49:04.4175295Z   VSCMD_ARG_HOST_ARCH: x64
2025-11-12T14:49:04.4175475Z   VSCMD_ARG_TGT_ARCH: x64
2025-11-12T14:49:04.4175649Z   VSCMD_VER: 17.14.19
2025-11-12T14:49:04.4175923Z   VSINSTALLDIR: C:\Program Files\Microsoft Visual Studio\2022\Enterprise\
2025-11-12T14:49:04.4176349Z   VSSDK150INSTALL: C:\Program Files\Microsoft Visual Studio\2022\Enterprise\VSSDK
2025-11-12T14:49:04.4176785Z   VSSDKINSTALL: C:\Program Files\Microsoft Visual Studio\2022\Enterprise\VSSDK
2025-11-12T14:49:04.4177382Z   WindowsLibPath: C:\Program Files (x86)\Windows Kits\10\UnionMetadata\10.0.26100.0;C:\Program Files (x86)\Windows Kits\10\References\10.0.26100.0
2025-11-12T14:49:04.4177941Z   WindowsSdkBinPath: C:\Program Files (x86)\Windows Kits\10\bin\
2025-11-12T14:49:04.4178289Z   WindowsSdkDir: C:\Program Files (x86)\Windows Kits\10\
2025-11-12T14:49:04.4178565Z   WindowsSDKLibVersion: 10.0.26100.0\
2025-11-12T14:49:04.4178887Z   WindowsSdkVerBinPath: C:\Program Files (x86)\Windows Kits\10\bin\10.0.26100.0\
2025-11-12T14:49:04.4179226Z   WindowsSDKVersion: 10.0.26100.0\
2025-11-12T14:49:04.4179625Z   WindowsSDK_ExecutablePath_x64: C:\Program Files (x86)\Microsoft SDKs\Windows\v10.0A\bin\NETFX 4.8 Tools\x64\
2025-11-12T14:49:04.4180229Z   WindowsSDK_ExecutablePath_x86: C:\Program Files (x86)\Microsoft SDKs\Windows\v10.0A\bin\NETFX 4.8 Tools\
2025-11-12T14:49:04.4180618Z   __DOTNET_ADD_64BIT: 1
2025-11-12T14:49:04.4180802Z   __DOTNET_PREFERRED_BITNESS: 64
2025-11-12T14:49:04.4188531Z   __VSCMD_PREINIT_PATH: C:\Program Files\Microsoft Visual Studio\2022\Enterprise\MSBuild\Current\Bin;C:\Program Files\MongoDB\Server\7.0\bin;C:\vcpkg;C:\tools\zstd;C:\hostedtoolcache\windows\stack\3.7.1\x64;C:\cabal\bin;C:\\ghcup\bin;C:\mingw64\bin;C:\Program Files\dotnet;C:\Program Files\MySQL\MySQL Server 8.0\bin;C:\Program Files\R\R-4.5.2\bin\x64;C:\SeleniumWebDrivers\GeckoDriver;C:\SeleniumWebDrivers\EdgeDriver\;C:\SeleniumWebDrivers\ChromeDriver;C:\Program Files (x86)\sbt\bin;C:\Program Files (x86)\GitHub CLI;C:\Program Files\Git\bin;C:\Program Files (x86)\pipx_bin;C:\npm\prefix;C:\hostedtoolcache\windows\go\1.24.9\x64\bin;C:\hostedtoolcache\windows\Python\3.9.13\x64\Scripts;C:\hostedtoolcache\windows\Python\3.9.13\x64;C:\hostedtoolcache\windows\Ruby\3.3.10\x64\bin;C:\Program Files\OpenSSL\bin;C:\tools\kotlinc\bin;C:\hostedtoolcache\windows\Java_Temurin-Hotspot_jdk\17.0.17-10\x64\bin;C:\Program Files\ImageMagick-7.1.2-Q16-HDRI;C:\Program Files\Microsoft SDKs\Azure\CLI2\wbin;C:\ProgramData\kind;C:\ProgramData\Chocolatey\bin;C:\Windows\system32;C:\Windows;C:\Windows\System32\Wbem;C:\Windows\System32\WindowsPowerShell\v1.0\;C:\Windows\System32\OpenSSH\;C:\Program Files\PowerShell\7\;C:\Program Files\Microsoft\Web Platform Installer\;C:\Program Files\Microsoft SQL Server\Client SDK\ODBC\170\Tools\Binn\;C:\Program Files\Microsoft SQL Server\150\Tools\Binn\;C:\Program Files\dotnet\;C:\Program Files (x86)\Windows Kits\10\Windows Performance Toolkit\;C:\Program Files (x86)\WiX Toolset v3.14\bin;C:\Program Files\Microsoft SQL Server\130\DTS\Binn\;C:\Program Files\Microsoft SQL Server\140\DTS\Binn\;C:\Program Files\Microsoft SQL Server\150\DTS\Binn\;C:\Program Files\Microsoft SQL Server\160\DTS\Binn\;C:\Program Files\Microsoft SQL Server\170\DTS\Binn\;C:\ProgramData\chocolatey\lib\pulumi\tools\Pulumi\bin;C:\Program Files\CMake\bin;C:\Strawberry\c\bin;C:\Strawberry\perl\site\bin;C:\Strawberry\perl\bin;C:\ProgramData\chocolatey\lib\maven\apache-maven-3.9.11\bin;C:\Program Files\Microsoft Service Fabric\bin\Fabric\Fabric.Code;C:\Program Files\Microsoft SDKs\Service Fabric\Tools\ServiceFabricLocalClusterManager;C:\Program Files\nodejs\;C:\Program Files\Git\cmd;C:\Program Files\Git\mingw64\bin;C:\Program Files\Git\usr\bin;C:\Program Files\GitHub CLI\;c:\tools\php;C:\Program Files (x86)\sbt\bin;C:\Program Files\Amazon\AWSCLIV2\;C:\Program Files\Amazon\SessionManagerPlugin\bin\;C:\Program Files\Amazon\AWSSAMCLI\bin\;C:\Program Files\Microsoft SQL Server\130\Tools\Binn\;C:\Program Files\mongosh\;C:\Program Files\LLVM\bin;C:\Program Files (x86)\LLVM\bin;C:\Users\runneradmin\.dotnet\tools;C:\Users\runneradmin\.cargo\bin;C:\Users\runneradmin\AppData\Local\Microsoft\WindowsApps;C:\Program Files (x86)\Microsoft Visual Studio\Installer
2025-11-12T14:49:04.4197483Z   SDK_ROOT: D:\a\Ae_sep_color\Ae_sep_color\ae_sdk_work\AfterEffectsSDK_25.6_61_win\ae25.6_61.64bit.AfterEffectsSDK\Examples
2025-11-12T14:49:04.4198158Z   PLUGIN_DIR: D:\a\Ae_sep_color\Ae_sep_color\ae_sdk_work\AfterEffectsSDK_25.6_61_win\ae25.6_61.64bit.AfterEffectsSDK\Examples\Template\sep_color
2025-11-12T14:49:04.4198632Z ##[endgroup]
2025-11-12T14:49:04.7228260Z Building plugin...
2025-11-12T14:49:04.7610495Z Build configuration:
2025-11-12T14:49:04.7616341Z   Configuration: Debug
2025-11-12T14:49:04.7621767Z   Platform: x64
2025-11-12T14:49:04.8966298Z Build started 11/12/2025 2:49:04 PM.
2025-11-12T14:49:04.8970066Z 
2025-11-12T14:49:04.9585105Z      1>Project "D:\a\Ae_sep_color\Ae_sep_color\ae_sdk_work\AfterEffectsSDK_25.6_61_win\ae25.6_61.64bit.AfterEffectsSDK\Examples\Template\sep_color\Win\sep_color.sln" on node 1 (Build target(s)).
2025-11-12T14:49:04.9586598Z      1>ValidateSolutionConfiguration:
2025-11-12T14:49:04.9587027Z          Building solution configuration "Debug|x64".
2025-11-12T14:49:05.1236777Z      1>Project "D:\a\Ae_sep_color\Ae_sep_color\ae_sdk_work\AfterEffectsSDK_25.6_61_win\ae25.6_61.64bit.AfterEffectsSDK\Examples\Template\sep_color\Win\sep_color.sln" (1) is building "D:\a\Ae_sep_color\Ae_sep_color\ae_sdk_work\AfterEffectsSDK_25.6_61_win\ae25.6_61.64bit.AfterEffectsSDK\Examples\Template\sep_color\Win\sep_color.vcxproj" (2) on node 1 (default targets).
2025-11-12T14:49:05.1241398Z      2>C:\Program Files\Microsoft Visual Studio\2022\Enterprise\MSBuild\Microsoft\VC\v170\Microsoft.CppBuild.targets(524,5): warning MSB8004: Output Directory does not end with a trailing slash.  This build instance will add the slash as it is required to allow proper evaluation of the Output Directory. [D:\a\Ae_sep_color\Ae_sep_color\ae_sdk_work\AfterEffectsSDK_25.6_61_win\ae25.6_61.64bit.AfterEffectsSDK\Examples\Template\sep_color\Win\sep_color.vcxproj]
2025-11-12T14:49:05.1297966Z          Structured output is enabled. The formatting of compiler diagnostics will reflect the error hierarchy. See https://aka.ms/cpp/structured-output for more details.
2025-11-12T14:49:05.1431904Z      2>InitializeBuildStatus:
2025-11-12T14:49:05.1432631Z          Creating "x64\Debug\sep_color.tlog\unsuccessfulbuild" because "AlwaysCreate" was specified.
2025-11-12T14:49:05.1433785Z          Touching "x64\Debug\sep_color.tlog\unsuccessfulbuild".
2025-11-12T14:49:05.1997216Z        CustomBuild:
2025-11-12T14:49:05.1997640Z          Compiling the PiPL
2025-11-12T14:49:05.2138816Z          Microsoft (R) C/C++ Optimizing Compiler Version 19.44.35219 for x64
2025-11-12T14:49:05.2139507Z          Copyright (C) Microsoft Corporation.  All rights reserved.
2025-11-12T14:49:05.2139957Z          
2025-11-12T14:49:05.2191472Z          sep_colorPiPL.r
2025-11-12T14:49:05.2577630Z          Microsoft (R) C/C++ Optimizing Compiler Version 19.44.35219 for x64
2025-11-12T14:49:05.2578555Z          Copyright (C) Microsoft Corporation.  All rights reserved.
2025-11-12T14:49:05.2579311Z          
2025-11-12T14:49:05.2633505Z          sep_colorPiPL.rrc
2025-11-12T14:49:05.3414352Z        ClCompile:
2025-11-12T14:49:05.3417619Z          C:\Program Files\Microsoft Visual Studio\2022\Enterprise\VC\Tools\MSVC\14.44.35207\bin\HostX86\x64\CL.exe /c /I..\..\..\Headers /I..\..\..\Headers\SP /I..\..\..\Headers\Win /I..\..\..\Resources /I..\..\..\Util /ID:\a\Ae_sep_color\Ae_sep_color\ae_sdk_work\AfterEffectsSDK_25.6_61_win\ae25.6_61.64bit.AfterEffectsSDK\Examples\Template\sep_color\Win\..\third_party\halide\include /Zi /nologo /W3 /WX /diagnostics:column /Od /D MSWindows /D WIN32 /D _DEBUG /D _WINDOWS /D SEP_COLOR_ENABLE_HALIDE=1 /D SEP_COLOR_HALIDE_GPU=1 /D _VC80_UPGRADE=0x0710 /D _WINDLL /Gm- /EHsc /MDd /GS /fp:precise /Zc:wchar_t /Zc:forScope /Zc:inline /GR /std:c++17 /Fo"x64\Debug\\" /Fd"x64\Debug\vc143.pdb" /FR"x64\Debug\\" /external:W3 /Gd /TP /FC /errorReport:queue ..\..\..\Util\AEGP_SuiteHandler.cpp ..\..\..\Util\MissingSuiteError.cpp ..\sep_color.cpp ..\sep_color_Strings.cpp ..\sep_color_halide.cpp
2025-11-12T14:49:05.3869356Z          AEGP_SuiteHandler.cpp
2025-11-12T14:49:05.6482536Z          MissingSuiteError.cpp
2025-11-12T14:49:05.8406569Z          sep_color.cpp
2025-11-12T14:49:07.1914821Z          sep_color_Strings.cpp
2025-11-12T14:49:07.2107889Z          sep_color_halide.cpp
2025-11-12T14:49:09.9218944Z          Generating Code...
2025-11-12T14:49:10.1346867Z        ResourceCompile:
2025-11-12T14:49:10.1347761Z          C:\Program Files (x86)\Windows Kits\10\bin\10.0.26100.0\x86\rc.exe /D _DEBUG /D _VC80_UPGRADE=0x0710 /l"0x0409" /nologo /fo"x64\Debug\sep_colorPiPL.res" sep_colorPiPL.rc 
2025-11-12T14:49:10.2001775Z        Link:
2025-11-12T14:49:10.2005039Z          C:\Program Files\Microsoft Visual Studio\2022\Enterprise\VC\Tools\MSVC\14.44.35207\bin\HostX86\x64\link.exe /ERRORREPORT:QUEUE /OUT:"..\output\sep_color.aex" /NOLOGO /LIBPATH:D:\a\Ae_sep_color\Ae_sep_color\ae_sdk_work\AfterEffectsSDK_25.6_61_win\ae25.6_61.64bit.AfterEffectsSDK\Examples\Template\sep_color\Win\..\third_party\halide\win\lib Halide.lib d3d12.lib dxgi.lib kernel32.lib user32.lib gdi32.lib winspool.lib comdlg32.lib advapi32.lib shell32.lib ole32.lib oleaut32.lib uuid.lib odbc32.lib odbccp32.lib /MANIFEST /MANIFESTUAC:"level='asInvoker' uiAccess='false'" /manifest:embed /DEBUG /PDB:"x64\Debug\sep_color.pdb" /TLBID:1 /DYNAMICBASE:NO /IMPLIB:"x64\Debug\/sep_color.lib" /MACHINE:X64 /DLL x64\Debug\sep_colorPiPL.res
2025-11-12T14:49:10.2008528Z          x64\Debug\AEGP_SuiteHandler.obj
2025-11-12T14:49:10.2008861Z          x64\Debug\MissingSuiteError.obj
2025-11-12T14:49:10.2009169Z          x64\Debug\sep_color.obj
2025-11-12T14:49:10.2009748Z          x64\Debug\sep_color_Strings.obj
2025-11-12T14:49:10.2010082Z          x64\Debug\sep_color_halide.obj
2025-11-12T14:49:10.3659127Z             Creating library x64\Debug\/sep_color.lib and object x64\Debug\/sep_color.exp
2025-11-12T14:49:10.5215329Z      2>sep_color_halide.obj : error LNK2019: unresolved external symbol "bool __cdecl Halide::Internal::debug_is_active_impl(int,char const *,char const *,int)" (?debug_is_active_impl@Internal@Halide@@YA_NHPEBD0H@Z) referenced in function "protected: struct Halide::Internal::ErrorReport<struct Halide::CompileError> & __cdecl Halide::Internal::ReportBase<struct Halide::Internal::ErrorReport<struct Halide::CompileError> >::init(char const *,char const *,int,char const *,char const *)" (?init@?$ReportBase@U?$ErrorReport@UCompileError@Halide@@@Internal@Halide@@@Internal@Halide@@IEAAAEAU?$ErrorReport@UCompileError@Halide@@@23@PEBD0H00@Z) [D:\a\Ae_sep_color\Ae_sep_color\ae_sdk_work\AfterEffectsSDK_25.6_61_win\ae25.6_61.64bit.AfterEffectsSDK\Examples\Template\sep_color\Win\sep_color.vcxproj]
2025-11-12T14:49:10.5221094Z      2>sep_color_halide.obj : error LNK2019: unresolved external symbol "public: __cdecl Halide::Error::Error(struct Halide::Error const &)" (??0Error@Halide@@QEAA@AEBU01@@Z) referenced in function "public: __cdecl Halide::CompileError::CompileError(struct Halide::CompileError const &)" (??0CompileError@Halide@@QEAA@AEBU01@@Z) [D:\a\Ae_sep_color\Ae_sep_color\ae_sdk_work\AfterEffectsSDK_25.6_61_win\ae25.6_61.64bit.AfterEffectsSDK\Examples\Template\sep_color\Win\sep_color.vcxproj]
2025-11-12T14:49:10.5226255Z      2>sep_color_halide.obj : error LNK2019: unresolved external symbol "public: struct Halide::Error & __cdecl Halide::Error::operator=(struct Halide::Error const &)" (??4Error@Halide@@QEAAAEAU01@AEBU01@@Z) referenced in function "public: struct Halide::CompileError & __cdecl Halide::CompileError::operator=(struct Halide::CompileError const &)" (??4CompileError@Halide@@QEAAAEAU01@AEBU01@@Z) [D:\a\Ae_sep_color\Ae_sep_color\ae_sdk_work\AfterEffectsSDK_25.6_61_win\ae25.6_61.64bit.AfterEffectsSDK\Examples\Template\sep_color\Win\sep_color.vcxproj]
2025-11-12T14:49:10.5233940Z      2>sep_color_halide.obj : error LNK2019: unresolved external symbol "public: __cdecl Halide::Error::Error(struct Halide::Error &&)" (??0Error@Halide@@QEAA@$$QEAU01@@Z) referenced in function "public: __cdecl Halide::CompileError::CompileError(struct Halide::CompileError &&)" (??0CompileError@Halide@@QEAA@$$QEAU01@@Z) [D:\a\Ae_sep_color\Ae_sep_color\ae_sdk_work\AfterEffectsSDK_25.6_61_win\ae25.6_61.64bit.AfterEffectsSDK\Examples\Template\sep_color\Win\sep_color.vcxproj]
2025-11-12T14:49:10.5239794Z      2>sep_color_halide.obj : error LNK2019: unresolved external symbol "public: struct Halide::Error & __cdecl Halide::Error::operator=(struct Halide::Error &&)" (??4Error@Halide@@QEAAAEAU01@$$QEAU01@@Z) referenced in function "public: struct Halide::CompileError & __cdecl Halide::CompileError::operator=(struct Halide::CompileError &&)" (??4CompileError@Halide@@QEAAAEAU01@$$QEAU01@@Z) [D:\a\Ae_sep_color\Ae_sep_color\ae_sdk_work\AfterEffectsSDK_25.6_61_win\ae25.6_61.64bit.AfterEffectsSDK\Examples\Template\sep_color\Win\sep_color.vcxproj]
2025-11-12T14:49:10.5243453Z      2>sep_color_halide.obj : error LNK2019: unresolved external symbol "public: virtual __cdecl Halide::Error::~Error(void)" (??1Error@Halide@@UEAA@XZ) referenced in function "public: virtual __cdecl Halide::CompileError::~CompileError(void)" (??1CompileError@Halide@@UEAA@XZ) [D:\a\Ae_sep_color\Ae_sep_color\ae_sdk_work\AfterEffectsSDK_25.6_61_win\ae25.6_61.64bit.AfterEffectsSDK\Examples\Template\sep_color\Win\sep_color.vcxproj]
2025-11-12T14:49:10.5246477Z      2>sep_color_halide.obj : error LNK2001: unresolved external symbol "public: virtual char const * __cdecl Halide::Error::what(void)const " (?what@Error@Halide@@UEBAPEBDXZ) [D:\a\Ae_sep_color\Ae_sep_color\ae_sdk_work\AfterEffectsSDK_25.6_61_win\ae25.6_61.64bit.AfterEffectsSDK\Examples\Template\sep_color\Win\sep_color.vcxproj]
2025-11-12T14:49:10.5250497Z      2>sep_color_halide.obj : error LNK2019: unresolved external symbol "public: __cdecl Halide::CompileError::CompileError(class std::basic_string<char,struct std::char_traits<char>,class std::allocator<char> > const &)" (??0CompileError@Halide@@QEAA@AEBV?$basic_string@DU?$char_traits@D@std@@V?$allocator@D@2@@std@@@Z) referenced in function "public: void __cdecl Halide::Internal::ErrorReport<struct Halide::CompileError>::issue(void)" (?issue@?$ErrorReport@UCompileError@Halide@@@Internal@Halide@@QEAAXXZ) [D:\a\Ae_sep_color\Ae_sep_color\ae_sdk_work\AfterEffectsSDK_25.6_61_win\ae25.6_61.64bit.AfterEffectsSDK\Examples\Template\sep_color\Win\sep_color.vcxproj]
2025-11-12T14:49:10.5257776Z      2>sep_color_halide.obj : error LNK2019: unresolved external symbol "void __cdecl Halide::Internal::throw_error(struct Halide::CompileError const &)" (?throw_error@Internal@Halide@@YAXAEBUCompileError@2@@Z) referenced in function "public: void __cdecl Halide::Internal::ErrorReport<struct Halide::CompileError>::issue(void)" (?issue@?$ErrorReport@UCompileError@Halide@@@Internal@Halide@@QEAAXXZ) [D:\a\Ae_sep_color\Ae_sep_color\ae_sdk_work\AfterEffectsSDK_25.6_61_win\ae25.6_61.64bit.AfterEffectsSDK\Examples\Template\sep_color\Win\sep_color.vcxproj]
2025-11-12T14:49:10.5263177Z      2>sep_color_halide.obj : error LNK2019: unresolved external symbol "class std::basic_string<char,struct std::char_traits<char>,class std::allocator<char> > __cdecl Halide::Internal::unique_name(char)" (?unique_name@Internal@Halide@@YA?AV?$basic_string@DU?$char_traits@D@std@@V?$allocator@D@2@@std@@D@Z) referenced in function "public: __cdecl Halide::Buffer<unsigned char,-1>::Buffer<unsigned char,-1><-1>(class Halide::Runtime::Buffer<unsigned char,-1,4> &&,class std::basic_string<char,struct std::char_traits<char>,class std::allocator<char> > const &)" (??$?0$0?0@?$Buffer@E$0?0@Halide@@QEAA@$$QEAV?$Buffer@E$0?0$03@Runtime@1@AEBV?$basic_string@DU?$char_traits@D@std@@V?$allocator@D@2@@std@@@Z) [D:\a\Ae_sep_color\Ae_sep_color\ae_sdk_work\AfterEffectsSDK_25.6_61_win\ae25.6_61.64bit.AfterEffectsSDK\Examples\Template\sep_color\Win\sep_color.vcxproj]
2025-11-12T14:49:10.5271291Z      2>sep_color_halide.obj : error LNK2019: unresolved external symbol "class std::basic_string<char,struct std::char_traits<char>,class std::allocator<char> > __cdecl Halide::Internal::extract_namespaces(class std::basic_string<char,struct std::char_traits<char>,class std::allocator<char> > const &,class std::vector<class std::basic_string<char,struct std::char_traits<char>,class std::allocator<char> >,class std::allocator<class std::basic_string<char,struct std::char_traits<char>,class std::allocator<char> > > > &)" (?extract_namespaces@Internal@Halide@@YA?AV?$basic_string@DU?$char_traits@D@std@@V?$allocator@D@2@@std@@AEBV34@AEAV?$vector@V?$basic_string@DU?$char_traits@D@std@@V?$allocator@D@2@@std@@V?$allocator@V?$basic_string@DU?$char_traits@D@std@@V?$allocator@D@2@@std@@@2@@4@@Z) referenced in function "public: static struct halide_handle_cplusplus_type __cdecl halide_handle_cplusplus_type::make<unsigned char>(void)" (??$make@E@halide_handle_cplusplus_type@@SA?AU0@XZ) [D:\a\Ae_sep_color\Ae_sep_color\ae_sdk_work\AfterEffectsSDK_25.6_61_win\ae25.6_61.64bit.AfterEffectsSDK\Examples\Template\sep_color\Win\sep_color.vcxproj]
2025-11-12T14:49:10.5278726Z      2>sep_color_halide.obj : error LNK2019: unresolved external symbol "class std::basic_string<char,struct std::char_traits<char>,class std::allocator<char> > __cdecl Halide::type_to_c_type(struct Halide::Type,bool,bool)" (?type_to_c_type@Halide@@YA?AV?$basic_string@DU?$char_traits@D@std@@V?$allocator@D@2@@std@@UType@1@_N1@Z) referenced in function "private: static void __cdecl Halide::Buffer<void,-1>::assert_can_convert_from<unsigned char,-1>(class Halide::Buffer<unsigned char,-1> const &)" (??$assert_can_convert_from@E$0?0@?$Buffer@X$0?0@Halide@@CAXAEBV?$Buffer@E$0?0@1@@Z) [D:\a\Ae_sep_color\Ae_sep_color\ae_sdk_work\AfterEffectsSDK_25.6_61_win\ae25.6_61.64bit.AfterEffectsSDK\Examples\Template\sep_color\Win\sep_color.vcxproj]
2025-11-12T14:49:10.5283809Z      2>sep_color_halide.obj : error LNK2019: unresolved external symbol "public: static struct Halide::Internal::IntImm const * __cdecl Halide::Internal::IntImm::make(struct Halide::Type,__int64)" (?make@IntImm@Internal@Halide@@SAPEBU123@UType@3@_J@Z) referenced in function "public: __cdecl Halide::Expr::Expr(int)" (??0Expr@Halide@@QEAA@H@Z) [D:\a\Ae_sep_color\Ae_sep_color\ae_sdk_work\AfterEffectsSDK_25.6_61_win\ae25.6_61.64bit.AfterEffectsSDK\Examples\Template\sep_color\Win\sep_color.vcxproj]
2025-11-12T14:49:10.5287604Z      2>sep_color_halide.obj : error LNK2019: unresolved external symbol "public: static struct Halide::Internal::FloatImm const * __cdecl Halide::Internal::FloatImm::make(struct Halide::Type,double)" (?make@FloatImm@Internal@Halide@@SAPEBU123@UType@3@N@Z) referenced in function "public: __cdecl Halide::Expr::Expr(float)" (??0Expr@Halide@@QEAA@M@Z) [D:\a\Ae_sep_color\Ae_sep_color\ae_sdk_work\AfterEffectsSDK_25.6_61_win\ae25.6_61.64bit.AfterEffectsSDK\Examples\Template\sep_color\Win\sep_color.vcxproj]
2025-11-12T14:49:10.5292791Z      2>sep_color_halide.obj : error LNK2019: unresolved external symbol "public: void __cdecl Halide::Target::set_feature(enum Halide::Target::Feature,bool)" (?set_feature@Target@Halide@@QEAAXW4Feature@12@_N@Z) referenced in function SepColorHalide_Render8 [D:\a\Ae_sep_color\Ae_sep_color\ae_sdk_work\AfterEffectsSDK_25.6_61_win\ae25.6_61.64bit.AfterEffectsSDK\Examples\Template\sep_color\Win\sep_color.vcxproj]
2025-11-12T14:49:10.5296076Z      2>sep_color_halide.obj : error LNK2019: unresolved external symbol "struct Halide::Target __cdecl Halide::get_host_target(void)" (?get_host_target@Halide@@YA?AUTarget@1@XZ) referenced in function SepColorHalide_Render8 [D:\a\Ae_sep_color\Ae_sep_color\ae_sdk_work\AfterEffectsSDK_25.6_61_win\ae25.6_61.64bit.AfterEffectsSDK\Examples\Template\sep_color\Win\sep_color.vcxproj]
2025-11-12T14:49:10.5300370Z      2>sep_color_halide.obj : error LNK2019: unresolved external symbol "struct Halide::Expr __cdecl Halide::Internal::buffer_accessor(class Halide::Buffer<void,-1> const &,class std::vector<struct Halide::Expr,class std::allocator<struct Halide::Expr> > const &)" (?buffer_accessor@Internal@Halide@@YA?AUExpr@2@AEBV?$Buffer@X$0?0@2@AEBV?$vector@UExpr@Halide@@V?$allocator@UExpr@Halide@@@std@@@std@@@Z) referenced in function "public: struct Halide::Expr const __cdecl Halide::Buffer<unsigned char,-1>::operator()<>(class std::vector<struct Halide::Expr,class std::allocator<struct Halide::Expr> > const &)const " (??$?R$$V@?$Buffer@E$0?0@Halide@@QEBA?BUExpr@1@AEBV?$vector@UExpr@Halide@@V?$allocator@UExpr@Halide@@@std@@@std@@@Z) [D:\a\Ae_sep_color\Ae_sep_color\ae_sdk_work\AfterEffectsSDK_25.6_61_win\ae25.6_61.64bit.AfterEffectsSDK\Examples\Template\sep_color\Win\sep_color.vcxproj]
2025-11-12T14:49:10.5305542Z      2>sep_color_halide.obj : error LNK2019: unresolved external symbol "struct Halide::Expr __cdecl Halide::cast(struct Halide::Type,struct Halide::Expr)" (?cast@Halide@@YA?AUExpr@1@UType@1@U21@@Z) referenced in function "struct Halide::Expr __cdecl Halide::cast<unsigned char>(struct Halide::Expr)" (??$cast@E@Halide@@YA?AUExpr@0@U10@@Z) [D:\a\Ae_sep_color\Ae_sep_color\ae_sdk_work\AfterEffectsSDK_25.6_61_win\ae25.6_61.64bit.AfterEffectsSDK\Examples\Template\sep_color\Win\sep_color.vcxproj]
2025-11-12T14:49:10.5309030Z      2>sep_color_halide.obj : error LNK2019: unresolved external symbol "struct Halide::Expr __cdecl Halide::operator+(struct Halide::Expr,struct Halide::Expr)" (??HHalide@@YA?AUExpr@0@U10@0@Z) referenced in function SepColorHalide_Render8 [D:\a\Ae_sep_color\Ae_sep_color\ae_sdk_work\AfterEffectsSDK_25.6_61_win\ae25.6_61.64bit.AfterEffectsSDK\Examples\Template\sep_color\Win\sep_color.vcxproj]
2025-11-12T14:49:10.5312211Z      2>sep_color_halide.obj : error LNK2019: unresolved external symbol "struct Halide::Expr __cdecl Halide::operator-(struct Halide::Expr,struct Halide::Expr)" (??GHalide@@YA?AUExpr@0@U10@0@Z) referenced in function SepColorHalide_Render8 [D:\a\Ae_sep_color\Ae_sep_color\ae_sdk_work\AfterEffectsSDK_25.6_61_win\ae25.6_61.64bit.AfterEffectsSDK\Examples\Template\sep_color\Win\sep_color.vcxproj]
2025-11-12T14:49:10.5315572Z      2>sep_color_halide.obj : error LNK2019: unresolved external symbol "struct Halide::Expr __cdecl Halide::operator-(struct Halide::Expr,int)" (??GHalide@@YA?AUExpr@0@U10@H@Z) referenced in function SepColorHalide_Render8 [D:\a\Ae_sep_color\Ae_sep_color\ae_sdk_work\AfterEffectsSDK_25.6_61_win\ae25.6_61.64bit.AfterEffectsSDK\Examples\Template\sep_color\Win\sep_color.vcxproj]
2025-11-12T14:49:10.5318000Z      2>sep_color_halide.obj : error LNK2019: unresolved external symbol "struct Halide::Expr __cdecl Halide::operator*(struct Halide::Expr,struct Halide::Expr)" (??DHalide@@YA?AUExpr@0@U10@0@Z) referenced in function SepColorHalide_Render8 [D:\a\Ae_sep_color\Ae_sep_color\ae_sdk_work\AfterEffectsSDK_25.6_61_win\ae25.6_61.64bit.AfterEffectsSDK\Examples\Template\sep_color\Win\sep_color.vcxproj]
2025-11-12T14:49:10.5320986Z      2>sep_color_halide.obj : error LNK2019: unresolved external symbol "struct Halide::Expr __cdecl Halide::operator/(struct Halide::Expr,struct Halide::Expr)" (??KHalide@@YA?AUExpr@0@U10@0@Z) referenced in function "struct Halide::Expr __cdecl Halide::operator/(float,struct Halide::Expr)" (??KHalide@@YA?AUExpr@0@MU10@@Z) [D:\a\Ae_sep_color\Ae_sep_color\ae_sdk_work\AfterEffectsSDK_25.6_61_win\ae25.6_61.64bit.AfterEffectsSDK\Examples\Template\sep_color\Win\sep_color.vcxproj]
2025-11-12T14:49:10.5324111Z      2>sep_color_halide.obj : error LNK2019: unresolved external symbol "struct Halide::Expr __cdecl Halide::clamp(struct Halide::Expr,struct Halide::Expr const &,struct Halide::Expr const &)" (?clamp@Halide@@YA?AUExpr@1@U21@AEBU21@1@Z) referenced in function SepColorHalide_Render8 [D:\a\Ae_sep_color\Ae_sep_color\ae_sdk_work\AfterEffectsSDK_25.6_61_win\ae25.6_61.64bit.AfterEffectsSDK\Examples\Template\sep_color\Win\sep_color.vcxproj]
2025-11-12T14:49:10.5326572Z      2>sep_color_halide.obj : error LNK2019: unresolved external symbol "struct Halide::Expr __cdecl Halide::hypot(struct Halide::Expr const &,struct Halide::Expr const &)" (?hypot@Halide@@YA?AUExpr@1@AEBU21@0@Z) referenced in function SepColorHalide_Render8 [D:\a\Ae_sep_color\Ae_sep_color\ae_sdk_work\AfterEffectsSDK_25.6_61_win\ae25.6_61.64bit.AfterEffectsSDK\Examples\Template\sep_color\Win\sep_color.vcxproj]
2025-11-12T14:49:10.5329632Z      2>sep_color_halide.obj : error LNK2019: unresolved external symbol "public: __cdecl Halide::Var::Var(class std::basic_string<char,struct std::char_traits<char>,class std::allocator<char> > const &)" (??0Var@Halide@@QEAA@AEBV?$basic_string@DU?$char_traits@D@std@@V?$allocator@D@2@@std@@@Z) referenced in function SepColorHalide_Render8 [D:\a\Ae_sep_color\Ae_sep_color\ae_sdk_work\AfterEffectsSDK_25.6_61_win\ae25.6_61.64bit.AfterEffectsSDK\Examples\Template\sep_color\Win\sep_color.vcxproj]
2025-11-12T14:49:10.5332063Z      2>sep_color_halide.obj : error LNK2019: unresolved external symbol "public: class Halide::Stage __cdecl Halide::FuncRef::operator=(struct Halide::Expr const &)" (??4FuncRef@Halide@@QEAA?AVStage@1@AEBUExpr@1@@Z) referenced in function SepColorHalide_Render8 [D:\a\Ae_sep_color\Ae_sep_color\ae_sdk_work\AfterEffectsSDK_25.6_61_win\ae25.6_61.64bit.AfterEffectsSDK\Examples\Template\sep_color\Win\sep_color.vcxproj]
2025-11-12T14:49:10.5334226Z      2>sep_color_halide.obj : error LNK2019: unresolved external symbol "public: __cdecl Halide::FuncRef::operator struct Halide::Expr(void)const " (??BFuncRef@Halide@@QEBA?AUExpr@1@XZ) referenced in function SepColorHalide_Render8 [D:\a\Ae_sep_color\Ae_sep_color\ae_sdk_work\AfterEffectsSDK_25.6_61_win\ae25.6_61.64bit.AfterEffectsSDK\Examples\Template\sep_color\Win\sep_color.vcxproj]
2025-11-12T14:49:10.5336655Z      2>sep_color_halide.obj : error LNK2019: unresolved external symbol "public: __cdecl Halide::Func::Func(class std::basic_string<char,struct std::char_traits<char>,class std::allocator<char> > const &)" (??0Func@Halide@@QEAA@AEBV?$basic_string@DU?$char_traits@D@std@@V?$allocator@D@2@@std@@@Z) referenced in function SepColorHalide_Render8 [D:\a\Ae_sep_color\Ae_sep_color\ae_sdk_work\AfterEffectsSDK_25.6_61_win\ae25.6_61.64bit.AfterEffectsSDK\Examples\Template\sep_color\Win\sep_color.vcxproj]
2025-11-12T14:49:10.5340355Z      2>sep_color_halide.obj : error LNK2019: unresolved external symbol "public: void __cdecl Halide::Func::realize(struct Halide::Pipeline::RealizationArg,struct Halide::Target const &)" (?realize@Func@Halide@@QEAAXURealizationArg@Pipeline@2@AEBUTarget@2@@Z) referenced in function SepColorHalide_Render8 [D:\a\Ae_sep_color\Ae_sep_color\ae_sdk_work\AfterEffectsSDK_25.6_61_win\ae25.6_61.64bit.AfterEffectsSDK\Examples\Template\sep_color\Win\sep_color.vcxproj]
2025-11-12T14:49:10.5343910Z      2>sep_color_halide.obj : error LNK2019: unresolved external symbol "public: void __cdecl Halide::Func::compile_jit(struct Halide::Target const &)" (?compile_jit@Func@Halide@@QEAAXAEBUTarget@2@@Z) referenced in function SepColorHalide_Render8 [D:\a\Ae_sep_color\Ae_sep_color\ae_sdk_work\AfterEffectsSDK_25.6_61_win\ae25.6_61.64bit.AfterEffectsSDK\Examples\Template\sep_color\Win\sep_color.vcxproj]
2025-11-12T14:49:10.5346884Z      2>sep_color_halide.obj : error LNK2019: unresolved external symbol "public: class Halide::FuncRef __cdecl Halide::Func::operator()(class std::vector<class Halide::Var,class std::allocator<class Halide::Var> >)const " (??RFunc@Halide@@QEBA?AVFuncRef@1@V?$vector@VVar@Halide@@V?$allocator@VVar@Halide@@@std@@@std@@@Z) referenced in function "public: class Halide::FuncRef __cdecl Halide::Func::operator()<class Halide::Var &,class Halide::Var &>(class Halide::Var &,class Halide::Var &)const " (??$?RAEAVVar@Halide@@AEAV01@@Func@Halide@@QEBA?AVFuncRef@1@AEAVVar@1@0@Z) [D:\a\Ae_sep_color\Ae_sep_color\ae_sdk_work\AfterEffectsSDK_25.6_61_win\ae25.6_61.64bit.AfterEffectsSDK\Examples\Template\sep_color\Win\sep_color.vcxproj]
2025-11-12T14:49:10.5351134Z      2>sep_color_halide.obj : error LNK2019: unresolved external symbol "public: class Halide::FuncRef __cdecl Halide::Func::operator()(class std::vector<struct Halide::Expr,class std::allocator<struct Halide::Expr> >)const " (??RFunc@Halide@@QEBA?AVFuncRef@1@V?$vector@UExpr@Halide@@V?$allocator@UExpr@Halide@@@std@@@std@@@Z) referenced in function "public: class Halide::FuncRef __cdecl Halide::Func::operator()<class Halide::Var &,int>(struct Halide::Expr const &,class Halide::Var &,int &&)const " (??$?RAEAVVar@Halide@@H@Func@Halide@@QEBA?AVFuncRef@1@AEBUExpr@1@AEAVVar@1@$$QEAH@Z) [D:\a\Ae_sep_color\Ae_sep_color\ae_sdk_work\AfterEffectsSDK_25.6_61_win\ae25.6_61.64bit.AfterEffectsSDK\Examples\Template\sep_color\Win\sep_color.vcxproj]
2025-11-12T14:49:10.5354770Z      2>sep_color_halide.obj : error LNK2019: unresolved external symbol "public: class Halide::Func & __cdecl Halide::Func::bound(class Halide::Var const &,struct Halide::Expr,struct Halide::Expr)" (?bound@Func@Halide@@QEAAAEAV12@AEBVVar@2@UExpr@2@1@Z) referenced in function SepColorHalide_Render8 [D:\a\Ae_sep_color\Ae_sep_color\ae_sdk_work\AfterEffectsSDK_25.6_61_win\ae25.6_61.64bit.AfterEffectsSDK\Examples\Template\sep_color\Win\sep_color.vcxproj]
2025-11-12T14:49:10.5358064Z      2>sep_color_halide.obj : error LNK2019: unresolved external symbol "public: class Halide::Func & __cdecl Halide::Func::reorder(class std::vector<struct Halide::VarOrRVar,class std::allocator<struct Halide::VarOrRVar> > const &)" (?reorder@Func@Halide@@QEAAAEAV12@AEBV?$vector@UVarOrRVar@Halide@@V?$allocator@UVarOrRVar@Halide@@@std@@@std@@@Z) referenced in function "public: class Halide::Func & __cdecl Halide::Func::reorder<class Halide::Var &>(struct Halide::VarOrRVar const &,struct Halide::VarOrRVar const &,class Halide::Var &)" (??$reorder@AEAVVar@Halide@@@Func@Halide@@QEAAAEAV01@AEBUVarOrRVar@1@0AEAVVar@1@@Z) [D:\a\Ae_sep_color\Ae_sep_color\ae_sdk_work\AfterEffectsSDK_25.6_61_win\ae25.6_61.64bit.AfterEffectsSDK\Examples\Template\sep_color\Win\sep_color.vcxproj]
2025-11-12T14:49:10.5361510Z      2>sep_color_halide.obj : error LNK2019: unresolved external symbol "public: class Halide::Func & __cdecl Halide::Func::gpu_threads(struct Halide::VarOrRVar const &,enum Halide::DeviceAPI)" (?gpu_threads@Func@Halide@@QEAAAEAV12@AEBUVarOrRVar@2@W4DeviceAPI@2@@Z) referenced in function SepColorHalide_Render8 [D:\a\Ae_sep_color\Ae_sep_color\ae_sdk_work\AfterEffectsSDK_25.6_61_win\ae25.6_61.64bit.AfterEffectsSDK\Examples\Template\sep_color\Win\sep_color.vcxproj]
2025-11-12T14:49:10.5364631Z      2>sep_color_halide.obj : error LNK2019: unresolved external symbol "public: class Halide::Func & __cdecl Halide::Func::gpu_tile(struct Halide::VarOrRVar const &,struct Halide::VarOrRVar const &,struct Halide::VarOrRVar const &,struct Halide::VarOrRVar const &,struct Halide::Expr const &,struct Halide::Expr const &,enum Halide::TailStrategy,enum Halide::DeviceAPI)" (?gpu_tile@Func@Halide@@QEAAAEAV12@AEBUVarOrRVar@2@000AEBUExpr@2@1W4TailStrategy@2@W4DeviceAPI@2@@Z) referenced in function SepColorHalide_Render8 [D:\a\Ae_sep_color\Ae_sep_color\ae_sdk_work\AfterEffectsSDK_25.6_61_win\ae25.6_61.64bit.AfterEffectsSDK\Examples\Template\sep_color\Win\sep_color.vcxproj]
2025-11-12T14:49:10.5367665Z      2>sep_color_halide.obj : error LNK2019: unresolved external symbol "public: class Halide::Func & __cdecl Halide::Func::compute_at(class Halide::Func const &,class Halide::Var const &)" (?compute_at@Func@Halide@@QEAAAEAV12@AEBV12@AEBVVar@2@@Z) referenced in function SepColorHalide_Render8 [D:\a\Ae_sep_color\Ae_sep_color\ae_sdk_work\AfterEffectsSDK_25.6_61_win\ae25.6_61.64bit.AfterEffectsSDK\Examples\Template\sep_color\Win\sep_color.vcxproj]
2025-11-12T14:49:10.5371388Z      2>sep_color_halide.obj : error LNK2019: unresolved external symbol "class Halide::Internal::RefCount & __cdecl Halide::Internal::ref_count<struct Halide::PipelineContents>(struct Halide::PipelineContents const *)" (??$ref_count@UPipelineContents@Halide@@@Internal@Halide@@YAAEAVRefCount@01@PEBUPipelineContents@1@@Z) referenced in function "private: void __cdecl Halide::Internal::IntrusivePtr<struct Halide::PipelineContents>::decref(struct Halide::PipelineContents *)" (?decref@?$IntrusivePtr@UPipelineContents@Halide@@@Internal@Halide@@AEAAXPEAUPipelineContents@3@@Z) [D:\a\Ae_sep_color\Ae_sep_color\ae_sdk_work\AfterEffectsSDK_25.6_61_win\ae25.6_61.64bit.AfterEffectsSDK\Examples\Template\sep_color\Win\sep_color.vcxproj]
2025-11-12T14:49:10.5375555Z      2>sep_color_halide.obj : error LNK2019: unresolved external symbol "void __cdecl Halide::Internal::destroy<struct Halide::PipelineContents>(struct Halide::PipelineContents const *)" (??$destroy@UPipelineContents@Halide@@@Internal@Halide@@YAXPEBUPipelineContents@1@@Z) referenced in function "private: void __cdecl Halide::Internal::IntrusivePtr<struct Halide::PipelineContents>::decref(struct Halide::PipelineContents *)" (?decref@?$IntrusivePtr@UPipelineContents@Halide@@@Internal@Halide@@AEAAXPEAUPipelineContents@3@@Z) [D:\a\Ae_sep_color\Ae_sep_color\ae_sdk_work\AfterEffectsSDK_25.6_61_win\ae25.6_61.64bit.AfterEffectsSDK\Examples\Template\sep_color\Win\sep_color.vcxproj]
2025-11-12T14:49:10.5380025Z      2>sep_color_halide.obj : error LNK2019: unresolved external symbol "class Halide::Internal::RefCount & __cdecl Halide::Internal::ref_count<struct Halide::Internal::ReductionDomainContents>(struct Halide::Internal::ReductionDomainContents const *)" (??$ref_count@UReductionDomainContents@Internal@Halide@@@Internal@Halide@@YAAEAVRefCount@01@PEBUReductionDomainContents@01@@Z) referenced in function "private: void __cdecl Halide::Internal::IntrusivePtr<struct Halide::Internal::ReductionDomainContents>::decref(struct Halide::Internal::ReductionDomainContents *)" (?decref@?$IntrusivePtr@UReductionDomainContents@Internal@Halide@@@Internal@Halide@@AEAAXPEAUReductionDomainContents@23@@Z) [D:\a\Ae_sep_color\Ae_sep_color\ae_sdk_work\AfterEffectsSDK_25.6_61_win\ae25.6_61.64bit.AfterEffectsSDK\Examples\Template\sep_color\Win\sep_color.vcxproj]
2025-11-12T14:49:10.5384972Z      2>sep_color_halide.obj : error LNK2019: unresolved external symbol "void __cdecl Halide::Internal::destroy<struct Halide::Internal::ReductionDomainContents>(struct Halide::Internal::ReductionDomainContents const *)" (??$destroy@UReductionDomainContents@Internal@Halide@@@Internal@Halide@@YAXPEBUReductionDomainContents@01@@Z) referenced in function "private: void __cdecl Halide::Internal::IntrusivePtr<struct Halide::Internal::ReductionDomainContents>::decref(struct Halide::Internal::ReductionDomainContents *)" (?decref@?$IntrusivePtr@UReductionDomainContents@Internal@Halide@@@Internal@Halide@@AEAAXPEAUReductionDomainContents@23@@Z) [D:\a\Ae_sep_color\Ae_sep_color\ae_sdk_work\AfterEffectsSDK_25.6_61_win\ae25.6_61.64bit.AfterEffectsSDK\Examples\Template\sep_color\Win\sep_color.vcxproj]
2025-11-12T14:49:10.5423842Z      2>sep_color_halide.obj : error LNK2019: unresolved external symbol "class Halide::Internal::RefCount & __cdecl Halide::Internal::ref_count<struct Halide::Internal::DefinitionContents>(struct Halide::Internal::DefinitionContents const *)" (??$ref_count@UDefinitionContents@Internal@Halide@@@Internal@Halide@@YAAEAVRefCount@01@PEBUDefinitionContents@01@@Z) referenced in function "private: void __cdecl Halide::Internal::IntrusivePtr<struct Halide::Internal::DefinitionContents>::decref(struct Halide::Internal::DefinitionContents *)" (?decref@?$IntrusivePtr@UDefinitionContents@Internal@Halide@@@Internal@Halide@@AEAAXPEAUDefinitionContents@23@@Z) [D:\a\Ae_sep_color\Ae_sep_color\ae_sdk_work\AfterEffectsSDK_25.6_61_win\ae25.6_61.64bit.AfterEffectsSDK\Examples\Template\sep_color\Win\sep_color.vcxproj]
2025-11-12T14:49:10.5429603Z      2>sep_color_halide.obj : error LNK2019: unresolved external symbol "void __cdecl Halide::Internal::destroy<struct Halide::Internal::DefinitionContents>(struct Halide::Internal::DefinitionContents const *)" (??$destroy@UDefinitionContents@Internal@Halide@@@Internal@Halide@@YAXPEBUDefinitionContents@01@@Z) referenced in function "private: void __cdecl Halide::Internal::IntrusivePtr<struct Halide::Internal::DefinitionContents>::decref(struct Halide::Internal::DefinitionContents *)" (?decref@?$IntrusivePtr@UDefinitionContents@Internal@Halide@@@Internal@Halide@@AEAAXPEAUDefinitionContents@23@@Z) [D:\a\Ae_sep_color\Ae_sep_color\ae_sdk_work\AfterEffectsSDK_25.6_61_win\ae25.6_61.64bit.AfterEffectsSDK\Examples\Template\sep_color\Win\sep_color.vcxproj]
2025-11-12T14:49:10.5434111Z      2>sep_color_halide.obj : error LNK2019: unresolved external symbol "class Halide::Internal::RefCount & __cdecl Halide::Internal::ref_count<struct Halide::Internal::FunctionGroup>(struct Halide::Internal::FunctionGroup const *)" (??$ref_count@UFunctionGroup@Internal@Halide@@@Internal@Halide@@YAAEAVRefCount@01@PEBUFunctionGroup@01@@Z) referenced in function "private: void __cdecl Halide::Internal::IntrusivePtr<struct Halide::Internal::FunctionGroup>::decref(struct Halide::Internal::FunctionGroup *)" (?decref@?$IntrusivePtr@UFunctionGroup@Internal@Halide@@@Internal@Halide@@AEAAXPEAUFunctionGroup@23@@Z) [D:\a\Ae_sep_color\Ae_sep_color\ae_sdk_work\AfterEffectsSDK_25.6_61_win\ae25.6_61.64bit.AfterEffectsSDK\Examples\Template\sep_color\Win\sep_color.vcxproj]
2025-11-12T14:49:10.5438565Z      2>sep_color_halide.obj : error LNK2019: unresolved external symbol "void __cdecl Halide::Internal::destroy<struct Halide::Internal::FunctionGroup>(struct Halide::Internal::FunctionGroup const *)" (??$destroy@UFunctionGroup@Internal@Halide@@@Internal@Halide@@YAXPEBUFunctionGroup@01@@Z) referenced in function "private: void __cdecl Halide::Internal::IntrusivePtr<struct Halide::Internal::FunctionGroup>::decref(struct Halide::Internal::FunctionGroup *)" (?decref@?$IntrusivePtr@UFunctionGroup@Internal@Halide@@@Internal@Halide@@AEAAXPEAUFunctionGroup@23@@Z) [D:\a\Ae_sep_color\Ae_sep_color\ae_sdk_work\AfterEffectsSDK_25.6_61_win\ae25.6_61.64bit.AfterEffectsSDK\Examples\Template\sep_color\Win\sep_color.vcxproj]
2025-11-12T14:49:10.5442892Z      2>sep_color_halide.obj : error LNK2019: unresolved external symbol "class Halide::Internal::RefCount & __cdecl Halide::Internal::ref_count<struct Halide::Internal::BufferContents>(struct Halide::Internal::BufferContents const *)" (??$ref_count@UBufferContents@Internal@Halide@@@Internal@Halide@@YAAEAVRefCount@01@PEBUBufferContents@01@@Z) referenced in function "private: void __cdecl Halide::Internal::IntrusivePtr<struct Halide::Internal::BufferContents>::decref(struct Halide::Internal::BufferContents *)" (?decref@?$IntrusivePtr@UBufferContents@Internal@Halide@@@Internal@Halide@@AEAAXPEAUBufferContents@23@@Z) [D:\a\Ae_sep_color\Ae_sep_color\ae_sdk_work\AfterEffectsSDK_25.6_61_win\ae25.6_61.64bit.AfterEffectsSDK\Examples\Template\sep_color\Win\sep_color.vcxproj]
2025-11-12T14:49:10.5447159Z      2>sep_color_halide.obj : error LNK2019: unresolved external symbol "void __cdecl Halide::Internal::destroy<struct Halide::Internal::BufferContents>(struct Halide::Internal::BufferContents const *)" (??$destroy@UBufferContents@Internal@Halide@@@Internal@Halide@@YAXPEBUBufferContents@01@@Z) referenced in function "private: void __cdecl Halide::Internal::IntrusivePtr<struct Halide::Internal::BufferContents>::decref(struct Halide::Internal::BufferContents *)" (?decref@?$IntrusivePtr@UBufferContents@Internal@Halide@@@Internal@Halide@@AEAAXPEAUBufferContents@23@@Z) [D:\a\Ae_sep_color\Ae_sep_color\ae_sdk_work\AfterEffectsSDK_25.6_61_win\ae25.6_61.64bit.AfterEffectsSDK\Examples\Template\sep_color\Win\sep_color.vcxproj]
2025-11-12T14:49:10.5450624Z      2>D:\a\Ae_sep_color\Ae_sep_color\ae_sdk_work\AfterEffectsSDK_25.6_61_win\ae25.6_61.64bit.AfterEffectsSDK\Examples\Template\sep_color\Win\..\third_party\halide\win\lib\Halide.lib : warning LNK4272: library machine type 'x86' conflicts with target machine type 'x64' [D:\a\Ae_sep_color\Ae_sep_color\ae_sdk_work\AfterEffectsSDK_25.6_61_win\ae25.6_61.64bit.AfterEffectsSDK\Examples\Template\sep_color\Win\sep_color.vcxproj]
2025-11-12T14:49:10.5556419Z      2>..\output\sep_color.aex : fatal error LNK1120: 48 unresolved externals [D:\a\Ae_sep_color\Ae_sep_color\ae_sdk_work\AfterEffectsSDK_25.6_61_win\ae25.6_61.64bit.AfterEffectsSDK\Examples\Template\sep_color\Win\sep_color.vcxproj]
2025-11-12T14:49:10.5799523Z      2>Done Building Project "D:\a\Ae_sep_color\Ae_sep_color\ae_sdk_work\AfterEffectsSDK_25.6_61_win\ae25.6_61.64bit.AfterEffectsSDK\Examples\Template\sep_color\Win\sep_color.vcxproj" (default targets) -- FAILED.
2025-11-12T14:49:10.5815398Z      1>Done Building Project "D:\a\Ae_sep_color\Ae_sep_color\ae_sdk_work\AfterEffectsSDK_25.6_61_win\ae25.6_61.64bit.AfterEffectsSDK\Examples\Template\sep_color\Win\sep_color.sln" (Build target(s)) -- FAILED.
2025-11-12T14:49:10.5837390Z 
2025-11-12T14:49:10.5837560Z Build FAILED.
2025-11-12T14:49:10.5839350Z 
2025-11-12T14:49:10.5840204Z        "D:\a\Ae_sep_color\Ae_sep_color\ae_sdk_work\AfterEffectsSDK_25.6_61_win\ae25.6_61.64bit.AfterEffectsSDK\Examples\Template\sep_color\Win\sep_color.sln" (Build target) (1) ->
2025-11-12T14:49:10.5841866Z        "D:\a\Ae_sep_color\Ae_sep_color\ae_sdk_work\AfterEffectsSDK_25.6_61_win\ae25.6_61.64bit.AfterEffectsSDK\Examples\Template\sep_color\Win\sep_color.vcxproj" (default target) (2) ->
2025-11-12T14:49:10.5842832Z        (PrepareForBuild target) -> 
2025-11-12T14:49:10.5846729Z          C:\Program Files\Microsoft Visual Studio\2022\Enterprise\MSBuild\Microsoft\VC\v170\Microsoft.CppBuild.targets(524,5): warning MSB8004: Output Directory does not end with a trailing slash.  This build instance will add the slash as it is required to allow proper evaluation of the Output Directory. [D:\a\Ae_sep_color\Ae_sep_color\ae_sdk_work\AfterEffectsSDK_25.6_61_win\ae25.6_61.64bit.AfterEffectsSDK\Examples\Template\sep_color\Win\sep_color.vcxproj]
2025-11-12T14:49:10.5849209Z 
2025-11-12T14:49:10.5849227Z 
2025-11-12T14:49:10.5850016Z        "D:\a\Ae_sep_color\Ae_sep_color\ae_sdk_work\AfterEffectsSDK_25.6_61_win\ae25.6_61.64bit.AfterEffectsSDK\Examples\Template\sep_color\Win\sep_color.sln" (Build target) (1) ->
2025-11-12T14:49:10.5851735Z        "D:\a\Ae_sep_color\Ae_sep_color\ae_sdk_work\AfterEffectsSDK_25.6_61_win\ae25.6_61.64bit.AfterEffectsSDK\Examples\Template\sep_color\Win\sep_color.vcxproj" (default target) (2) ->
2025-11-12T14:49:10.5853031Z        (Link target) -> 
2025-11-12T14:49:10.5854886Z          D:\a\Ae_sep_color\Ae_sep_color\ae_sdk_work\AfterEffectsSDK_25.6_61_win\ae25.6_61.64bit.AfterEffectsSDK\Examples\Template\sep_color\Win\..\third_party\halide\win\lib\Halide.lib : warning LNK4272: library machine type 'x86' conflicts with target machine type 'x64' [D:\a\Ae_sep_color\Ae_sep_color\ae_sdk_work\AfterEffectsSDK_25.6_61_win\ae25.6_61.64bit.AfterEffectsSDK\Examples\Template\sep_color\Win\sep_color.vcxproj]
2025-11-12T14:49:10.5856276Z 
2025-11-12T14:49:10.5856282Z 
2025-11-12T14:49:10.5857040Z        "D:\a\Ae_sep_color\Ae_sep_color\ae_sdk_work\AfterEffectsSDK_25.6_61_win\ae25.6_61.64bit.AfterEffectsSDK\Examples\Template\sep_color\Win\sep_color.sln" (Build target) (1) ->
2025-11-12T14:49:10.5858737Z        "D:\a\Ae_sep_color\Ae_sep_color\ae_sdk_work\AfterEffectsSDK_25.6_61_win\ae25.6_61.64bit.AfterEffectsSDK\Examples\Template\sep_color\Win\sep_color.vcxproj" (default target) (2) ->
2025-11-12T14:49:10.5859416Z        (Link target) -> 
2025-11-12T14:49:10.5861969Z          sep_color_halide.obj : error LNK2019: unresolved external symbol "bool __cdecl Halide::Internal::debug_is_active_impl(int,char const *,char const *,int)" (?debug_is_active_impl@Internal@Halide@@YA_NHPEBD0H@Z) referenced in function "protected: struct Halide::Internal::ErrorReport<struct Halide::CompileError> & __cdecl Halide::Internal::ReportBase<struct Halide::Internal::ErrorReport<struct Halide::CompileError> >::init(char const *,char const *,int,char const *,char const *)" (?init@?$ReportBase@U?$ErrorReport@UCompileError@Halide@@@Internal@Halide@@@Internal@Halide@@IEAAAEAU?$ErrorReport@UCompileError@Halide@@@23@PEBD0H00@Z) [D:\a\Ae_sep_color\Ae_sep_color\ae_sdk_work\AfterEffectsSDK_25.6_61_win\ae25.6_61.64bit.AfterEffectsSDK\Examples\Template\sep_color\Win\sep_color.vcxproj]
2025-11-12T14:49:10.5868213Z          sep_color_halide.obj : error LNK2019: unresolved external symbol "public: __cdecl Halide::Error::Error(struct Halide::Error const &)" (??0Error@Halide@@QEAA@AEBU01@@Z) referenced in function "public: __cdecl Halide::CompileError::CompileError(struct Halide::CompileError const &)" (??0CompileError@Halide@@QEAA@AEBU01@@Z) [D:\a\Ae_sep_color\Ae_sep_color\ae_sdk_work\AfterEffectsSDK_25.6_61_win\ae25.6_61.64bit.AfterEffectsSDK\Examples\Template\sep_color\Win\sep_color.vcxproj]
2025-11-12T14:49:10.5872102Z          sep_color_halide.obj : error LNK2019: unresolved external symbol "public: struct Halide::Error & __cdecl Halide::Error::operator=(struct Halide::Error const &)" (??4Error@Halide@@QEAAAEAU01@AEBU01@@Z) referenced in function "public: struct Halide::CompileError & __cdecl Halide::CompileError::operator=(struct Halide::CompileError const &)" (??4CompileError@Halide@@QEAAAEAU01@AEBU01@@Z) [D:\a\Ae_sep_color\Ae_sep_color\ae_sdk_work\AfterEffectsSDK_25.6_61_win\ae25.6_61.64bit.AfterEffectsSDK\Examples\Template\sep_color\Win\sep_color.vcxproj]
2025-11-12T14:49:10.5874913Z          sep_color_halide.obj : error LNK2019: unresolved external symbol "public: __cdecl Halide::Error::Error(struct Halide::Error &&)" (??0Error@Halide@@QEAA@$$QEAU01@@Z) referenced in function "public: __cdecl Halide::CompileError::CompileError(struct Halide::CompileError &&)" (??0CompileError@Halide@@QEAA@$$QEAU01@@Z) [D:\a\Ae_sep_color\Ae_sep_color\ae_sdk_work\AfterEffectsSDK_25.6_61_win\ae25.6_61.64bit.AfterEffectsSDK\Examples\Template\sep_color\Win\sep_color.vcxproj]
2025-11-12T14:49:10.5877614Z          sep_color_halide.obj : error LNK2019: unresolved external symbol "public: struct Halide::Error & __cdecl Halide::Error::operator=(struct Halide::Error &&)" (??4Error@Halide@@QEAAAEAU01@$$QEAU01@@Z) referenced in function "public: struct Halide::CompileError & __cdecl Halide::CompileError::operator=(struct Halide::CompileError &&)" (??4CompileError@Halide@@QEAAAEAU01@$$QEAU01@@Z) [D:\a\Ae_sep_color\Ae_sep_color\ae_sdk_work\AfterEffectsSDK_25.6_61_win\ae25.6_61.64bit.AfterEffectsSDK\Examples\Template\sep_color\Win\sep_color.vcxproj]
2025-11-12T14:49:10.5880367Z          sep_color_halide.obj : error LNK2019: unresolved external symbol "public: virtual __cdecl Halide::Error::~Error(void)" (??1Error@Halide@@UEAA@XZ) referenced in function "public: virtual __cdecl Halide::CompileError::~CompileError(void)" (??1CompileError@Halide@@UEAA@XZ) [D:\a\Ae_sep_color\Ae_sep_color\ae_sdk_work\AfterEffectsSDK_25.6_61_win\ae25.6_61.64bit.AfterEffectsSDK\Examples\Template\sep_color\Win\sep_color.vcxproj]
2025-11-12T14:49:10.5882815Z          sep_color_halide.obj : error LNK2001: unresolved external symbol "public: virtual char const * __cdecl Halide::Error::what(void)const " (?what@Error@Halide@@UEBAPEBDXZ) [D:\a\Ae_sep_color\Ae_sep_color\ae_sdk_work\AfterEffectsSDK_25.6_61_win\ae25.6_61.64bit.AfterEffectsSDK\Examples\Template\sep_color\Win\sep_color.vcxproj]
2025-11-12T14:49:10.5885523Z          sep_color_halide.obj : error LNK2019: unresolved external symbol "public: __cdecl Halide::CompileError::CompileError(class std::basic_string<char,struct std::char_traits<char>,class std::allocator<char> > const &)" (??0CompileError@Halide@@QEAA@AEBV?$basic_string@DU?$char_traits@D@std@@V?$allocator@D@2@@std@@@Z) referenced in function "public: void __cdecl Halide::Internal::ErrorReport<struct Halide::CompileError>::issue(void)" (?issue@?$ErrorReport@UCompileError@Halide@@@Internal@Halide@@QEAAXXZ) [D:\a\Ae_sep_color\Ae_sep_color\ae_sdk_work\AfterEffectsSDK_25.6_61_win\ae25.6_61.64bit.AfterEffectsSDK\Examples\Template\sep_color\Win\sep_color.vcxproj]
2025-11-12T14:49:10.5888833Z          sep_color_halide.obj : error LNK2019: unresolved external symbol "void __cdecl Halide::Internal::throw_error(struct Halide::CompileError const &)" (?throw_error@Internal@Halide@@YAXAEBUCompileError@2@@Z) referenced in function "public: void __cdecl Halide::Internal::ErrorReport<struct Halide::CompileError>::issue(void)" (?issue@?$ErrorReport@UCompileError@Halide@@@Internal@Halide@@QEAAXXZ) [D:\a\Ae_sep_color\Ae_sep_color\ae_sdk_work\AfterEffectsSDK_25.6_61_win\ae25.6_61.64bit.AfterEffectsSDK\Examples\Template\sep_color\Win\sep_color.vcxproj]
2025-11-12T14:49:10.5892520Z          sep_color_halide.obj : error LNK2019: unresolved external symbol "class std::basic_string<char,struct std::char_traits<char>,class std::allocator<char> > __cdecl Halide::Internal::unique_name(char)" (?unique_name@Internal@Halide@@YA?AV?$basic_string@DU?$char_traits@D@std@@V?$allocator@D@2@@std@@D@Z) referenced in function "public: __cdecl Halide::Buffer<unsigned char,-1>::Buffer<unsigned char,-1><-1>(class Halide::Runtime::Buffer<unsigned char,-1,4> &&,class std::basic_string<char,struct std::char_traits<char>,class std::allocator<char> > const &)" (??$?0$0?0@?$Buffer@E$0?0@Halide@@QEAA@$$QEAV?$Buffer@E$0?0$03@Runtime@1@AEBV?$basic_string@DU?$char_traits@D@std@@V?$allocator@D@2@@std@@@Z) [D:\a\Ae_sep_color\Ae_sep_color\ae_sdk_work\AfterEffectsSDK_25.6_61_win\ae25.6_61.64bit.AfterEffectsSDK\Examples\Template\sep_color\Win\sep_color.vcxproj]
2025-11-12T14:49:10.5897689Z          sep_color_halide.obj : error LNK2019: unresolved external symbol "class std::basic_string<char,struct std::char_traits<char>,class std::allocator<char> > __cdecl Halide::Internal::extract_namespaces(class std::basic_string<char,struct std::char_traits<char>,class std::allocator<char> > const &,class std::vector<class std::basic_string<char,struct std::char_traits<char>,class std::allocator<char> >,class std::allocator<class std::basic_string<char,struct std::char_traits<char>,class std::allocator<char> > > > &)" (?extract_namespaces@Internal@Halide@@YA?AV?$basic_string@DU?$char_traits@D@std@@V?$allocator@D@2@@std@@AEBV34@AEAV?$vector@V?$basic_string@DU?$char_traits@D@std@@V?$allocator@D@2@@std@@V?$allocator@V?$basic_string@DU?$char_traits@D@std@@V?$allocator@D@2@@std@@@2@@4@@Z) referenced in function "public: static struct halide_handle_cplusplus_type __cdecl halide_handle_cplusplus_type::make<unsigned char>(void)" (??$make@E@halide_handle_cplusplus_type@@SA?AU0@XZ) [D:\a\Ae_sep_color\Ae_sep_color\ae_sdk_work\AfterEffectsSDK_25.6_61_win\ae25.6_61.64bit.AfterEffectsSDK\Examples\Template\sep_color\Win\sep_color.vcxproj]
2025-11-12T14:49:10.5904416Z          sep_color_halide.obj : error LNK2019: unresolved external symbol "class std::basic_string<char,struct std::char_traits<char>,class std::allocator<char> > __cdecl Halide::type_to_c_type(struct Halide::Type,bool,bool)" (?type_to_c_type@Halide@@YA?AV?$basic_string@DU?$char_traits@D@std@@V?$allocator@D@2@@std@@UType@1@_N1@Z) referenced in function "private: static void __cdecl Halide::Buffer<void,-1>::assert_can_convert_from<unsigned char,-1>(class Halide::Buffer<unsigned char,-1> const &)" (??$assert_can_convert_from@E$0?0@?$Buffer@X$0?0@Halide@@CAXAEBV?$Buffer@E$0?0@1@@Z) [D:\a\Ae_sep_color\Ae_sep_color\ae_sdk_work\AfterEffectsSDK_25.6_61_win\ae25.6_61.64bit.AfterEffectsSDK\Examples\Template\sep_color\Win\sep_color.vcxproj]
2025-11-12T14:49:10.5910095Z          sep_color_halide.obj : error LNK2019: unresolved external symbol "public: static struct Halide::Internal::IntImm const * __cdecl Halide::Internal::IntImm::make(struct Halide::Type,__int64)" (?make@IntImm@Internal@Halide@@SAPEBU123@UType@3@_J@Z) referenced in function "public: __cdecl Halide::Expr::Expr(int)" (??0Expr@Halide@@QEAA@H@Z) [D:\a\Ae_sep_color\Ae_sep_color\ae_sdk_work\AfterEffectsSDK_25.6_61_win\ae25.6_61.64bit.AfterEffectsSDK\Examples\Template\sep_color\Win\sep_color.vcxproj]
2025-11-12T14:49:10.5914839Z          sep_color_halide.obj : error LNK2019: unresolved external symbol "public: static struct Halide::Internal::FloatImm const * __cdecl Halide::Internal::FloatImm::make(struct Halide::Type,double)" (?make@FloatImm@Internal@Halide@@SAPEBU123@UType@3@N@Z) referenced in function "public: __cdecl Halide::Expr::Expr(float)" (??0Expr@Halide@@QEAA@M@Z) [D:\a\Ae_sep_color\Ae_sep_color\ae_sdk_work\AfterEffectsSDK_25.6_61_win\ae25.6_61.64bit.AfterEffectsSDK\Examples\Template\sep_color\Win\sep_color.vcxproj]
2025-11-12T14:49:10.5921399Z          sep_color_halide.obj : error LNK2019: unresolved external symbol "public: void __cdecl Halide::Target::set_feature(enum Halide::Target::Feature,bool)" (?set_feature@Target@Halide@@QEAAXW4Feature@12@_N@Z) referenced in function SepColorHalide_Render8 [D:\a\Ae_sep_color\Ae_sep_color\ae_sdk_work\AfterEffectsSDK_25.6_61_win\ae25.6_61.64bit.AfterEffectsSDK\Examples\Template\sep_color\Win\sep_color.vcxproj]
2025-11-12T14:49:10.5925339Z          sep_color_halide.obj : error LNK2019: unresolved external symbol "struct Halide::Target __cdecl Halide::get_host_target(void)" (?get_host_target@Halide@@YA?AUTarget@1@XZ) referenced in function SepColorHalide_Render8 [D:\a\Ae_sep_color\Ae_sep_color\ae_sdk_work\AfterEffectsSDK_25.6_61_win\ae25.6_61.64bit.AfterEffectsSDK\Examples\Template\sep_color\Win\sep_color.vcxproj]
2025-11-12T14:49:10.5931253Z          sep_color_halide.obj : error LNK2019: unresolved external symbol "struct Halide::Expr __cdecl Halide::Internal::buffer_accessor(class Halide::Buffer<void,-1> const &,class std::vector<struct Halide::Expr,class std::allocator<struct Halide::Expr> > const &)" (?buffer_accessor@Internal@Halide@@YA?AUExpr@2@AEBV?$Buffer@X$0?0@2@AEBV?$vector@UExpr@Halide@@V?$allocator@UExpr@Halide@@@std@@@std@@@Z) referenced in function "public: struct Halide::Expr const __cdecl Halide::Buffer<unsigned char,-1>::operator()<>(class std::vector<struct Halide::Expr,class std::allocator<struct Halide::Expr> > const &)const " (??$?R$$V@?$Buffer@E$0?0@Halide@@QEBA?BUExpr@1@AEBV?$vector@UExpr@Halide@@V?$allocator@UExpr@Halide@@@std@@@std@@@Z) [D:\a\Ae_sep_color\Ae_sep_color\ae_sdk_work\AfterEffectsSDK_25.6_61_win\ae25.6_61.64bit.AfterEffectsSDK\Examples\Template\sep_color\Win\sep_color.vcxproj]
2025-11-12T14:49:10.5937311Z          sep_color_halide.obj : error LNK2019: unresolved external symbol "struct Halide::Expr __cdecl Halide::cast(struct Halide::Type,struct Halide::Expr)" (?cast@Halide@@YA?AUExpr@1@UType@1@U21@@Z) referenced in function "struct Halide::Expr __cdecl Halide::cast<unsigned char>(struct Halide::Expr)" (??$cast@E@Halide@@YA?AUExpr@0@U10@@Z) [D:\a\Ae_sep_color\Ae_sep_color\ae_sdk_work\AfterEffectsSDK_25.6_61_win\ae25.6_61.64bit.AfterEffectsSDK\Examples\Template\sep_color\Win\sep_color.vcxproj]
2025-11-12T14:49:10.5942592Z          sep_color_halide.obj : error LNK2019: unresolved external symbol "struct Halide::Expr __cdecl Halide::operator+(struct Halide::Expr,struct Halide::Expr)" (??HHalide@@YA?AUExpr@0@U10@0@Z) referenced in function SepColorHalide_Render8 [D:\a\Ae_sep_color\Ae_sep_color\ae_sdk_work\AfterEffectsSDK_25.6_61_win\ae25.6_61.64bit.AfterEffectsSDK\Examples\Template\sep_color\Win\sep_color.vcxproj]
2025-11-12T14:49:10.5946889Z          sep_color_halide.obj : error LNK2019: unresolved external symbol "struct Halide::Expr __cdecl Halide::operator-(struct Halide::Expr,struct Halide::Expr)" (??GHalide@@YA?AUExpr@0@U10@0@Z) referenced in function SepColorHalide_Render8 [D:\a\Ae_sep_color\Ae_sep_color\ae_sdk_work\AfterEffectsSDK_25.6_61_win\ae25.6_61.64bit.AfterEffectsSDK\Examples\Template\sep_color\Win\sep_color.vcxproj]
2025-11-12T14:49:10.5950615Z          sep_color_halide.obj : error LNK2019: unresolved external symbol "struct Halide::Expr __cdecl Halide::operator-(struct Halide::Expr,int)" (??GHalide@@YA?AUExpr@0@U10@H@Z) referenced in function SepColorHalide_Render8 [D:\a\Ae_sep_color\Ae_sep_color\ae_sdk_work\AfterEffectsSDK_25.6_61_win\ae25.6_61.64bit.AfterEffectsSDK\Examples\Template\sep_color\Win\sep_color.vcxproj]
2025-11-12T14:49:10.5954346Z          sep_color_halide.obj : error LNK2019: unresolved external symbol "struct Halide::Expr __cdecl Halide::operator*(struct Halide::Expr,struct Halide::Expr)" (??DHalide@@YA?AUExpr@0@U10@0@Z) referenced in function SepColorHalide_Render8 [D:\a\Ae_sep_color\Ae_sep_color\ae_sdk_work\AfterEffectsSDK_25.6_61_win\ae25.6_61.64bit.AfterEffectsSDK\Examples\Template\sep_color\Win\sep_color.vcxproj]
2025-11-12T14:49:10.5958418Z          sep_color_halide.obj : error LNK2019: unresolved external symbol "struct Halide::Expr __cdecl Halide::operator/(struct Halide::Expr,struct Halide::Expr)" (??KHalide@@YA?AUExpr@0@U10@0@Z) referenced in function "struct Halide::Expr __cdecl Halide::operator/(float,struct Halide::Expr)" (??KHalide@@YA?AUExpr@0@MU10@@Z) [D:\a\Ae_sep_color\Ae_sep_color\ae_sdk_work\AfterEffectsSDK_25.6_61_win\ae25.6_61.64bit.AfterEffectsSDK\Examples\Template\sep_color\Win\sep_color.vcxproj]
2025-11-12T14:49:10.5962847Z          sep_color_halide.obj : error LNK2019: unresolved external symbol "struct Halide::Expr __cdecl Halide::clamp(struct Halide::Expr,struct Halide::Expr const &,struct Halide::Expr const &)" (?clamp@Halide@@YA?AUExpr@1@U21@AEBU21@1@Z) referenced in function SepColorHalide_Render8 [D:\a\Ae_sep_color\Ae_sep_color\ae_sdk_work\AfterEffectsSDK_25.6_61_win\ae25.6_61.64bit.AfterEffectsSDK\Examples\Template\sep_color\Win\sep_color.vcxproj]
2025-11-12T14:49:10.5967449Z          sep_color_halide.obj : error LNK2019: unresolved external symbol "struct Halide::Expr __cdecl Halide::hypot(struct Halide::Expr const &,struct Halide::Expr const &)" (?hypot@Halide@@YA?AUExpr@1@AEBU21@0@Z) referenced in function SepColorHalide_Render8 [D:\a\Ae_sep_color\Ae_sep_color\ae_sdk_work\AfterEffectsSDK_25.6_61_win\ae25.6_61.64bit.AfterEffectsSDK\Examples\Template\sep_color\Win\sep_color.vcxproj]
2025-11-12T14:49:10.5986675Z          sep_color_halide.obj : error LNK2019: unresolved external symbol "public: __cdecl Halide::Var::Var(class std::basic_string<char,struct std::char_traits<char>,class std::allocator<char> > const &)" (??0Var@Halide@@QEAA@AEBV?$basic_string@DU?$char_traits@D@std@@V?$allocator@D@2@@std@@@Z) referenced in function SepColorHalide_Render8 [D:\a\Ae_sep_color\Ae_sep_color\ae_sdk_work\AfterEffectsSDK_25.6_61_win\ae25.6_61.64bit.AfterEffectsSDK\Examples\Template\sep_color\Win\sep_color.vcxproj]
2025-11-12T14:49:10.5990879Z          sep_color_halide.obj : error LNK2019: unresolved external symbol "public: class Halide::Stage __cdecl Halide::FuncRef::operator=(struct Halide::Expr const &)" (??4FuncRef@Halide@@QEAA?AVStage@1@AEBUExpr@1@@Z) referenced in function SepColorHalide_Render8 [D:\a\Ae_sep_color\Ae_sep_color\ae_sdk_work\AfterEffectsSDK_25.6_61_win\ae25.6_61.64bit.AfterEffectsSDK\Examples\Template\sep_color\Win\sep_color.vcxproj]
2025-11-12T14:49:10.5994939Z          sep_color_halide.obj : error LNK2019: unresolved external symbol "public: __cdecl Halide::FuncRef::operator struct Halide::Expr(void)const " (??BFuncRef@Halide@@QEBA?AUExpr@1@XZ) referenced in function SepColorHalide_Render8 [D:\a\Ae_sep_color\Ae_sep_color\ae_sdk_work\AfterEffectsSDK_25.6_61_win\ae25.6_61.64bit.AfterEffectsSDK\Examples\Template\sep_color\Win\sep_color.vcxproj]
2025-11-12T14:49:10.5999064Z          sep_color_halide.obj : error LNK2019: unresolved external symbol "public: __cdecl Halide::Func::Func(class std::basic_string<char,struct std::char_traits<char>,class std::allocator<char> > const &)" (??0Func@Halide@@QEAA@AEBV?$basic_string@DU?$char_traits@D@std@@V?$allocator@D@2@@std@@@Z) referenced in function SepColorHalide_Render8 [D:\a\Ae_sep_color\Ae_sep_color\ae_sdk_work\AfterEffectsSDK_25.6_61_win\ae25.6_61.64bit.AfterEffectsSDK\Examples\Template\sep_color\Win\sep_color.vcxproj]
2025-11-12T14:49:10.6003942Z          sep_color_halide.obj : error LNK2019: unresolved external symbol "public: void __cdecl Halide::Func::realize(struct Halide::Pipeline::RealizationArg,struct Halide::Target const &)" (?realize@Func@Halide@@QEAAXURealizationArg@Pipeline@2@AEBUTarget@2@@Z) referenced in function SepColorHalide_Render8 [D:\a\Ae_sep_color\Ae_sep_color\ae_sdk_work\AfterEffectsSDK_25.6_61_win\ae25.6_61.64bit.AfterEffectsSDK\Examples\Template\sep_color\Win\sep_color.vcxproj]
2025-11-12T14:49:10.6008163Z          sep_color_halide.obj : error LNK2019: unresolved external symbol "public: void __cdecl Halide::Func::compile_jit(struct Halide::Target const &)" (?compile_jit@Func@Halide@@QEAAXAEBUTarget@2@@Z) referenced in function SepColorHalide_Render8 [D:\a\Ae_sep_color\Ae_sep_color\ae_sdk_work\AfterEffectsSDK_25.6_61_win\ae25.6_61.64bit.AfterEffectsSDK\Examples\Template\sep_color\Win\sep_color.vcxproj]
2025-11-12T14:49:10.6013363Z          sep_color_halide.obj : error LNK2019: unresolved external symbol "public: class Halide::FuncRef __cdecl Halide::Func::operator()(class std::vector<class Halide::Var,class std::allocator<class Halide::Var> >)const " (??RFunc@Halide@@QEBA?AVFuncRef@1@V?$vector@VVar@Halide@@V?$allocator@VVar@Halide@@@std@@@std@@@Z) referenced in function "public: class Halide::FuncRef __cdecl Halide::Func::operator()<class Halide::Var &,class Halide::Var &>(class Halide::Var &,class Halide::Var &)const " (??$?RAEAVVar@Halide@@AEAV01@@Func@Halide@@QEBA?AVFuncRef@1@AEAVVar@1@0@Z) [D:\a\Ae_sep_color\Ae_sep_color\ae_sdk_work\AfterEffectsSDK_25.6_61_win\ae25.6_61.64bit.AfterEffectsSDK\Examples\Template\sep_color\Win\sep_color.vcxproj]
2025-11-12T14:49:10.6020154Z          sep_color_halide.obj : error LNK2019: unresolved external symbol "public: class Halide::FuncRef __cdecl Halide::Func::operator()(class std::vector<struct Halide::Expr,class std::allocator<struct Halide::Expr> >)const " (??RFunc@Halide@@QEBA?AVFuncRef@1@V?$vector@UExpr@Halide@@V?$allocator@UExpr@Halide@@@std@@@std@@@Z) referenced in function "public: class Halide::FuncRef __cdecl Halide::Func::operator()<class Halide::Var &,int>(struct Halide::Expr const &,class Halide::Var &,int &&)const " (??$?RAEAVVar@Halide@@H@Func@Halide@@QEBA?AVFuncRef@1@AEBUExpr@1@AEAVVar@1@$$QEAH@Z) [D:\a\Ae_sep_color\Ae_sep_color\ae_sdk_work\AfterEffectsSDK_25.6_61_win\ae25.6_61.64bit.AfterEffectsSDK\Examples\Template\sep_color\Win\sep_color.vcxproj]
2025-11-12T14:49:10.6025934Z          sep_color_halide.obj : error LNK2019: unresolved external symbol "public: class Halide::Func & __cdecl Halide::Func::bound(class Halide::Var const &,struct Halide::Expr,struct Halide::Expr)" (?bound@Func@Halide@@QEAAAEAV12@AEBVVar@2@UExpr@2@1@Z) referenced in function SepColorHalide_Render8 [D:\a\Ae_sep_color\Ae_sep_color\ae_sdk_work\AfterEffectsSDK_25.6_61_win\ae25.6_61.64bit.AfterEffectsSDK\Examples\Template\sep_color\Win\sep_color.vcxproj]
2025-11-12T14:49:10.6031843Z          sep_color_halide.obj : error LNK2019: unresolved external symbol "public: class Halide::Func & __cdecl Halide::Func::reorder(class std::vector<struct Halide::VarOrRVar,class std::allocator<struct Halide::VarOrRVar> > const &)" (?reorder@Func@Halide@@QEAAAEAV12@AEBV?$vector@UVarOrRVar@Halide@@V?$allocator@UVarOrRVar@Halide@@@std@@@std@@@Z) referenced in function "public: class Halide::Func & __cdecl Halide::Func::reorder<class Halide::Var &>(struct Halide::VarOrRVar const &,struct Halide::VarOrRVar const &,class Halide::Var &)" (??$reorder@AEAVVar@Halide@@@Func@Halide@@QEAAAEAV01@AEBUVarOrRVar@1@0AEAVVar@1@@Z) [D:\a\Ae_sep_color\Ae_sep_color\ae_sdk_work\AfterEffectsSDK_25.6_61_win\ae25.6_61.64bit.AfterEffectsSDK\Examples\Template\sep_color\Win\sep_color.vcxproj]
2025-11-12T14:49:10.6037644Z          sep_color_halide.obj : error LNK2019: unresolved external symbol "public: class Halide::Func & __cdecl Halide::Func::gpu_threads(struct Halide::VarOrRVar const &,enum Halide::DeviceAPI)" (?gpu_threads@Func@Halide@@QEAAAEAV12@AEBUVarOrRVar@2@W4DeviceAPI@2@@Z) referenced in function SepColorHalide_Render8 [D:\a\Ae_sep_color\Ae_sep_color\ae_sdk_work\AfterEffectsSDK_25.6_61_win\ae25.6_61.64bit.AfterEffectsSDK\Examples\Template\sep_color\Win\sep_color.vcxproj]
2025-11-12T14:49:10.6043338Z          sep_color_halide.obj : error LNK2019: unresolved external symbol "public: class Halide::Func & __cdecl Halide::Func::gpu_tile(struct Halide::VarOrRVar const &,struct Halide::VarOrRVar const &,struct Halide::VarOrRVar const &,struct Halide::VarOrRVar const &,struct Halide::Expr const &,struct Halide::Expr const &,enum Halide::TailStrategy,enum Halide::DeviceAPI)" (?gpu_tile@Func@Halide@@QEAAAEAV12@AEBUVarOrRVar@2@000AEBUExpr@2@1W4TailStrategy@2@W4DeviceAPI@2@@Z) referenced in function SepColorHalide_Render8 [D:\a\Ae_sep_color\Ae_sep_color\ae_sdk_work\AfterEffectsSDK_25.6_61_win\ae25.6_61.64bit.AfterEffectsSDK\Examples\Template\sep_color\Win\sep_color.vcxproj]
2025-11-12T14:49:10.6047507Z          sep_color_halide.obj : error LNK2019: unresolved external symbol "public: class Halide::Func & __cdecl Halide::Func::compute_at(class Halide::Func const &,class Halide::Var const &)" (?compute_at@Func@Halide@@QEAAAEAV12@AEBV12@AEBVVar@2@@Z) referenced in function SepColorHalide_Render8 [D:\a\Ae_sep_color\Ae_sep_color\ae_sdk_work\AfterEffectsSDK_25.6_61_win\ae25.6_61.64bit.AfterEffectsSDK\Examples\Template\sep_color\Win\sep_color.vcxproj]
2025-11-12T14:49:10.6051227Z          sep_color_halide.obj : error LNK2019: unresolved external symbol "class Halide::Internal::RefCount & __cdecl Halide::Internal::ref_count<struct Halide::PipelineContents>(struct Halide::PipelineContents const *)" (??$ref_count@UPipelineContents@Halide@@@Internal@Halide@@YAAEAVRefCount@01@PEBUPipelineContents@1@@Z) referenced in function "private: void __cdecl Halide::Internal::IntrusivePtr<struct Halide::PipelineContents>::decref(struct Halide::PipelineContents *)" (?decref@?$IntrusivePtr@UPipelineContents@Halide@@@Internal@Halide@@AEAAXPEAUPipelineContents@3@@Z) [D:\a\Ae_sep_color\Ae_sep_color\ae_sdk_work\AfterEffectsSDK_25.6_61_win\ae25.6_61.64bit.AfterEffectsSDK\Examples\Template\sep_color\Win\sep_color.vcxproj]
2025-11-12T14:49:10.6055513Z          sep_color_halide.obj : error LNK2019: unresolved external symbol "void __cdecl Halide::Internal::destroy<struct Halide::PipelineContents>(struct Halide::PipelineContents const *)" (??$destroy@UPipelineContents@Halide@@@Internal@Halide@@YAXPEBUPipelineContents@1@@Z) referenced in function "private: void __cdecl Halide::Internal::IntrusivePtr<struct Halide::PipelineContents>::decref(struct Halide::PipelineContents *)" (?decref@?$IntrusivePtr@UPipelineContents@Halide@@@Internal@Halide@@AEAAXPEAUPipelineContents@3@@Z) [D:\a\Ae_sep_color\Ae_sep_color\ae_sdk_work\AfterEffectsSDK_25.6_61_win\ae25.6_61.64bit.AfterEffectsSDK\Examples\Template\sep_color\Win\sep_color.vcxproj]
2025-11-12T14:49:10.6060135Z          sep_color_halide.obj : error LNK2019: unresolved external symbol "class Halide::Internal::RefCount & __cdecl Halide::Internal::ref_count<struct Halide::Internal::ReductionDomainContents>(struct Halide::Internal::ReductionDomainContents const *)" (??$ref_count@UReductionDomainContents@Internal@Halide@@@Internal@Halide@@YAAEAVRefCount@01@PEBUReductionDomainContents@01@@Z) referenced in function "private: void __cdecl Halide::Internal::IntrusivePtr<struct Halide::Internal::ReductionDomainContents>::decref(struct Halide::Internal::ReductionDomainContents *)" (?decref@?$IntrusivePtr@UReductionDomainContents@Internal@Halide@@@Internal@Halide@@AEAAXPEAUReductionDomainContents@23@@Z) [D:\a\Ae_sep_color\Ae_sep_color\ae_sdk_work\AfterEffectsSDK_25.6_61_win\ae25.6_61.64bit.AfterEffectsSDK\Examples\Template\sep_color\Win\sep_color.vcxproj]
2025-11-12T14:49:10.6065402Z          sep_color_halide.obj : error LNK2019: unresolved external symbol "void __cdecl Halide::Internal::destroy<struct Halide::Internal::ReductionDomainContents>(struct Halide::Internal::ReductionDomainContents const *)" (??$destroy@UReductionDomainContents@Internal@Halide@@@Internal@Halide@@YAXPEBUReductionDomainContents@01@@Z) referenced in function "private: void __cdecl Halide::Internal::IntrusivePtr<struct Halide::Internal::ReductionDomainContents>::decref(struct Halide::Internal::ReductionDomainContents *)" (?decref@?$IntrusivePtr@UReductionDomainContents@Internal@Halide@@@Internal@Halide@@AEAAXPEAUReductionDomainContents@23@@Z) [D:\a\Ae_sep_color\Ae_sep_color\ae_sdk_work\AfterEffectsSDK_25.6_61_win\ae25.6_61.64bit.AfterEffectsSDK\Examples\Template\sep_color\Win\sep_color.vcxproj]
2025-11-12T14:49:10.6070097Z          sep_color_halide.obj : error LNK2019: unresolved external symbol "class Halide::Internal::RefCount & __cdecl Halide::Internal::ref_count<struct Halide::Internal::DefinitionContents>(struct Halide::Internal::DefinitionContents const *)" (??$ref_count@UDefinitionContents@Internal@Halide@@@Internal@Halide@@YAAEAVRefCount@01@PEBUDefinitionContents@01@@Z) referenced in function "private: void __cdecl Halide::Internal::IntrusivePtr<struct Halide::Internal::DefinitionContents>::decref(struct Halide::Internal::DefinitionContents *)" (?decref@?$IntrusivePtr@UDefinitionContents@Internal@Halide@@@Internal@Halide@@AEAAXPEAUDefinitionContents@23@@Z) [D:\a\Ae_sep_color\Ae_sep_color\ae_sdk_work\AfterEffectsSDK_25.6_61_win\ae25.6_61.64bit.AfterEffectsSDK\Examples\Template\sep_color\Win\sep_color.vcxproj]
2025-11-12T14:49:10.6074614Z          sep_color_halide.obj : error LNK2019: unresolved external symbol "void __cdecl Halide::Internal::destroy<struct Halide::Internal::DefinitionContents>(struct Halide::Internal::DefinitionContents const *)" (??$destroy@UDefinitionContents@Internal@Halide@@@Internal@Halide@@YAXPEBUDefinitionContents@01@@Z) referenced in function "private: void __cdecl Halide::Internal::IntrusivePtr<struct Halide::Internal::DefinitionContents>::decref(struct Halide::Internal::DefinitionContents *)" (?decref@?$IntrusivePtr@UDefinitionContents@Internal@Halide@@@Internal@Halide@@AEAAXPEAUDefinitionContents@23@@Z) [D:\a\Ae_sep_color\Ae_sep_color\ae_sdk_work\AfterEffectsSDK_25.6_61_win\ae25.6_61.64bit.AfterEffectsSDK\Examples\Template\sep_color\Win\sep_color.vcxproj]
2025-11-12T14:49:10.6079795Z          sep_color_halide.obj : error LNK2019: unresolved external symbol "class Halide::Internal::RefCount & __cdecl Halide::Internal::ref_count<struct Halide::Internal::FunctionGroup>(struct Halide::Internal::FunctionGroup const *)" (??$ref_count@UFunctionGroup@Internal@Halide@@@Internal@Halide@@YAAEAVRefCount@01@PEBUFunctionGroup@01@@Z) referenced in function "private: void __cdecl Halide::Internal::IntrusivePtr<struct Halide::Internal::FunctionGroup>::decref(struct Halide::Internal::FunctionGroup *)" (?decref@?$IntrusivePtr@UFunctionGroup@Internal@Halide@@@Internal@Halide@@AEAAXPEAUFunctionGroup@23@@Z) [D:\a\Ae_sep_color\Ae_sep_color\ae_sdk_work\AfterEffectsSDK_25.6_61_win\ae25.6_61.64bit.AfterEffectsSDK\Examples\Template\sep_color\Win\sep_color.vcxproj]
2025-11-12T14:49:10.6087065Z          sep_color_halide.obj : error LNK2019: unresolved external symbol "void __cdecl Halide::Internal::destroy<struct Halide::Internal::FunctionGroup>(struct Halide::Internal::FunctionGroup const *)" (??$destroy@UFunctionGroup@Internal@Halide@@@Internal@Halide@@YAXPEBUFunctionGroup@01@@Z) referenced in function "private: void __cdecl Halide::Internal::IntrusivePtr<struct Halide::Internal::FunctionGroup>::decref(struct Halide::Internal::FunctionGroup *)" (?decref@?$IntrusivePtr@UFunctionGroup@Internal@Halide@@@Internal@Halide@@AEAAXPEAUFunctionGroup@23@@Z) [D:\a\Ae_sep_color\Ae_sep_color\ae_sdk_work\AfterEffectsSDK_25.6_61_win\ae25.6_61.64bit.AfterEffectsSDK\Examples\Template\sep_color\Win\sep_color.vcxproj]
2025-11-12T14:49:10.6092589Z          sep_color_halide.obj : error LNK2019: unresolved external symbol "class Halide::Internal::RefCount & __cdecl Halide::Internal::ref_count<struct Halide::Internal::BufferContents>(struct Halide::Internal::BufferContents const *)" (??$ref_count@UBufferContents@Internal@Halide@@@Internal@Halide@@YAAEAVRefCount@01@PEBUBufferContents@01@@Z) referenced in function "private: void __cdecl Halide::Internal::IntrusivePtr<struct Halide::Internal::BufferContents>::decref(struct Halide::Internal::BufferContents *)" (?decref@?$IntrusivePtr@UBufferContents@Internal@Halide@@@Internal@Halide@@AEAAXPEAUBufferContents@23@@Z) [D:\a\Ae_sep_color\Ae_sep_color\ae_sdk_work\AfterEffectsSDK_25.6_61_win\ae25.6_61.64bit.AfterEffectsSDK\Examples\Template\sep_color\Win\sep_color.vcxproj]
2025-11-12T14:49:10.6097292Z          sep_color_halide.obj : error LNK2019: unresolved external symbol "void __cdecl Halide::Internal::destroy<struct Halide::Internal::BufferContents>(struct Halide::Internal::BufferContents const *)" (??$destroy@UBufferContents@Internal@Halide@@@Internal@Halide@@YAXPEBUBufferContents@01@@Z) referenced in function "private: void __cdecl Halide::Internal::IntrusivePtr<struct Halide::Internal::BufferContents>::decref(struct Halide::Internal::BufferContents *)" (?decref@?$IntrusivePtr@UBufferContents@Internal@Halide@@@Internal@Halide@@AEAAXPEAUBufferContents@23@@Z) [D:\a\Ae_sep_color\Ae_sep_color\ae_sdk_work\AfterEffectsSDK_25.6_61_win\ae25.6_61.64bit.AfterEffectsSDK\Examples\Template\sep_color\Win\sep_color.vcxproj]
2025-11-12T14:49:10.6099969Z          ..\output\sep_color.aex : fatal error LNK1120: 48 unresolved externals [D:\a\Ae_sep_color\Ae_sep_color\ae_sdk_work\AfterEffectsSDK_25.6_61_win\ae25.6_61.64bit.AfterEffectsSDK\Examples\Template\sep_color\Win\sep_color.vcxproj]
2025-11-12T14:49:10.6101025Z 
2025-11-12T14:49:10.6101091Z     2 Warning(s)
2025-11-12T14:49:10.6101255Z     49 Error(s)
2025-11-12T14:49:10.6101347Z 
2025-11-12T14:49:10.6101421Z Time Elapsed 00:00:05.68
2025-11-12T14:49:10.6101553Z 
2025-11-12T14:49:10.6101630Z Error: Build failed (exit code: 1)
2025-11-12T14:49:10.6102053Z 
2025-11-12T14:49:10.6106933Z Checking SDK structure:
2025-11-12T14:49:10.6113904Z   SDK Root: D:\a\Ae_sep_color\Ae_sep_color\ae_sdk_work\AfterEffectsSDK_25.6_61_win\ae25.6_61.64bit.AfterEffectsSDK\Examples
2025-11-12T14:49:10.6145909Z   Headers: True
2025-11-12T14:49:10.6158292Z   Util: True
2025-11-12T14:49:10.6167911Z   PiPLTool: True
2025-11-12T14:49:10.6718061Z ##[error]Process completed with exit code 1.
2025-11-12T14:49:10.6907724Z Post job cleanup.
2025-11-12T14:49:10.9461417Z [command]"C:\Program Files\Git\bin\git.exe" version
2025-11-12T14:49:10.9739660Z git version 2.51.2.windows.1
2025-11-12T14:49:10.9814251Z Temporarily overriding HOME='D:\a\_temp\45958858-ae3a-499e-ac44-b7461f85208d' before making global git config changes
2025-11-12T14:49:10.9815574Z Adding repository directory to the temporary git global config as a safe directory
2025-11-12T14:49:10.9827930Z [command]"C:\Program Files\Git\bin\git.exe" config --global --add safe.directory D:\a\Ae_sep_color\Ae_sep_color
2025-11-12T14:49:11.0148108Z [command]"C:\Program Files\Git\bin\git.exe" config --local --name-only --get-regexp core\.sshCommand
2025-11-12T14:49:11.0469313Z [command]"C:\Program Files\Git\bin\git.exe" submodule foreach --recursive "sh -c \"git config --local --name-only --get-regexp 'core\.sshCommand' && git config --local --unset-all 'core.sshCommand' || :\""
2025-11-12T14:49:11.6011322Z [command]"C:\Program Files\Git\bin\git.exe" config --local --name-only --get-regexp http\.https\:\/\/github\.com\/\.extraheader
2025-11-12T14:49:11.6268655Z http.https://github.com/.extraheader
2025-11-12T14:49:11.6311205Z [command]"C:\Program Files\Git\bin\git.exe" config --local --unset-all http.https://github.com/.extraheader
2025-11-12T14:49:11.6612389Z [command]"C:\Program Files\Git\bin\git.exe" submodule foreach --recursive "sh -c \"git config --local --name-only --get-regexp 'http\.https\:\/\/github\.com\/\.extraheader' && git config --local --unset-all 'http.https://github.com/.extraheader' || :\""
2025-11-12T14:49:12.2048080Z Cleaning up orphan processes
2025-11-12T14:49:12.2246674Z Terminate orphan process: pid (9636) (vctip)
2025-11-12T14:49:12.2377385Z Terminate orphan process: pid (6264) (mspdbsrv)
